<?xml version="1.0" encoding="UTF-8" ?>
<testsuite errors="0" failures="0" hostname="EVS-MDS-Laptop" name="org.modeldriven.fuml.test.builtin.SimpleActivitiesTestCase" tests="1" time="0.782" timestamp="2012-01-16T00:21:29">
  <properties>
    <property name="java.vendor" value="Sun Microsystems Inc." />
    <property name="lib.dir" value="./lib" />
    <property name="md.lib.dir" value="./lib/magicdraw" />
    <property name="env.VS90COMNTOOLS" value="C:\Program Files\Microsoft Visual Studio 9.0\Common7\Tools\" />
    <property name="sun.java.launcher" value="SUN_STANDARD" />
    <property name="eclipse.pdebuild.templates" value="/C:/ModelPro/eclipse/plugins/org.eclipse.pde.build_3.4.1.R34x_v20081217/templates/" />
    <property name="env.TVT" value="C:\Program Files\Lenovo" />
    <property name="sun.management.compiler" value="HotSpot Client Compiler" />
    <property name="env.SHADOW_COMDIR" value="C:\Documents and Settings\Ed Seidewitz\ItsShadow\ComDir" />
    <property name="env.PROMPT" value="$P$G" />
    <property name="os.name" value="Windows XP" />
    <property name="env.FP_NO_HOST_CHECK" value="NO" />
    <property name="sun.boot.class.path" value="C:\ModelPro\eclipse\jre\lib\resources.jar;C:\ModelPro\eclipse\jre\lib\rt.jar;C:\ModelPro\eclipse\jre\lib\sunrsasign.jar;C:\ModelPro\eclipse\jre\lib\jsse.jar;C:\ModelPro\eclipse\jre\lib\jce.jar;C:\ModelPro\eclipse\jre\lib\charsets.jar;C:\ModelPro\eclipse\jre\classes" />
    <property name="release.suffix" value="1.0.0" />
    <property name="env.COMPUTERNAME" value="EVS-MDS-LAPTOP" />
    <property name="schema.config.dir" value="./src/xsd/config" />
    <property name="env.ALLUSERSPROFILE" value="C:\Documents and Settings\All Users" />
    <property name="sun.desktop" value="windows" />
    <property name="env.WS" value="C:\work\WS" />
    <property name="java.vm.specification.vendor" value="Sun Microsystems Inc." />
    <property name="ant.home" value="C:\ModelPro\eclipse\plugins\org.apache.ant_1.7.0.v200803061910" />
    <property name="java.runtime.version" value="1.6.0_07-b06" />
    <property name="unzip.dir" value="./target/fuml/temp" />
    <property name="src.java.dir" value="./src/java" />
    <property name="env.HOMEPATH" value="\Documents and Settings\Ed Seidewitz" />
    <property name="test.java.dir" value="./test" />
    <property name="env.TPCCommon" value="C:\PROGRA~1\THINKV~1\PrdCtr" />
    <property name="user.name" value="Ed Seidewitz" />
    <property name="env.SWSHARE" value="C:\SWSHARE" />
    <property name="xmi.dir" value="./src/xmi" />
    <property name="env.QTJAVA" value="C:\Program Files\Java\jre6\lib\ext\QTJava.zip" />
    <property name="build.dir" value="./target/fuml" />
    <property name="uml.dir" value="./src/uml" />
    <property name="user.language" value="en" />
    <property name="sun.boot.library.path" value="C:\ModelPro\eclipse\jre\bin" />
    <property name="doc.dir" value="./doc" />
    <property name="ant.project.name" value="fuml" />
    <property name="java.version" value="1.6.0_07" />
    <property name="env.PROCESSOR_IDENTIFIER" value="x86 Family 6 Model 15 Stepping 11, GenuineIntel" />
    <property name="user.timezone" value="" />
    <property name="schema.catalog.dir" value="./src/xsd/catalog" />
    <property name="env.asl.log" value="Destination=file;OnFirstLog=command,environment" />
    <property name="env.TEMP" value="C:\DOCUME~1\EDSEID~1\LOCALS~1\Temp" />
    <property name="sun.arch.data.model" value="32" />
    <property name="schema.model.dir" value="./src/xsd/model" />
    <property name="java.endorsed.dirs" value="C:\ModelPro\eclipse\jre\lib\endorsed" />
    <property name="sun.cpu.isalist" value="pentium_pro+mmx pentium_pro pentium+mmx pentium i486 i386 i86" />
    <property name="template.dir" value="./src/xsl" />
    <property name="env.HOMEDRIVE" value="C:" />
    <property name="sun.jnu.encoding" value="Cp1252" />
    <property name="file.encoding.pkg" value="sun.io" />
    <property name="env.TVTPYDIR" value="C:\Program Files\Common Files\Lenovo\Python24" />
    <property name="file.separator" value="\" />
    <property name="java.specification.name" value="Java Platform API Specification" />
    <property name="classes.dir" value="./target/fuml/classes" />
    <property name="java.class.version" value="50.0" />
    <property name="test.output.dir" value="./target/fuml/testoutput" />
    <property name="user.country" value="US" />
    <property name="java.home" value="C:\ModelPro\eclipse\jre" />
    <property name="dist.dir" value="./target/fuml/dist" />
    <property name="env.APPDATA" value="C:\Documents and Settings\Ed Seidewitz\Application Data" />
    <property name="java.vm.info" value="mixed mode" />
    <property name="env.ComSpec" value="C:\WINDOWS\system32\cmd.exe" />
    <property name="env.XML_CATALOG_FILES" value="C:/Program%20Files/Artisan%20Software%20Tools/Artisan%20Real-time%20Studio/System/Publisher/XMLCatalog/docgen.xml" />
    <property name="env.OS" value="Windows_NT" />
    <property name="env.CommonProgramFiles" value="C:\Program Files\Common Files" />
    <property name="ant.file" value="C:\ModelPro\workspace\fUML-Reference-Implementation\build.xml" />
    <property name="os.version" value="5.1" />
    <property name="path.separator" value=";" />
    <property name="java.vm.version" value="10.0-b23" />
    <property name="user.variant" value="" />
    <property name="env.APR_ICONV1_PATH" value="C:\Program Files\CollabNet\Subversion Server\httpd\bin\iconv" />
    <property name="env.TVTCOMMON" value="C:\Program Files\Common Files\Lenovo" />
    <property name="env.USERPROFILE" value="C:\Documents and Settings\Ed Seidewitz" />
    <property name="ant.library.dir" value="C:\ModelPro\eclipse\plugins\org.apache.ant_1.7.0.v200803061910\lib" />
    <property name="uml.library.dir" value="./src/uml/library" />
    <property name="env.JAVA_HOME" value="C:\Program Files\Java\jdk1.6.0_10" />
    <property name="java.awt.printerjob" value="sun.awt.windows.WPrinterJob" />
    <property name="env.TMP" value="C:\DOCUME~1\EDSEID~1\LOCALS~1\Temp" />
    <property name="sun.io.unicode.encoding" value="UnicodeLittle" />
    <property name="test.xmi.dir" value="./test/xmi" />
    <property name="awt.toolkit" value="sun.awt.windows.WToolkit" />
    <property name="eclipse.pdebuild.scripts" value="/C:/ModelPro/eclipse/plugins/org.eclipse.pde.build_3.4.1.R34x_v20081217/scripts/" />
    <property name="xml.model.dir" value="./src/xml/model" />
    <property name="user.home" value="C:\Documents and Settings\Ed Seidewitz" />
    <property name="env.SESSIONNAME" value="Console" />
    <property name="env.CLASSPATH" value=".;C:\Program Files\Java\jre6\lib\ext\QTJava.zip" />
    <property name="java.specification.vendor" value="Sun Microsystems Inc." />
    <property name="test" value="org.modeldriven.fuml.test.builtin.SimpleActivitiesTestCase" />
    <property name="test.dir" value="./test" />
    <property name="xml.dir" value="./src/xml" />
    <property name="java.vendor.url" value="http://java.sun.com/" />
    <property name="java.library.path" value="C:\ModelPro\eclipse;.;C:\WINDOWS\Sun\Java\bin;C:\WINDOWS\system32;C:\WINDOWS;C:/ModelPro/eclipse/jre/bin/client;C:/ModelPro/eclipse/jre/bin;C:\Program Files\CollabNet\Subversion Server;C:\Program Files\CollabNet\Subversion Client;C:\WINDOWS\system32;C:\WINDOWS;C:\WINDOWS\System32\Wbem;C:\Program Files\Intel\Wireless\Bin\;C:\Program Files\Diskeeper Corporation\Diskeeper\;C:\Program Files\ThinkPad\ConnectUtilities;C:\Program Files\Common Files\Lenovo;C:\Program Files\Lenovo\Client Security Solution;C:\Program Files\TortoiseSVN\bin;C:\Program Files\javacc-5.0\bin;C:\Program Files\Java\jdk1.6.0_10\bin;C:\Program Files\Apache\apache-ant-1.7.1\bin;C:\Artisan\Enabler\Server\Bin;C:\Program Files\Artisan Software Tools\Artisan Real-time Studio\ItsShadow\Exe;C:\Program Files\Java\jdk1.6.0_10\bin;C:\Program Files\QuickTime\QTSystem\;C:\Program Files\Astaro\Astaro SSL VPN Client\bin;C:\ModelPro\eclipse\configuration\org.eclipse.osgi\bundles\99\1\.cp" />
    <property name="env.NUMBER_OF_PROCESSORS" value="2" />
    <property name="env.SMA" value="C:\Program Files\ThinkVantage\SMA\" />
    <property name="bin.dir" value="./bin" />
    <property name="java.vm.vendor" value="Sun Microsystems Inc." />
    <property name="java.runtime.name" value="Java(TM) SE Runtime Environment" />
    <property name="ant.version" value="Apache Ant version 1.7.0 compiled on December 13 2006" />
    <property name="java.class.path" value="C:\ModelPro\eclipse\plugins\org.apache.ant_1.7.0.v200803061910\lib\ant.jar;C:\ModelPro\eclipse\plugins\org.apache.ant_1.7.0.v200803061910\lib\ant-antlr.jar;C:\ModelPro\eclipse\plugins\org.apache.ant_1.7.0.v200803061910\lib\ant-apache-bcel.jar;C:\ModelPro\eclipse\plugins\org.apache.ant_1.7.0.v200803061910\lib\ant-apache-bsf.jar;C:\ModelPro\eclipse\plugins\org.apache.ant_1.7.0.v200803061910\lib\ant-apache-log4j.jar;C:\ModelPro\eclipse\plugins\org.apache.ant_1.7.0.v200803061910\lib\ant-apache-oro.jar;C:\ModelPro\eclipse\plugins\org.apache.ant_1.7.0.v200803061910\lib\ant-apache-regexp.jar;C:\ModelPro\eclipse\plugins\org.apache.ant_1.7.0.v200803061910\lib\ant-apache-resolver.jar;C:\ModelPro\eclipse\plugins\org.apache.ant_1.7.0.v200803061910\lib\ant-commons-logging.jar;C:\ModelPro\eclipse\plugins\org.apache.ant_1.7.0.v200803061910\lib\ant-commons-net.jar;C:\ModelPro\eclipse\plugins\org.apache.ant_1.7.0.v200803061910\lib\ant-jai.jar;C:\ModelPro\eclipse\plugins\org.apache.ant_1.7.0.v200803061910\lib\ant-javamail.jar;C:\ModelPro\eclipse\plugins\org.apache.ant_1.7.0.v200803061910\lib\ant-jdepend.jar;C:\ModelPro\eclipse\plugins\org.apache.ant_1.7.0.v200803061910\lib\ant-jmf.jar;C:\ModelPro\eclipse\plugins\org.apache.ant_1.7.0.v200803061910\lib\ant-jsch.jar;C:\ModelPro\eclipse\plugins\org.apache.ant_1.7.0.v200803061910\lib\ant-junit.jar;C:\ModelPro\eclipse\plugins\org.apache.ant_1.7.0.v200803061910\lib\ant-launcher.jar;C:\ModelPro\eclipse\plugins\org.apache.ant_1.7.0.v200803061910\lib\ant-netrexx.jar;C:\ModelPro\eclipse\plugins\org.apache.ant_1.7.0.v200803061910\lib\ant-nodeps.jar;C:\ModelPro\eclipse\plugins\org.apache.ant_1.7.0.v200803061910\lib\ant-starteam.jar;C:\ModelPro\eclipse\plugins\org.apache.ant_1.7.0.v200803061910\lib\ant-stylebook.jar;C:\ModelPro\eclipse\plugins\org.apache.ant_1.7.0.v200803061910\lib\ant-swing.jar;C:\ModelPro\eclipse\plugins\org.apache.ant_1.7.0.v200803061910\lib\ant-trax.jar;C:\ModelPro\eclipse\plugins\org.apache.ant_1.7.0.v200803061910\lib\ant-weblogic.jar;C:\ModelPro\eclipse\configuration\org.eclipse.osgi\bundles\187\1\.cp\lib\remoteAnt.jar;C:\Program Files\Java\jdk1.6.0_10\lib\tools.jar;C:\ModelPro\eclipse\plugins\org.eclipse.swt.win32.win32.x86_3.4.1.v3452b.jar" />
    <property name="env.JBOSS_HOME" value="C:\Program Files\NexJ\jboss-5.1.0.GA\" />
    <property name="java.vm.specification.name" value="Java Virtual Machine Specification" />
    <property name="xml.config.dir" value="./src/xml/config" />
    <property name="env.windir" value="C:\WINDOWS" />
    <property name="env.LOGONSERVER" value="\\EVS-MDS-LAPTOP" />
    <property name="env.PROCESSOR_ARCHITECTURE" value="x86" />
    <property name="java.vm.specification.version" value="1.0" />
    <property name="sun.cpu.endian" value="little" />
    <property name="sun.os.patch.level" value="Service Pack 3" />
    <property name="env.ANT_HOME" value="C:\ModelPro\eclipse\plugins\org.apache.ant_1.7.0.v200803061910" />
    <property name="env.ProgramFiles" value="C:\Program Files" />
    <property name="java.io.tmpdir" value="C:\DOCUME~1\EDSEID~1\LOCALS~1\Temp\" />
    <property name="eclipse.pdebuild.home" value="/C:/ModelPro/eclipse/plugins/org.eclipse.pde.build_3.4.1.R34x_v20081217/./" />
    <property name="env.PROCESSOR_REVISION" value="0f0b" />
    <property name="java.vendor.url.bug" value="http://java.sun.com/cgi-bin/bugreport.cgi" />
    <property name="env.SystemRoot" value="C:\WINDOWS" />
    <property name="env.SHADOWTDK_COMDIR" value="C:\Documents and Settings\Ed Seidewitz\ItsShadow\TdkComDir" />
    <property name="java.awt.graphicsenv" value="sun.awt.Win32GraphicsEnvironment" />
    <property name="os.arch" value="x86" />
    <property name="java.ext.dirs" value="C:\ModelPro\eclipse\jre\lib\ext;C:\WINDOWS\Sun\Java\lib\ext" />
    <property name="user.dir" value="C:\ModelPro\workspace\fUML-Reference-Implementation" />
    <property name="xmi.library.dir" value="./src/xmi/library" />
    <property name="line.separator" value="
" />
    <property name="java.vm.name" value="Java HotSpot(TM) Client VM" />
    <property name="env.PATHEXT" value=".COM;.EXE;.BAT;.CMD;.VBS;.VBE;.JS;.JSE;.WSF;.WSH" />
    <property name="env.Path" value="C:/ModelPro/eclipse/jre/bin/client;C:/ModelPro/eclipse/jre/bin;C:\Program Files\CollabNet\Subversion Server;C:\Program Files\CollabNet\Subversion Client;C:\WINDOWS\system32;C:\WINDOWS;C:\WINDOWS\System32\Wbem;C:\Program Files\Intel\Wireless\Bin\;C:\Program Files\Diskeeper Corporation\Diskeeper\;C:\Program Files\ThinkPad\ConnectUtilities;C:\Program Files\Common Files\Lenovo;C:\Program Files\Lenovo\Client Security Solution;C:\Program Files\TortoiseSVN\bin;C:\Program Files\javacc-5.0\bin;C:\Program Files\Java\jdk1.6.0_10\bin;C:\Program Files\Apache\apache-ant-1.7.1\bin;C:\Artisan\Enabler\Server\Bin;C:\Program Files\Artisan Software Tools\Artisan Real-time Studio\ItsShadow\Exe;C:\Program Files\Java\jdk1.6.0_10\bin;C:\Program Files\QuickTime\QTSystem\;C:\Program Files\Astaro\Astaro SSL VPN Client\bin" />
    <property name="basedir" value="C:\ModelPro\workspace\fUML-Reference-Implementation" />
    <property name="ant.java.version" value="1.6" />
    <property name="ant.core.lib" value="C:\ModelPro\eclipse\plugins\org.apache.ant_1.7.0.v200803061910\lib\ant.jar" />
    <property name="env.USERNAME" value="Ed Seidewitz" />
    <property name="schema.dir" value="./src/xsd" />
    <property name="env.JBOSS_BIN" value="C:\Program Files\NexJ\jboss-5.1.0.GA\bin" />
    <property name="env.SystemDrive" value="C:" />
    <property name="ant.file.fuml" value="C:\ModelPro\workspace\fUML-Reference-Implementation\build.xml" />
    <property name="file.encoding" value="iso-8859-1" />
    <property name="target.dir" value="./target/fuml" />
    <property name="env.RR" value="C:\Program Files\Lenovo\Rescue and Recovery" />
    <property name="env.USERDOMAIN" value="EVS-MDS-LAPTOP" />
    <property name="gen.java.dir" value="./target/fuml/src" />
    <property name="java.specification.version" value="1.6" />
    <property name="env.SonicCentral" value="C:\Program Files\Common Files\Sonic Shared\Sonic Central\" />
    <property name="src.dir" value="./src" />
    <property name="env.PROCESSOR_LEVEL" value="6" />
  </properties>
  <testcase classname="org.modeldriven.fuml.test.builtin.SimpleActivitiesTestCase" name="testSimpleActivities" time="0.235" />
  <system-out><![CDATA[15 Jan 2012 19:21:29,640 INFO  builtin.SimpleActivitiesTestCase testSimpleActivities
15 Jan 2012 19:21:29,656 DEBUG fUML.Debug 
15 Jan 2012 19:21:29,656 DEBUG fUML.Debug [testSimpleActivites] Setting up...
15 Jan 2012 19:21:29,656 DEBUG fUML.Debug [testSimpleActivities] Testing...
15 Jan 2012 19:21:29,671 DEBUG fUML.Debug 
15 Jan 2012 19:21:29,671 DEBUG fUML.Debug [createDefaultParameterValues] Creating parameter value for parameter input...
15 Jan 2012 19:21:29,671 DEBUG fUML.Debug [createDefaultParameterValues] value = 0
15 Jan 2012 19:21:29,671 DEBUG fUML.Debug [testExecute] Executing the behavior...
15 Jan 2012 19:21:29,671 DEBUG fUML.Debug [execute] Activity Copier...
15 Jan 2012 19:21:29,671 INFO  fUML.Debug Execute activity=Copier
15 Jan 2012 19:21:29,671 DEBUG fUML.Debug [createNodeActivations] Creating a node activation for inputNode...
15 Jan 2012 19:21:29,671 DEBUG fUML.Debug [createNodeActivations] Creating a node activation for outputNode...
15 Jan 2012 19:21:29,687 DEBUG fUML.Debug [createEdgeInstances] Creating an edge instance from inputNode to outputNode.
15 Jan 2012 19:21:29,687 DEBUG fUML.Debug [run] node = inputNode
15 Jan 2012 19:21:29,687 DEBUG fUML.Debug [run] node = outputNode
15 Jan 2012 19:21:29,687 DEBUG fUML.Debug [run] Checking for enabled nodes...
15 Jan 2012 19:21:29,687 DEBUG fUML.Debug [run] Checking node inputNode...
15 Jan 2012 19:21:29,687 DEBUG fUML.Debug [run] Node inputNode is enabled.
15 Jan 2012 19:21:29,687 DEBUG fUML.Debug [run] Checking node outputNode...
15 Jan 2012 19:21:29,687 DEBUG fUML.Debug [run] Sending offer to node inputNode.
15 Jan 2012 19:21:29,687 DEBUG fUML.Debug [receiveOffer] node = inputNode
15 Jan 2012 19:21:29,687 DEBUG fUML.Debug [_beginIsolation] Begin isolation.
15 Jan 2012 19:21:29,687 DEBUG fUML.Debug [receiveOffer] Firing.
15 Jan 2012 19:21:29,687 DEBUG fUML.Debug [_endIsolation] End isolation.
15 Jan 2012 19:21:29,687 DEBUG fUML.Debug [fire] Input activity parameter node inputNode...
15 Jan 2012 19:21:29,687 DEBUG fUML.Debug [fire] Parameter has 1 value(s).
15 Jan 2012 19:21:29,687 DEBUG fUML.Debug [addToken] node = inputNode
15 Jan 2012 19:21:29,687 DEBUG fUML.Debug [receiveOffer] node = outputNode
15 Jan 2012 19:21:29,687 DEBUG fUML.Debug [_beginIsolation] Begin isolation.
15 Jan 2012 19:21:29,687 DEBUG fUML.Debug [receiveOffer] Firing.
15 Jan 2012 19:21:29,687 DEBUG fUML.Debug [_endIsolation] End isolation.
15 Jan 2012 19:21:29,687 DEBUG fUML.Debug [fire] Output activity parameter node outputNode...
15 Jan 2012 19:21:29,687 DEBUG fUML.Debug [addToken] node = outputNode
15 Jan 2012 19:21:29,687 DEBUG fUML.Debug [removeToken] node = inputNode
15 Jan 2012 19:21:29,687 INFO  fUML.Debug Output activity=Copier parameter=output value=0
15 Jan 2012 19:21:29,687 DEBUG fUML.Debug [execute] Activity Copier completed.
15 Jan 2012 19:21:29,703 DEBUG fUML.Debug [destroy] object = fUML.Semantics.Activities.IntermediateActivities.ActivityExecution@1afd9cc
15 Jan 2012 19:21:29,703 DEBUG fUML.Debug [testExecute] Output parameter output has 1 value(s):
15 Jan 2012 19:21:29,703 DEBUG fUML.Debug [testExecute] value [0] = 0
15 Jan 2012 19:21:29,703 DEBUG fUML.Debug 
15 Jan 2012 19:21:29,703 DEBUG fUML.Debug 
15 Jan 2012 19:21:29,703 DEBUG fUML.Debug [testExecute] Executing the behavior...
15 Jan 2012 19:21:29,703 DEBUG fUML.Debug [execute] Activity CopierCaller...
15 Jan 2012 19:21:29,703 INFO  fUML.Debug Execute activity=CopierCaller
15 Jan 2012 19:21:29,703 DEBUG fUML.Debug [createNodeActivations] Creating a node activation for Call(Copier)...
15 Jan 2012 19:21:29,703 DEBUG fUML.Debug [createNodeActivations] Creating a node activation for Call(Copier).argument[input]...
15 Jan 2012 19:21:29,703 DEBUG fUML.Debug [createNodeActivations] Creating a node activation for Call(Copier).result[output]...
15 Jan 2012 19:21:29,703 DEBUG fUML.Debug [createNodeActivations] Creating a node activation for Value(input:Integer)...
15 Jan 2012 19:21:29,703 DEBUG fUML.Debug [createNodeActivations] Creating a node activation for Value(input:Integer).result...
15 Jan 2012 19:21:29,703 DEBUG fUML.Debug [createNodeActivations] Creating a node activation for Parameter(output)...
15 Jan 2012 19:21:29,703 DEBUG fUML.Debug [createEdgeInstances] Creating an edge instance from Value(input:Integer).result to Call(Copier).argument[input].
15 Jan 2012 19:21:29,703 DEBUG fUML.Debug [createEdgeInstances] Creating an edge instance from Call(Copier).result[output] to Parameter(output).
15 Jan 2012 19:21:29,703 DEBUG fUML.Debug [run] node = Call(Copier)
15 Jan 2012 19:21:29,703 DEBUG fUML.Debug [run] node = Call(Copier).argument[input]
15 Jan 2012 19:21:29,703 DEBUG fUML.Debug [run] node = Call(Copier).result[output]
15 Jan 2012 19:21:29,703 DEBUG fUML.Debug [run] node = Value(input:Integer)
15 Jan 2012 19:21:29,703 DEBUG fUML.Debug [run] node = Value(input:Integer).result
15 Jan 2012 19:21:29,703 DEBUG fUML.Debug [run] node = Parameter(output)
15 Jan 2012 19:21:29,703 DEBUG fUML.Debug [run] Checking for enabled nodes...
15 Jan 2012 19:21:29,703 DEBUG fUML.Debug [run] Checking node Call(Copier)...
15 Jan 2012 19:21:29,703 DEBUG fUML.Debug [run] Checking node Call(Copier).argument[input]...
15 Jan 2012 19:21:29,703 DEBUG fUML.Debug [run] Checking node Call(Copier).result[output]...
15 Jan 2012 19:21:29,703 DEBUG fUML.Debug [run] Checking node Value(input:Integer)...
15 Jan 2012 19:21:29,703 DEBUG fUML.Debug [run] Node Value(input:Integer) is enabled.
15 Jan 2012 19:21:29,703 DEBUG fUML.Debug [run] Checking node Value(input:Integer).result...
15 Jan 2012 19:21:29,703 DEBUG fUML.Debug [run] Checking node Parameter(output)...
15 Jan 2012 19:21:29,703 DEBUG fUML.Debug [run] Sending offer to node Value(input:Integer).
15 Jan 2012 19:21:29,703 DEBUG fUML.Debug [receiveOffer] node = Value(input:Integer)
15 Jan 2012 19:21:29,703 DEBUG fUML.Debug [_beginIsolation] Begin isolation.
15 Jan 2012 19:21:29,703 DEBUG fUML.Debug [receiveOffer] Firing.
15 Jan 2012 19:21:29,703 DEBUG fUML.Debug [_endIsolation] End isolation.
15 Jan 2012 19:21:29,703 DEBUG fUML.Debug [fire] Action Value(input:Integer)...
15 Jan 2012 19:21:29,703 INFO  fUML.Debug Fire activity=CopierCaller action=Value(input:Integer)
15 Jan 2012 19:21:29,703 DEBUG fUML.Debug [putToken] node = Value(input:Integer)
15 Jan 2012 19:21:29,703 DEBUG fUML.Debug [addToken] node = Value(input:Integer).result
15 Jan 2012 19:21:29,703 DEBUG fUML.Debug [receiveOffer] node = Call(Copier)
15 Jan 2012 19:21:29,718 DEBUG fUML.Debug [_beginIsolation] Begin isolation.
15 Jan 2012 19:21:29,718 DEBUG fUML.Debug [receiveOffer] Firing.
15 Jan 2012 19:21:29,718 DEBUG fUML.Debug [fire] Pin Call(Copier).argument[input]...
15 Jan 2012 19:21:29,718 DEBUG fUML.Debug [addToken] node = Call(Copier).argument[input]
15 Jan 2012 19:21:29,718 DEBUG fUML.Debug [removeToken] node = Value(input:Integer).result
15 Jan 2012 19:21:29,718 DEBUG fUML.Debug [_endIsolation] End isolation.
15 Jan 2012 19:21:29,718 DEBUG fUML.Debug [fire] Action Call(Copier)...
15 Jan 2012 19:21:29,718 INFO  fUML.Debug Fire activity=CopierCaller action=Call(Copier)
15 Jan 2012 19:21:29,718 DEBUG fUML.Debug [takeTokens] node = Call(Copier), pin = Call(Copier).argument[input]
15 Jan 2012 19:21:29,718 DEBUG fUML.Debug [removeToken] node = Call(Copier).argument[input]
15 Jan 2012 19:21:29,718 DEBUG fUML.Debug [execute] Activity Copier...
15 Jan 2012 19:21:29,718 INFO  fUML.Debug Execute activity=Copier
15 Jan 2012 19:21:29,718 DEBUG fUML.Debug [createNodeActivations] Creating a node activation for inputNode...
15 Jan 2012 19:21:29,718 DEBUG fUML.Debug [createNodeActivations] Creating a node activation for outputNode...
15 Jan 2012 19:21:29,718 DEBUG fUML.Debug [createEdgeInstances] Creating an edge instance from inputNode to outputNode.
15 Jan 2012 19:21:29,718 DEBUG fUML.Debug [run] node = inputNode
15 Jan 2012 19:21:29,734 DEBUG fUML.Debug [run] node = outputNode
15 Jan 2012 19:21:29,734 DEBUG fUML.Debug [run] Checking for enabled nodes...
15 Jan 2012 19:21:29,734 DEBUG fUML.Debug [run] Checking node inputNode...
15 Jan 2012 19:21:29,734 DEBUG fUML.Debug [run] Node inputNode is enabled.
15 Jan 2012 19:21:29,734 DEBUG fUML.Debug [run] Checking node outputNode...
15 Jan 2012 19:21:29,734 DEBUG fUML.Debug [run] Sending offer to node inputNode.
15 Jan 2012 19:21:29,734 DEBUG fUML.Debug [receiveOffer] node = inputNode
15 Jan 2012 19:21:29,734 DEBUG fUML.Debug [_beginIsolation] Begin isolation.
15 Jan 2012 19:21:29,734 DEBUG fUML.Debug [receiveOffer] Firing.
15 Jan 2012 19:21:29,734 DEBUG fUML.Debug [_endIsolation] End isolation.
15 Jan 2012 19:21:29,734 DEBUG fUML.Debug [fire] Input activity parameter node inputNode...
15 Jan 2012 19:21:29,734 DEBUG fUML.Debug [fire] Parameter has 1 value(s).
15 Jan 2012 19:21:29,734 DEBUG fUML.Debug [addToken] node = inputNode
15 Jan 2012 19:21:29,734 DEBUG fUML.Debug [receiveOffer] node = outputNode
15 Jan 2012 19:21:29,734 DEBUG fUML.Debug [_beginIsolation] Begin isolation.
15 Jan 2012 19:21:29,734 DEBUG fUML.Debug [receiveOffer] Firing.
15 Jan 2012 19:21:29,734 DEBUG fUML.Debug [_endIsolation] End isolation.
15 Jan 2012 19:21:29,734 DEBUG fUML.Debug [fire] Output activity parameter node outputNode...
15 Jan 2012 19:21:29,734 DEBUG fUML.Debug [addToken] node = outputNode
15 Jan 2012 19:21:29,734 DEBUG fUML.Debug [removeToken] node = inputNode
15 Jan 2012 19:21:29,734 INFO  fUML.Debug Output activity=Copier parameter=output value=0
15 Jan 2012 19:21:29,734 DEBUG fUML.Debug [execute] Activity Copier completed.
15 Jan 2012 19:21:29,734 DEBUG fUML.Debug [putToken] node = Call(Copier)
15 Jan 2012 19:21:29,734 DEBUG fUML.Debug [addToken] node = Call(Copier).result[output]
15 Jan 2012 19:21:29,734 DEBUG fUML.Debug [destroy] object = fUML.Semantics.Activities.IntermediateActivities.ActivityExecution@ae1cf
15 Jan 2012 19:21:29,734 DEBUG fUML.Debug [receiveOffer] node = Parameter(output)
15 Jan 2012 19:21:29,734 DEBUG fUML.Debug [_beginIsolation] Begin isolation.
15 Jan 2012 19:21:29,734 DEBUG fUML.Debug [receiveOffer] Firing.
15 Jan 2012 19:21:29,734 DEBUG fUML.Debug [_endIsolation] End isolation.
15 Jan 2012 19:21:29,734 DEBUG fUML.Debug [fire] Output activity parameter node Parameter(output)...
15 Jan 2012 19:21:29,734 DEBUG fUML.Debug [addToken] node = Parameter(output)
15 Jan 2012 19:21:29,734 DEBUG fUML.Debug [removeToken] node = Call(Copier).result[output]
15 Jan 2012 19:21:29,734 DEBUG fUML.Debug [fire] Checking if Call(Copier) should fire again...
15 Jan 2012 19:21:29,734 DEBUG fUML.Debug [_beginIsolation] Begin isolation.
15 Jan 2012 19:21:29,734 DEBUG fUML.Debug [_endIsolation] End isolation.
15 Jan 2012 19:21:29,734 DEBUG fUML.Debug [fire] Checking if Value(input:Integer) should fire again...
15 Jan 2012 19:21:29,734 DEBUG fUML.Debug [_beginIsolation] Begin isolation.
15 Jan 2012 19:21:29,734 DEBUG fUML.Debug [_endIsolation] End isolation.
15 Jan 2012 19:21:29,734 INFO  fUML.Debug Output activity=CopierCaller parameter=output value=0
15 Jan 2012 19:21:29,734 DEBUG fUML.Debug [execute] Activity CopierCaller completed.
15 Jan 2012 19:21:29,734 DEBUG fUML.Debug [destroy] object = fUML.Semantics.Activities.IntermediateActivities.ActivityExecution@149f041
15 Jan 2012 19:21:29,734 DEBUG fUML.Debug [testExecute] Output parameter output has 1 value(s):
15 Jan 2012 19:21:29,734 DEBUG fUML.Debug [testExecute] value [0] = 0
15 Jan 2012 19:21:29,734 DEBUG fUML.Debug 
15 Jan 2012 19:21:29,734 DEBUG fUML.Debug 
15 Jan 2012 19:21:29,734 DEBUG fUML.Debug [testExecute] Executing the behavior...
15 Jan 2012 19:21:29,734 DEBUG fUML.Debug [execute] Activity SimpleDecision0...
15 Jan 2012 19:21:29,734 INFO  fUML.Debug Execute activity=SimpleDecision0
15 Jan 2012 19:21:29,734 DEBUG fUML.Debug [createNodeActivations] Creating a node activation for ValueAction_0...
15 Jan 2012 19:21:29,734 DEBUG fUML.Debug [createNodeActivations] Creating a node activation for ValueAction_0.result...
15 Jan 2012 19:21:29,734 DEBUG fUML.Debug [createNodeActivations] Creating a node activation for DecisionNode...
15 Jan 2012 19:21:29,734 DEBUG fUML.Debug [createNodeActivations] Creating a node activation for ParameterNode_0...
15 Jan 2012 19:21:29,734 DEBUG fUML.Debug [createNodeActivations] Creating a node activation for ParameterNode_1...
15 Jan 2012 19:21:29,734 DEBUG fUML.Debug [createEdgeInstances] Creating an edge instance from ValueAction_0.result to DecisionNode.
15 Jan 2012 19:21:29,734 DEBUG fUML.Debug [createEdgeInstances] Creating an edge instance from DecisionNode to ParameterNode_0.
15 Jan 2012 19:21:29,734 DEBUG fUML.Debug [createEdgeInstances] Creating an edge instance from DecisionNode to ParameterNode_1.
15 Jan 2012 19:21:29,734 DEBUG fUML.Debug [run] node = ValueAction_0
15 Jan 2012 19:21:29,734 DEBUG fUML.Debug [run] node = ValueAction_0.result
15 Jan 2012 19:21:29,734 DEBUG fUML.Debug [run] node = DecisionNode
15 Jan 2012 19:21:29,734 DEBUG fUML.Debug [run] node = ParameterNode_0
15 Jan 2012 19:21:29,734 DEBUG fUML.Debug [run] node = ParameterNode_1
15 Jan 2012 19:21:29,734 DEBUG fUML.Debug [run] Checking for enabled nodes...
15 Jan 2012 19:21:29,734 DEBUG fUML.Debug [run] Checking node ValueAction_0...
15 Jan 2012 19:21:29,734 DEBUG fUML.Debug [run] Node ValueAction_0 is enabled.
15 Jan 2012 19:21:29,734 DEBUG fUML.Debug [run] Checking node ValueAction_0.result...
15 Jan 2012 19:21:29,734 DEBUG fUML.Debug [run] Checking node DecisionNode...
15 Jan 2012 19:21:29,734 DEBUG fUML.Debug [run] Checking node ParameterNode_0...
15 Jan 2012 19:21:29,734 DEBUG fUML.Debug [run] Checking node ParameterNode_1...
15 Jan 2012 19:21:29,734 DEBUG fUML.Debug [run] Sending offer to node ValueAction_0.
15 Jan 2012 19:21:29,734 DEBUG fUML.Debug [receiveOffer] node = ValueAction_0
15 Jan 2012 19:21:29,734 DEBUG fUML.Debug [_beginIsolation] Begin isolation.
15 Jan 2012 19:21:29,734 DEBUG fUML.Debug [receiveOffer] Firing.
15 Jan 2012 19:21:29,734 DEBUG fUML.Debug [_endIsolation] End isolation.
15 Jan 2012 19:21:29,734 DEBUG fUML.Debug [fire] Action ValueAction_0...
15 Jan 2012 19:21:29,734 INFO  fUML.Debug Fire activity=SimpleDecision0 action=ValueAction_0
15 Jan 2012 19:21:29,734 DEBUG fUML.Debug [putToken] node = ValueAction_0
15 Jan 2012 19:21:29,734 DEBUG fUML.Debug [addToken] node = ValueAction_0.result
15 Jan 2012 19:21:29,734 DEBUG fUML.Debug [receiveOffer] node = DecisionNode
15 Jan 2012 19:21:29,734 DEBUG fUML.Debug [_beginIsolation] Begin isolation.
15 Jan 2012 19:21:29,734 DEBUG fUML.Debug [receiveOffer] Firing.
15 Jan 2012 19:21:29,734 DEBUG fUML.Debug [_endIsolation] End isolation.
15 Jan 2012 19:21:29,734 DEBUG fUML.Debug [fire] Decision node DecisionNode...
15 Jan 2012 19:21:29,734 DEBUG fUML.Debug [executeDecisionBehavior] inputValue = 0
15 Jan 2012 19:21:29,734 DEBUG fUML.Debug [getDecisionValues] decisionValues[0] = 0
15 Jan 2012 19:21:29,734 DEBUG fUML.Debug [receiveOffer] node = ParameterNode_0
15 Jan 2012 19:21:29,734 DEBUG fUML.Debug [_beginIsolation] Begin isolation.
15 Jan 2012 19:21:29,734 DEBUG fUML.Debug [receiveOffer] Firing.
15 Jan 2012 19:21:29,750 DEBUG fUML.Debug [_endIsolation] End isolation.
15 Jan 2012 19:21:29,750 DEBUG fUML.Debug [fire] Output activity parameter node ParameterNode_0...
15 Jan 2012 19:21:29,750 DEBUG fUML.Debug [addToken] node = ParameterNode_0
15 Jan 2012 19:21:29,750 DEBUG fUML.Debug [removeToken] node = ValueAction_0.result
15 Jan 2012 19:21:29,750 DEBUG fUML.Debug [fire] Checking if ValueAction_0 should fire again...
15 Jan 2012 19:21:29,750 DEBUG fUML.Debug [_beginIsolation] Begin isolation.
15 Jan 2012 19:21:29,750 DEBUG fUML.Debug [_endIsolation] End isolation.
15 Jan 2012 19:21:29,750 INFO  fUML.Debug Output activity=SimpleDecision0 parameter=output_0 value=0
15 Jan 2012 19:21:29,750 DEBUG fUML.Debug [execute] Activity SimpleDecision0 completed.
15 Jan 2012 19:21:29,750 DEBUG fUML.Debug [destroy] object = fUML.Semantics.Activities.IntermediateActivities.ActivityExecution@1984a9d
15 Jan 2012 19:21:29,750 DEBUG fUML.Debug [testExecute] Output parameter output_0 has 1 value(s):
15 Jan 2012 19:21:29,750 DEBUG fUML.Debug [testExecute] value [0] = 0
15 Jan 2012 19:21:29,750 DEBUG fUML.Debug [testExecute] Output parameter output_1 has 0 value(s):
15 Jan 2012 19:21:29,750 DEBUG fUML.Debug 
15 Jan 2012 19:21:29,750 DEBUG fUML.Debug 
15 Jan 2012 19:21:29,750 DEBUG fUML.Debug [testExecute] Executing the behavior...
15 Jan 2012 19:21:29,750 DEBUG fUML.Debug [execute] Activity SimpleDecision1...
15 Jan 2012 19:21:29,750 INFO  fUML.Debug Execute activity=SimpleDecision1
15 Jan 2012 19:21:29,750 DEBUG fUML.Debug [createNodeActivations] Creating a node activation for ValueAction_1...
15 Jan 2012 19:21:29,750 DEBUG fUML.Debug [createNodeActivations] Creating a node activation for ValueAction_1.result...
15 Jan 2012 19:21:29,750 DEBUG fUML.Debug [createNodeActivations] Creating a node activation for DecisionNode...
15 Jan 2012 19:21:29,750 DEBUG fUML.Debug [createNodeActivations] Creating a node activation for ParameterNode_0...
15 Jan 2012 19:21:29,750 DEBUG fUML.Debug [createNodeActivations] Creating a node activation for ParameterNode_1...
15 Jan 2012 19:21:29,750 DEBUG fUML.Debug [createEdgeInstances] Creating an edge instance from ValueAction_1.result to DecisionNode.
15 Jan 2012 19:21:29,750 DEBUG fUML.Debug [createEdgeInstances] Creating an edge instance from DecisionNode to ParameterNode_0.
15 Jan 2012 19:21:29,750 DEBUG fUML.Debug [createEdgeInstances] Creating an edge instance from DecisionNode to ParameterNode_1.
15 Jan 2012 19:21:29,750 DEBUG fUML.Debug [run] node = ValueAction_1
15 Jan 2012 19:21:29,750 DEBUG fUML.Debug [run] node = ValueAction_1.result
15 Jan 2012 19:21:29,750 DEBUG fUML.Debug [run] node = DecisionNode
15 Jan 2012 19:21:29,750 DEBUG fUML.Debug [run] node = ParameterNode_0
15 Jan 2012 19:21:29,750 DEBUG fUML.Debug [run] node = ParameterNode_1
15 Jan 2012 19:21:29,750 DEBUG fUML.Debug [run] Checking for enabled nodes...
15 Jan 2012 19:21:29,750 DEBUG fUML.Debug [run] Checking node ValueAction_1...
15 Jan 2012 19:21:29,750 DEBUG fUML.Debug [run] Node ValueAction_1 is enabled.
15 Jan 2012 19:21:29,750 DEBUG fUML.Debug [run] Checking node ValueAction_1.result...
15 Jan 2012 19:21:29,750 DEBUG fUML.Debug [run] Checking node DecisionNode...
15 Jan 2012 19:21:29,750 DEBUG fUML.Debug [run] Checking node ParameterNode_0...
15 Jan 2012 19:21:29,750 DEBUG fUML.Debug [run] Checking node ParameterNode_1...
15 Jan 2012 19:21:29,750 DEBUG fUML.Debug [run] Sending offer to node ValueAction_1.
15 Jan 2012 19:21:29,750 DEBUG fUML.Debug [receiveOffer] node = ValueAction_1
15 Jan 2012 19:21:29,750 DEBUG fUML.Debug [_beginIsolation] Begin isolation.
15 Jan 2012 19:21:29,750 DEBUG fUML.Debug [receiveOffer] Firing.
15 Jan 2012 19:21:29,750 DEBUG fUML.Debug [_endIsolation] End isolation.
15 Jan 2012 19:21:29,750 DEBUG fUML.Debug [fire] Action ValueAction_1...
15 Jan 2012 19:21:29,750 INFO  fUML.Debug Fire activity=SimpleDecision1 action=ValueAction_1
15 Jan 2012 19:21:29,750 DEBUG fUML.Debug [putToken] node = ValueAction_1
15 Jan 2012 19:21:29,750 DEBUG fUML.Debug [addToken] node = ValueAction_1.result
15 Jan 2012 19:21:29,750 DEBUG fUML.Debug [receiveOffer] node = DecisionNode
15 Jan 2012 19:21:29,750 DEBUG fUML.Debug [_beginIsolation] Begin isolation.
15 Jan 2012 19:21:29,750 DEBUG fUML.Debug [receiveOffer] Firing.
15 Jan 2012 19:21:29,750 DEBUG fUML.Debug [_endIsolation] End isolation.
15 Jan 2012 19:21:29,750 DEBUG fUML.Debug [fire] Decision node DecisionNode...
15 Jan 2012 19:21:29,750 DEBUG fUML.Debug [executeDecisionBehavior] inputValue = 1
15 Jan 2012 19:21:29,750 DEBUG fUML.Debug [getDecisionValues] decisionValues[0] = 1
15 Jan 2012 19:21:29,750 DEBUG fUML.Debug [receiveOffer] node = ParameterNode_1
15 Jan 2012 19:21:29,750 DEBUG fUML.Debug [_beginIsolation] Begin isolation.
15 Jan 2012 19:21:29,750 DEBUG fUML.Debug [receiveOffer] Firing.
15 Jan 2012 19:21:29,750 DEBUG fUML.Debug [_endIsolation] End isolation.
15 Jan 2012 19:21:29,750 DEBUG fUML.Debug [fire] Output activity parameter node ParameterNode_1...
15 Jan 2012 19:21:29,750 DEBUG fUML.Debug [addToken] node = ParameterNode_1
15 Jan 2012 19:21:29,750 DEBUG fUML.Debug [removeToken] node = ValueAction_1.result
15 Jan 2012 19:21:29,750 DEBUG fUML.Debug [fire] Checking if ValueAction_1 should fire again...
15 Jan 2012 19:21:29,750 DEBUG fUML.Debug [_beginIsolation] Begin isolation.
15 Jan 2012 19:21:29,750 DEBUG fUML.Debug [_endIsolation] End isolation.
15 Jan 2012 19:21:29,750 INFO  fUML.Debug Output activity=SimpleDecision1 parameter=output_1 value=1
15 Jan 2012 19:21:29,750 DEBUG fUML.Debug [execute] Activity SimpleDecision1 completed.
15 Jan 2012 19:21:29,750 DEBUG fUML.Debug [destroy] object = fUML.Semantics.Activities.IntermediateActivities.ActivityExecution@145e5a6
15 Jan 2012 19:21:29,750 DEBUG fUML.Debug [testExecute] Output parameter output_0 has 0 value(s):
15 Jan 2012 19:21:29,750 DEBUG fUML.Debug [testExecute] Output parameter output_1 has 1 value(s):
15 Jan 2012 19:21:29,750 DEBUG fUML.Debug [testExecute] value [0] = 1
15 Jan 2012 19:21:29,750 DEBUG fUML.Debug 
15 Jan 2012 19:21:29,750 DEBUG fUML.Debug 
15 Jan 2012 19:21:29,750 DEBUG fUML.Debug [testExecute] Executing the behavior...
15 Jan 2012 19:21:29,750 DEBUG fUML.Debug [execute] Activity ForkJoin...
15 Jan 2012 19:21:29,750 INFO  fUML.Debug Execute activity=ForkJoin
15 Jan 2012 19:21:29,750 DEBUG fUML.Debug [createNodeActivations] Creating a node activation for InitialNode...
15 Jan 2012 19:21:29,750 DEBUG fUML.Debug [createNodeActivations] Creating a node activation for ForkNode...
15 Jan 2012 19:21:29,750 DEBUG fUML.Debug [createNodeActivations] Creating a node activation for JoinNode...
15 Jan 2012 19:21:29,750 DEBUG fUML.Debug [createNodeActivations] Creating a node activation for FinalNode...
15 Jan 2012 19:21:29,750 DEBUG fUML.Debug [createEdgeInstances] Creating an edge instance from InitialNode to ForkNode.
15 Jan 2012 19:21:29,750 DEBUG fUML.Debug [createEdgeInstances] Creating an edge instance from ForkNode to JoinNode.
15 Jan 2012 19:21:29,750 DEBUG fUML.Debug [createEdgeInstances] Creating an edge instance from ForkNode to JoinNode.
15 Jan 2012 19:21:29,750 DEBUG fUML.Debug [createEdgeInstances] Creating an edge instance from JoinNode to FinalNode.
15 Jan 2012 19:21:29,750 DEBUG fUML.Debug [run] node = InitialNode
15 Jan 2012 19:21:29,750 DEBUG fUML.Debug [run] node = ForkNode
15 Jan 2012 19:21:29,750 DEBUG fUML.Debug [run] node = JoinNode
15 Jan 2012 19:21:29,750 DEBUG fUML.Debug [run] node = FinalNode
15 Jan 2012 19:21:29,750 DEBUG fUML.Debug [run] Checking for enabled nodes...
15 Jan 2012 19:21:29,750 DEBUG fUML.Debug [run] Checking node InitialNode...
15 Jan 2012 19:21:29,750 DEBUG fUML.Debug [run] Node InitialNode is enabled.
15 Jan 2012 19:21:29,750 DEBUG fUML.Debug [run] Checking node ForkNode...
15 Jan 2012 19:21:29,765 DEBUG fUML.Debug [run] Checking node JoinNode...
15 Jan 2012 19:21:29,765 DEBUG fUML.Debug [run] Checking node FinalNode...
15 Jan 2012 19:21:29,765 DEBUG fUML.Debug [run] Sending offer to node InitialNode.
15 Jan 2012 19:21:29,765 DEBUG fUML.Debug [receiveOffer] node = InitialNode
15 Jan 2012 19:21:29,765 DEBUG fUML.Debug [_beginIsolation] Begin isolation.
15 Jan 2012 19:21:29,765 DEBUG fUML.Debug [receiveOffer] Firing.
15 Jan 2012 19:21:29,765 DEBUG fUML.Debug [_endIsolation] End isolation.
15 Jan 2012 19:21:29,765 DEBUG fUML.Debug [addToken] node = InitialNode
15 Jan 2012 19:21:29,765 DEBUG fUML.Debug [receiveOffer] node = ForkNode
15 Jan 2012 19:21:29,765 DEBUG fUML.Debug [_beginIsolation] Begin isolation.
15 Jan 2012 19:21:29,765 DEBUG fUML.Debug [receiveOffer] Firing.
15 Jan 2012 19:21:29,765 DEBUG fUML.Debug [_endIsolation] End isolation.
15 Jan 2012 19:21:29,765 DEBUG fUML.Debug [fire] Fork node ForkNode...
15 Jan 2012 19:21:29,765 DEBUG fUML.Debug [addToken] node = ForkNode
15 Jan 2012 19:21:29,765 DEBUG fUML.Debug [receiveOffer] node = JoinNode
15 Jan 2012 19:21:29,765 DEBUG fUML.Debug [_beginIsolation] Begin isolation.
15 Jan 2012 19:21:29,765 DEBUG fUML.Debug [_endIsolation] End isolation.
15 Jan 2012 19:21:29,765 DEBUG fUML.Debug [receiveOffer] node = JoinNode
15 Jan 2012 19:21:29,765 DEBUG fUML.Debug [_beginIsolation] Begin isolation.
15 Jan 2012 19:21:29,765 DEBUG fUML.Debug [receiveOffer] Firing.
15 Jan 2012 19:21:29,765 DEBUG fUML.Debug [_endIsolation] End isolation.
15 Jan 2012 19:21:29,765 DEBUG fUML.Debug [fire] Control node JoinNode...
15 Jan 2012 19:21:29,765 DEBUG fUML.Debug [receiveOffer] node = FinalNode
15 Jan 2012 19:21:29,765 DEBUG fUML.Debug [_beginIsolation] Begin isolation.
15 Jan 2012 19:21:29,765 DEBUG fUML.Debug [receiveOffer] Firing.
15 Jan 2012 19:21:29,765 DEBUG fUML.Debug [_endIsolation] End isolation.
15 Jan 2012 19:21:29,765 DEBUG fUML.Debug [fire] Activity final node FinalNode...
15 Jan 2012 19:21:29,765 DEBUG fUML.Debug [terminateAll] Terminating activation group for activity ForkJoin.
15 Jan 2012 19:21:29,765 DEBUG fUML.Debug [terminate] node = InitialNode
15 Jan 2012 19:21:29,765 DEBUG fUML.Debug [terminate] node = ForkNode
15 Jan 2012 19:21:29,765 DEBUG fUML.Debug [terminate] node = JoinNode
15 Jan 2012 19:21:29,765 DEBUG fUML.Debug [terminate] node = FinalNode
15 Jan 2012 19:21:29,765 DEBUG fUML.Debug [execute] Activity ForkJoin completed.
15 Jan 2012 19:21:29,765 DEBUG fUML.Debug [destroy] object = fUML.Semantics.Activities.IntermediateActivities.ActivityExecution@42a6eb
15 Jan 2012 19:21:29,765 DEBUG fUML.Debug 
15 Jan 2012 19:21:29,765 DEBUG fUML.Debug 
15 Jan 2012 19:21:29,765 DEBUG fUML.Debug [testExecute] Executing the behavior...
15 Jan 2012 19:21:29,765 DEBUG fUML.Debug [execute] Activity DecisionJoin...
15 Jan 2012 19:21:29,765 INFO  fUML.Debug Execute activity=DecisionJoin
15 Jan 2012 19:21:29,765 DEBUG fUML.Debug [createNodeActivations] Creating a node activation for ValueAction_0...
15 Jan 2012 19:21:29,765 DEBUG fUML.Debug [createNodeActivations] Creating a node activation for ValueAction_0.result...
15 Jan 2012 19:21:29,765 DEBUG fUML.Debug [createNodeActivations] Creating a node activation for ValueAction_1...
15 Jan 2012 19:21:29,765 DEBUG fUML.Debug [createNodeActivations] Creating a node activation for ValueAction_1.result...
15 Jan 2012 19:21:29,765 DEBUG fUML.Debug [createNodeActivations] Creating a node activation for Action_A...
15 Jan 2012 19:21:29,765 DEBUG fUML.Debug [createNodeActivations] Creating a node activation for Action_A.argument...
15 Jan 2012 19:21:29,765 DEBUG fUML.Debug [createNodeActivations] Creating a node activation for Action_A.result...
15 Jan 2012 19:21:29,765 DEBUG fUML.Debug [createNodeActivations] Creating a node activation for DecisionNode...
15 Jan 2012 19:21:29,765 DEBUG fUML.Debug [createNodeActivations] Creating a node activation for JoinNode...
15 Jan 2012 19:21:29,765 DEBUG fUML.Debug [createNodeActivations] Creating a node activation for Action_B...
15 Jan 2012 19:21:29,765 DEBUG fUML.Debug [createNodeActivations] Creating a node activation for Action_B.argument...
15 Jan 2012 19:21:29,765 DEBUG fUML.Debug [createNodeActivations] Creating a node activation for Action_B.result...
15 Jan 2012 19:21:29,765 DEBUG fUML.Debug [createNodeActivations] Creating a node activation for OutputNode...
15 Jan 2012 19:21:29,765 DEBUG fUML.Debug [createEdgeInstances] Creating an edge instance from ValueAction_0 to ValueAction_1.
15 Jan 2012 19:21:29,765 DEBUG fUML.Debug [createEdgeInstances] Creating an edge instance from ValueAction_0.result to Action_A.argument.
15 Jan 2012 19:21:29,765 DEBUG fUML.Debug [createEdgeInstances] Creating an edge instance from ValueAction_1.result to Action_A.argument.
15 Jan 2012 19:21:29,765 DEBUG fUML.Debug [createEdgeInstances] Creating an edge instance from Action_A.result to DecisionNode.
15 Jan 2012 19:21:29,765 DEBUG fUML.Debug [createEdgeInstances] Creating an edge instance from DecisionNode to JoinNode.
15 Jan 2012 19:21:29,765 DEBUG fUML.Debug [createEdgeInstances] Creating an edge instance from DecisionNode to JoinNode.
15 Jan 2012 19:21:29,765 DEBUG fUML.Debug [createEdgeInstances] Creating an edge instance from JoinNode to Action_B.argument.
15 Jan 2012 19:21:29,765 DEBUG fUML.Debug [createEdgeInstances] Creating an edge instance from Action_B.result to OutputNode.
15 Jan 2012 19:21:29,765 DEBUG fUML.Debug [run] node = ValueAction_0
15 Jan 2012 19:21:29,765 DEBUG fUML.Debug [run] Anonymous activation of type fUML.Semantics.Activities.IntermediateActivities.ForkNodeActivation
15 Jan 2012 19:21:29,765 DEBUG fUML.Debug [run] node = ValueAction_0.result
15 Jan 2012 19:21:29,765 DEBUG fUML.Debug [run] node = ValueAction_1
15 Jan 2012 19:21:29,765 DEBUG fUML.Debug [run] node = ValueAction_1.result
15 Jan 2012 19:21:29,765 DEBUG fUML.Debug [run] node = Action_A
15 Jan 2012 19:21:29,765 DEBUG fUML.Debug [run] node = Action_A.argument
15 Jan 2012 19:21:29,765 DEBUG fUML.Debug [run] node = Action_A.result
15 Jan 2012 19:21:29,765 DEBUG fUML.Debug [run] node = DecisionNode
15 Jan 2012 19:21:29,765 DEBUG fUML.Debug [run] node = JoinNode
15 Jan 2012 19:21:29,765 DEBUG fUML.Debug [run] node = Action_B
15 Jan 2012 19:21:29,765 DEBUG fUML.Debug [run] node = Action_B.argument
15 Jan 2012 19:21:29,765 DEBUG fUML.Debug [run] node = Action_B.result
15 Jan 2012 19:21:29,765 DEBUG fUML.Debug [run] node = OutputNode
15 Jan 2012 19:21:29,781 DEBUG fUML.Debug [run] Checking for enabled nodes...
15 Jan 2012 19:21:29,781 DEBUG fUML.Debug [run] Checking node ValueAction_0...
15 Jan 2012 19:21:29,781 DEBUG fUML.Debug [run] Node ValueAction_0 is enabled.
15 Jan 2012 19:21:29,781 DEBUG fUML.Debug [run] Checking node ValueAction_0.result...
15 Jan 2012 19:21:29,781 DEBUG fUML.Debug [run] Checking node ValueAction_1...
15 Jan 2012 19:21:29,781 DEBUG fUML.Debug [run] Checking node ValueAction_1.result...
15 Jan 2012 19:21:29,781 DEBUG fUML.Debug [run] Checking node Action_A...
15 Jan 2012 19:21:29,781 DEBUG fUML.Debug [run] Checking node Action_A.argument...
15 Jan 2012 19:21:29,781 DEBUG fUML.Debug [run] Checking node Action_A.result...
15 Jan 2012 19:21:29,781 DEBUG fUML.Debug [run] Checking node DecisionNode...
15 Jan 2012 19:21:29,781 DEBUG fUML.Debug [run] Checking node JoinNode...
15 Jan 2012 19:21:29,781 DEBUG fUML.Debug [run] Checking node Action_B...
15 Jan 2012 19:21:29,781 DEBUG fUML.Debug [run] Checking node Action_B.argument...
15 Jan 2012 19:21:29,781 DEBUG fUML.Debug [run] Checking node Action_B.result...
15 Jan 2012 19:21:29,781 DEBUG fUML.Debug [run] Checking node OutputNode...
15 Jan 2012 19:21:29,781 DEBUG fUML.Debug [run] Sending offer to node ValueAction_0.
15 Jan 2012 19:21:29,781 DEBUG fUML.Debug [receiveOffer] node = ValueAction_0
15 Jan 2012 19:21:29,781 DEBUG fUML.Debug [_beginIsolation] Begin isolation.
15 Jan 2012 19:21:29,781 DEBUG fUML.Debug [receiveOffer] Firing.
15 Jan 2012 19:21:29,781 DEBUG fUML.Debug [_endIsolation] End isolation.
15 Jan 2012 19:21:29,781 DEBUG fUML.Debug [fire] Action ValueAction_0...
15 Jan 2012 19:21:29,781 INFO  fUML.Debug Fire activity=DecisionJoin action=ValueAction_0
15 Jan 2012 19:21:29,781 DEBUG fUML.Debug [putToken] node = ValueAction_0
15 Jan 2012 19:21:29,781 DEBUG fUML.Debug [addToken] node = ValueAction_0.result
15 Jan 2012 19:21:29,781 DEBUG fUML.Debug [receiveOffer] node = Action_A
15 Jan 2012 19:21:29,781 DEBUG fUML.Debug [_beginIsolation] Begin isolation.
15 Jan 2012 19:21:29,781 DEBUG fUML.Debug [receiveOffer] Firing.
15 Jan 2012 19:21:29,781 DEBUG fUML.Debug [fire] Pin Action_A.argument...
15 Jan 2012 19:21:29,781 DEBUG fUML.Debug [addToken] node = Action_A.argument
15 Jan 2012 19:21:29,781 DEBUG fUML.Debug [removeToken] node = ValueAction_0.result
15 Jan 2012 19:21:29,781 DEBUG fUML.Debug [_endIsolation] End isolation.
15 Jan 2012 19:21:29,781 DEBUG fUML.Debug [fire] Action Action_A...
15 Jan 2012 19:21:29,781 INFO  fUML.Debug Fire activity=DecisionJoin action=Action_A
15 Jan 2012 19:21:29,781 DEBUG fUML.Debug [takeTokens] node = Action_A, pin = Action_A.argument
15 Jan 2012 19:21:29,781 DEBUG fUML.Debug [removeToken] node = Action_A.argument
15 Jan 2012 19:21:29,781 DEBUG fUML.Debug [execute] Activity Copier...
15 Jan 2012 19:21:29,781 INFO  fUML.Debug Execute activity=Copier
15 Jan 2012 19:21:29,781 DEBUG fUML.Debug [createNodeActivations] Creating a node activation for inputNode...
15 Jan 2012 19:21:29,781 DEBUG fUML.Debug [createNodeActivations] Creating a node activation for outputNode...
15 Jan 2012 19:21:29,781 DEBUG fUML.Debug [createEdgeInstances] Creating an edge instance from inputNode to outputNode.
15 Jan 2012 19:21:29,781 DEBUG fUML.Debug [run] node = inputNode
15 Jan 2012 19:21:29,781 DEBUG fUML.Debug [run] node = outputNode
15 Jan 2012 19:21:29,781 DEBUG fUML.Debug [run] Checking for enabled nodes...
15 Jan 2012 19:21:29,781 DEBUG fUML.Debug [run] Checking node inputNode...
15 Jan 2012 19:21:29,781 DEBUG fUML.Debug [run] Node inputNode is enabled.
15 Jan 2012 19:21:29,781 DEBUG fUML.Debug [run] Checking node outputNode...
15 Jan 2012 19:21:29,781 DEBUG fUML.Debug [run] Sending offer to node inputNode.
15 Jan 2012 19:21:29,781 DEBUG fUML.Debug [receiveOffer] node = inputNode
15 Jan 2012 19:21:29,781 DEBUG fUML.Debug [_beginIsolation] Begin isolation.
15 Jan 2012 19:21:29,781 DEBUG fUML.Debug [receiveOffer] Firing.
15 Jan 2012 19:21:29,781 DEBUG fUML.Debug [_endIsolation] End isolation.
15 Jan 2012 19:21:29,781 DEBUG fUML.Debug [fire] Input activity parameter node inputNode...
15 Jan 2012 19:21:29,781 DEBUG fUML.Debug [fire] Parameter has 1 value(s).
15 Jan 2012 19:21:29,781 DEBUG fUML.Debug [addToken] node = inputNode
15 Jan 2012 19:21:29,781 DEBUG fUML.Debug [receiveOffer] node = outputNode
15 Jan 2012 19:21:29,781 DEBUG fUML.Debug [_beginIsolation] Begin isolation.
15 Jan 2012 19:21:29,781 DEBUG fUML.Debug [receiveOffer] Firing.
15 Jan 2012 19:21:29,781 DEBUG fUML.Debug [_endIsolation] End isolation.
15 Jan 2012 19:21:29,781 DEBUG fUML.Debug [fire] Output activity parameter node outputNode...
15 Jan 2012 19:21:29,781 DEBUG fUML.Debug [addToken] node = outputNode
15 Jan 2012 19:21:29,781 DEBUG fUML.Debug [removeToken] node = inputNode
15 Jan 2012 19:21:29,781 INFO  fUML.Debug Output activity=Copier parameter=output value=0
15 Jan 2012 19:21:29,781 DEBUG fUML.Debug [execute] Activity Copier completed.
15 Jan 2012 19:21:29,781 DEBUG fUML.Debug [putToken] node = Action_A
15 Jan 2012 19:21:29,781 DEBUG fUML.Debug [addToken] node = Action_A.result
15 Jan 2012 19:21:29,781 DEBUG fUML.Debug [destroy] object = fUML.Semantics.Activities.IntermediateActivities.ActivityExecution@c26ede
15 Jan 2012 19:21:29,781 DEBUG fUML.Debug [receiveOffer] node = DecisionNode
15 Jan 2012 19:21:29,781 DEBUG fUML.Debug [_beginIsolation] Begin isolation.
15 Jan 2012 19:21:29,781 DEBUG fUML.Debug [receiveOffer] Firing.
15 Jan 2012 19:21:29,781 DEBUG fUML.Debug [_endIsolation] End isolation.
15 Jan 2012 19:21:29,781 DEBUG fUML.Debug [fire] Decision node DecisionNode...
15 Jan 2012 19:21:29,781 DEBUG fUML.Debug [executeDecisionBehavior] inputValue = 0
15 Jan 2012 19:21:29,781 DEBUG fUML.Debug [getDecisionValues] decisionValues[0] = 0
15 Jan 2012 19:21:29,781 DEBUG fUML.Debug [receiveOffer] node = JoinNode
15 Jan 2012 19:21:29,781 DEBUG fUML.Debug [_beginIsolation] Begin isolation.
15 Jan 2012 19:21:29,781 DEBUG fUML.Debug [_endIsolation] End isolation.
15 Jan 2012 19:21:29,781 DEBUG fUML.Debug [fire] Checking if Action_A should fire again...
15 Jan 2012 19:21:29,781 DEBUG fUML.Debug [_beginIsolation] Begin isolation.
15 Jan 2012 19:21:29,781 DEBUG fUML.Debug [_endIsolation] End isolation.
15 Jan 2012 19:21:29,781 DEBUG fUML.Debug [addToken] node = ValueAction_0
15 Jan 2012 19:21:29,781 DEBUG fUML.Debug [_beginIsolation] Begin isolation.
15 Jan 2012 19:21:29,781 DEBUG fUML.Debug [receiveOffer] Firing.
15 Jan 2012 19:21:29,781 DEBUG fUML.Debug [_endIsolation] End isolation.
15 Jan 2012 19:21:29,781 DEBUG fUML.Debug [fire] Anonymous fork node.
15 Jan 2012 19:21:29,781 DEBUG fUML.Debug [addToken] ...
15 Jan 2012 19:21:29,781 DEBUG fUML.Debug [receiveOffer] node = ValueAction_1
15 Jan 2012 19:21:29,781 DEBUG fUML.Debug [_beginIsolation] Begin isolation.
15 Jan 2012 19:21:29,781 DEBUG fUML.Debug [receiveOffer] Firing.
15 Jan 2012 19:21:29,781 DEBUG fUML.Debug [removeToken] node = ValueAction_0
15 Jan 2012 19:21:29,781 DEBUG fUML.Debug [removeToken] ...
15 Jan 2012 19:21:29,781 DEBUG fUML.Debug [_endIsolation] End isolation.
15 Jan 2012 19:21:29,781 DEBUG fUML.Debug [fire] Action ValueAction_1...
15 Jan 2012 19:21:29,796 INFO  fUML.Debug Fire activity=DecisionJoin action=ValueAction_1
15 Jan 2012 19:21:29,796 DEBUG fUML.Debug [putToken] node = ValueAction_1
15 Jan 2012 19:21:29,796 DEBUG fUML.Debug [addToken] node = ValueAction_1.result
15 Jan 2012 19:21:29,796 DEBUG fUML.Debug [receiveOffer] node = Action_A
15 Jan 2012 19:21:29,796 DEBUG fUML.Debug [_beginIsolation] Begin isolation.
15 Jan 2012 19:21:29,796 DEBUG fUML.Debug [receiveOffer] Firing.
15 Jan 2012 19:21:29,796 DEBUG fUML.Debug [fire] Pin Action_A.argument...
15 Jan 2012 19:21:29,796 DEBUG fUML.Debug [addToken] node = Action_A.argument
15 Jan 2012 19:21:29,796 DEBUG fUML.Debug [removeToken] node = ValueAction_1.result
15 Jan 2012 19:21:29,796 DEBUG fUML.Debug [_endIsolation] End isolation.
15 Jan 2012 19:21:29,796 DEBUG fUML.Debug [fire] Action Action_A...
15 Jan 2012 19:21:29,796 INFO  fUML.Debug Fire activity=DecisionJoin action=Action_A
15 Jan 2012 19:21:29,796 DEBUG fUML.Debug [takeTokens] node = Action_A, pin = Action_A.argument
15 Jan 2012 19:21:29,796 DEBUG fUML.Debug [removeToken] node = Action_A.argument
15 Jan 2012 19:21:29,796 DEBUG fUML.Debug [execute] Activity Copier...
15 Jan 2012 19:21:29,796 INFO  fUML.Debug Execute activity=Copier
15 Jan 2012 19:21:29,796 DEBUG fUML.Debug [createNodeActivations] Creating a node activation for inputNode...
15 Jan 2012 19:21:29,796 DEBUG fUML.Debug [createNodeActivations] Creating a node activation for outputNode...
15 Jan 2012 19:21:29,796 DEBUG fUML.Debug [createEdgeInstances] Creating an edge instance from inputNode to outputNode.
15 Jan 2012 19:21:29,796 DEBUG fUML.Debug [run] node = inputNode
15 Jan 2012 19:21:29,796 DEBUG fUML.Debug [run] node = outputNode
15 Jan 2012 19:21:29,796 DEBUG fUML.Debug [run] Checking for enabled nodes...
15 Jan 2012 19:21:29,796 DEBUG fUML.Debug [run] Checking node inputNode...
15 Jan 2012 19:21:29,796 DEBUG fUML.Debug [run] Node inputNode is enabled.
15 Jan 2012 19:21:29,796 DEBUG fUML.Debug [run] Checking node outputNode...
15 Jan 2012 19:21:29,796 DEBUG fUML.Debug [run] Sending offer to node inputNode.
15 Jan 2012 19:21:29,796 DEBUG fUML.Debug [receiveOffer] node = inputNode
15 Jan 2012 19:21:29,796 DEBUG fUML.Debug [_beginIsolation] Begin isolation.
15 Jan 2012 19:21:29,796 DEBUG fUML.Debug [receiveOffer] Firing.
15 Jan 2012 19:21:29,796 DEBUG fUML.Debug [_endIsolation] End isolation.
15 Jan 2012 19:21:29,796 DEBUG fUML.Debug [fire] Input activity parameter node inputNode...
15 Jan 2012 19:21:29,796 DEBUG fUML.Debug [fire] Parameter has 1 value(s).
15 Jan 2012 19:21:29,796 DEBUG fUML.Debug [addToken] node = inputNode
15 Jan 2012 19:21:29,796 DEBUG fUML.Debug [receiveOffer] node = outputNode
15 Jan 2012 19:21:29,796 DEBUG fUML.Debug [_beginIsolation] Begin isolation.
15 Jan 2012 19:21:29,796 DEBUG fUML.Debug [receiveOffer] Firing.
15 Jan 2012 19:21:29,796 DEBUG fUML.Debug [_endIsolation] End isolation.
15 Jan 2012 19:21:29,796 DEBUG fUML.Debug [fire] Output activity parameter node outputNode...
15 Jan 2012 19:21:29,796 DEBUG fUML.Debug [addToken] node = outputNode
15 Jan 2012 19:21:29,796 DEBUG fUML.Debug [removeToken] node = inputNode
15 Jan 2012 19:21:29,796 INFO  fUML.Debug Output activity=Copier parameter=output value=1
15 Jan 2012 19:21:29,796 DEBUG fUML.Debug [execute] Activity Copier completed.
15 Jan 2012 19:21:29,796 DEBUG fUML.Debug [putToken] node = Action_A
15 Jan 2012 19:21:29,796 DEBUG fUML.Debug [addToken] node = Action_A.result
15 Jan 2012 19:21:29,796 DEBUG fUML.Debug [destroy] object = fUML.Semantics.Activities.IntermediateActivities.ActivityExecution@1567e6c
15 Jan 2012 19:21:29,796 DEBUG fUML.Debug [receiveOffer] node = DecisionNode
15 Jan 2012 19:21:29,796 DEBUG fUML.Debug [_beginIsolation] Begin isolation.
15 Jan 2012 19:21:29,796 DEBUG fUML.Debug [receiveOffer] Firing.
15 Jan 2012 19:21:29,796 DEBUG fUML.Debug [_endIsolation] End isolation.
15 Jan 2012 19:21:29,796 DEBUG fUML.Debug [fire] Decision node DecisionNode...
15 Jan 2012 19:21:29,796 DEBUG fUML.Debug [executeDecisionBehavior] inputValue = 1
15 Jan 2012 19:21:29,796 DEBUG fUML.Debug [getDecisionValues] decisionValues[0] = 1
15 Jan 2012 19:21:29,796 DEBUG fUML.Debug [receiveOffer] node = JoinNode
15 Jan 2012 19:21:29,796 DEBUG fUML.Debug [_beginIsolation] Begin isolation.
15 Jan 2012 19:21:29,796 DEBUG fUML.Debug [receiveOffer] Firing.
15 Jan 2012 19:21:29,796 DEBUG fUML.Debug [_endIsolation] End isolation.
15 Jan 2012 19:21:29,796 DEBUG fUML.Debug [fire] Control node JoinNode...
15 Jan 2012 19:21:29,796 DEBUG fUML.Debug [receiveOffer] node = Action_B
15 Jan 2012 19:21:29,796 DEBUG fUML.Debug [_beginIsolation] Begin isolation.
15 Jan 2012 19:21:29,796 DEBUG fUML.Debug [receiveOffer] Firing.
15 Jan 2012 19:21:29,796 DEBUG fUML.Debug [fire] Pin Action_B.argument...
15 Jan 2012 19:21:29,796 DEBUG fUML.Debug [addToken] node = Action_B.argument
15 Jan 2012 19:21:29,796 DEBUG fUML.Debug [removeToken] node = Action_A.result
15 Jan 2012 19:21:29,796 DEBUG fUML.Debug [addToken] node = Action_B.argument
15 Jan 2012 19:21:29,796 DEBUG fUML.Debug [removeToken] node = Action_A.result
15 Jan 2012 19:21:29,796 DEBUG fUML.Debug [_endIsolation] End isolation.
15 Jan 2012 19:21:29,796 DEBUG fUML.Debug [fire] Action Action_B...
15 Jan 2012 19:21:29,796 INFO  fUML.Debug Fire activity=DecisionJoin action=Action_B
15 Jan 2012 19:21:29,796 DEBUG fUML.Debug [takeTokens] node = Action_B, pin = Action_B.argument
15 Jan 2012 19:21:29,796 DEBUG fUML.Debug [removeToken] node = Action_B.argument
15 Jan 2012 19:21:29,796 DEBUG fUML.Debug [removeToken] node = Action_B.argument
15 Jan 2012 19:21:29,796 DEBUG fUML.Debug [execute] Activity Copier...
15 Jan 2012 19:21:29,796 INFO  fUML.Debug Execute activity=Copier
15 Jan 2012 19:21:29,796 DEBUG fUML.Debug [createNodeActivations] Creating a node activation for inputNode...
15 Jan 2012 19:21:29,796 DEBUG fUML.Debug [createNodeActivations] Creating a node activation for outputNode...
15 Jan 2012 19:21:29,796 DEBUG fUML.Debug [createEdgeInstances] Creating an edge instance from inputNode to outputNode.
15 Jan 2012 19:21:29,796 DEBUG fUML.Debug [run] node = inputNode
15 Jan 2012 19:21:29,796 DEBUG fUML.Debug [run] node = outputNode
15 Jan 2012 19:21:29,796 DEBUG fUML.Debug [run] Checking for enabled nodes...
15 Jan 2012 19:21:29,796 DEBUG fUML.Debug [run] Checking node inputNode...
15 Jan 2012 19:21:29,796 DEBUG fUML.Debug [run] Node inputNode is enabled.
15 Jan 2012 19:21:29,796 DEBUG fUML.Debug [run] Checking node outputNode...
15 Jan 2012 19:21:29,796 DEBUG fUML.Debug [run] Sending offer to node inputNode.
15 Jan 2012 19:21:29,796 DEBUG fUML.Debug [receiveOffer] node = inputNode
15 Jan 2012 19:21:29,796 DEBUG fUML.Debug [_beginIsolation] Begin isolation.
15 Jan 2012 19:21:29,796 DEBUG fUML.Debug [receiveOffer] Firing.
15 Jan 2012 19:21:29,796 DEBUG fUML.Debug [_endIsolation] End isolation.
15 Jan 2012 19:21:29,796 DEBUG fUML.Debug [fire] Input activity parameter node inputNode...
15 Jan 2012 19:21:29,796 DEBUG fUML.Debug [fire] Parameter has 2 value(s).
15 Jan 2012 19:21:29,796 DEBUG fUML.Debug [addToken] node = inputNode
15 Jan 2012 19:21:29,796 DEBUG fUML.Debug [addToken] node = inputNode
15 Jan 2012 19:21:29,796 DEBUG fUML.Debug [receiveOffer] node = outputNode
15 Jan 2012 19:21:29,796 DEBUG fUML.Debug [_beginIsolation] Begin isolation.
15 Jan 2012 19:21:29,796 DEBUG fUML.Debug [receiveOffer] Firing.
15 Jan 2012 19:21:29,796 DEBUG fUML.Debug [_endIsolation] End isolation.
15 Jan 2012 19:21:29,796 DEBUG fUML.Debug [fire] Output activity parameter node outputNode...
15 Jan 2012 19:21:29,796 DEBUG fUML.Debug [addToken] node = outputNode
15 Jan 2012 19:21:29,796 DEBUG fUML.Debug [removeToken] node = inputNode
15 Jan 2012 19:21:29,796 DEBUG fUML.Debug [addToken] node = outputNode
15 Jan 2012 19:21:29,796 DEBUG fUML.Debug [removeToken] node = inputNode
15 Jan 2012 19:21:29,796 INFO  fUML.Debug Output activity=Copier parameter=output value=0
15 Jan 2012 19:21:29,812 INFO  fUML.Debug Output activity=Copier parameter=output value=1
15 Jan 2012 19:21:29,812 DEBUG fUML.Debug [execute] Activity Copier completed.
15 Jan 2012 19:21:29,812 DEBUG fUML.Debug [putToken] node = Action_B
15 Jan 2012 19:21:29,812 DEBUG fUML.Debug [addToken] node = Action_B.result
15 Jan 2012 19:21:29,812 DEBUG fUML.Debug [putToken] node = Action_B
15 Jan 2012 19:21:29,812 DEBUG fUML.Debug [addToken] node = Action_B.result
15 Jan 2012 19:21:29,812 DEBUG fUML.Debug [destroy] object = fUML.Semantics.Activities.IntermediateActivities.ActivityExecution@72d873
15 Jan 2012 19:21:29,812 DEBUG fUML.Debug [receiveOffer] node = OutputNode
15 Jan 2012 19:21:29,812 DEBUG fUML.Debug [_beginIsolation] Begin isolation.
15 Jan 2012 19:21:29,812 DEBUG fUML.Debug [receiveOffer] Firing.
15 Jan 2012 19:21:29,812 DEBUG fUML.Debug [_endIsolation] End isolation.
15 Jan 2012 19:21:29,812 DEBUG fUML.Debug [fire] Output activity parameter node OutputNode...
15 Jan 2012 19:21:29,812 DEBUG fUML.Debug [addToken] node = OutputNode
15 Jan 2012 19:21:29,812 DEBUG fUML.Debug [removeToken] node = Action_B.result
15 Jan 2012 19:21:29,812 DEBUG fUML.Debug [addToken] node = OutputNode
15 Jan 2012 19:21:29,812 DEBUG fUML.Debug [removeToken] node = Action_B.result
15 Jan 2012 19:21:29,812 DEBUG fUML.Debug [fire] Checking if Action_B should fire again...
15 Jan 2012 19:21:29,812 DEBUG fUML.Debug [_beginIsolation] Begin isolation.
15 Jan 2012 19:21:29,812 DEBUG fUML.Debug [_endIsolation] End isolation.
15 Jan 2012 19:21:29,812 DEBUG fUML.Debug [fire] Checking if Action_A should fire again...
15 Jan 2012 19:21:29,812 DEBUG fUML.Debug [_beginIsolation] Begin isolation.
15 Jan 2012 19:21:29,812 DEBUG fUML.Debug [_endIsolation] End isolation.
15 Jan 2012 19:21:29,812 DEBUG fUML.Debug [fire] Checking if ValueAction_1 should fire again...
15 Jan 2012 19:21:29,812 DEBUG fUML.Debug [_beginIsolation] Begin isolation.
15 Jan 2012 19:21:29,812 DEBUG fUML.Debug [_endIsolation] End isolation.
15 Jan 2012 19:21:29,812 DEBUG fUML.Debug [fire] Checking if ValueAction_0 should fire again...
15 Jan 2012 19:21:29,812 DEBUG fUML.Debug [_beginIsolation] Begin isolation.
15 Jan 2012 19:21:29,812 DEBUG fUML.Debug [_endIsolation] End isolation.
15 Jan 2012 19:21:29,812 INFO  fUML.Debug Output activity=DecisionJoin parameter=output value=0
15 Jan 2012 19:21:29,812 INFO  fUML.Debug Output activity=DecisionJoin parameter=output value=1
15 Jan 2012 19:21:29,812 DEBUG fUML.Debug [execute] Activity DecisionJoin completed.
15 Jan 2012 19:21:29,812 DEBUG fUML.Debug [destroy] object = fUML.Semantics.Activities.IntermediateActivities.ActivityExecution@1e09eab
15 Jan 2012 19:21:29,812 DEBUG fUML.Debug [testExecute] Output parameter output has 2 value(s):
15 Jan 2012 19:21:29,812 DEBUG fUML.Debug [testExecute] value [0] = 0
15 Jan 2012 19:21:29,812 DEBUG fUML.Debug [testExecute] value [1] = 1
15 Jan 2012 19:21:29,812 DEBUG fUML.Debug 
15 Jan 2012 19:21:29,812 DEBUG fUML.Debug 
15 Jan 2012 19:21:29,812 DEBUG fUML.Debug [testExecute] Executing the behavior...
15 Jan 2012 19:21:29,812 DEBUG fUML.Debug [execute] Activity ForkMerge...
15 Jan 2012 19:21:29,812 INFO  fUML.Debug Execute activity=ForkMerge
15 Jan 2012 19:21:29,812 DEBUG fUML.Debug [createNodeActivations] Creating a node activation for InitialNode...
15 Jan 2012 19:21:29,812 DEBUG fUML.Debug [createNodeActivations] Creating a node activation for ForkNode...
15 Jan 2012 19:21:29,812 DEBUG fUML.Debug [createNodeActivations] Creating a node activation for MergeNode...
15 Jan 2012 19:21:29,812 DEBUG fUML.Debug [createNodeActivations] Creating a node activation for ValueAction_0...
15 Jan 2012 19:21:29,812 DEBUG fUML.Debug [createNodeActivations] Creating a node activation for ValueAction_0.result...
15 Jan 2012 19:21:29,812 DEBUG fUML.Debug [createNodeActivations] Creating a node activation for OutputNode...
15 Jan 2012 19:21:29,812 DEBUG fUML.Debug [createEdgeInstances] Creating an edge instance from InitialNode to ForkNode.
15 Jan 2012 19:21:29,812 DEBUG fUML.Debug [createEdgeInstances] Creating an edge instance from ForkNode to MergeNode.
15 Jan 2012 19:21:29,812 DEBUG fUML.Debug [createEdgeInstances] Creating an edge instance from ForkNode to MergeNode.
15 Jan 2012 19:21:29,812 DEBUG fUML.Debug [createEdgeInstances] Creating an edge instance from MergeNode to ValueAction_0.
15 Jan 2012 19:21:29,812 DEBUG fUML.Debug [createEdgeInstances] Creating an edge instance from ValueAction_0.result to OutputNode.
15 Jan 2012 19:21:29,812 DEBUG fUML.Debug [run] node = InitialNode
15 Jan 2012 19:21:29,812 DEBUG fUML.Debug [run] node = ForkNode
15 Jan 2012 19:21:29,812 DEBUG fUML.Debug [run] node = MergeNode
15 Jan 2012 19:21:29,812 DEBUG fUML.Debug [run] node = ValueAction_0
15 Jan 2012 19:21:29,812 DEBUG fUML.Debug [run] node = ValueAction_0.result
15 Jan 2012 19:21:29,812 DEBUG fUML.Debug [run] node = OutputNode
15 Jan 2012 19:21:29,812 DEBUG fUML.Debug [run] Checking for enabled nodes...
15 Jan 2012 19:21:29,812 DEBUG fUML.Debug [run] Checking node InitialNode...
15 Jan 2012 19:21:29,812 DEBUG fUML.Debug [run] Node InitialNode is enabled.
15 Jan 2012 19:21:29,812 DEBUG fUML.Debug [run] Checking node ForkNode...
15 Jan 2012 19:21:29,812 DEBUG fUML.Debug [run] Checking node MergeNode...
15 Jan 2012 19:21:29,812 DEBUG fUML.Debug [run] Checking node ValueAction_0...
15 Jan 2012 19:21:29,812 DEBUG fUML.Debug [run] Checking node ValueAction_0.result...
15 Jan 2012 19:21:29,812 DEBUG fUML.Debug [run] Checking node OutputNode...
15 Jan 2012 19:21:29,812 DEBUG fUML.Debug [run] Sending offer to node InitialNode.
15 Jan 2012 19:21:29,812 DEBUG fUML.Debug [receiveOffer] node = InitialNode
15 Jan 2012 19:21:29,812 DEBUG fUML.Debug [_beginIsolation] Begin isolation.
15 Jan 2012 19:21:29,812 DEBUG fUML.Debug [receiveOffer] Firing.
15 Jan 2012 19:21:29,812 DEBUG fUML.Debug [_endIsolation] End isolation.
15 Jan 2012 19:21:29,812 DEBUG fUML.Debug [addToken] node = InitialNode
15 Jan 2012 19:21:29,812 DEBUG fUML.Debug [receiveOffer] node = ForkNode
15 Jan 2012 19:21:29,812 DEBUG fUML.Debug [_beginIsolation] Begin isolation.
15 Jan 2012 19:21:29,812 DEBUG fUML.Debug [receiveOffer] Firing.
15 Jan 2012 19:21:29,812 DEBUG fUML.Debug [_endIsolation] End isolation.
15 Jan 2012 19:21:29,812 DEBUG fUML.Debug [fire] Fork node ForkNode...
15 Jan 2012 19:21:29,812 DEBUG fUML.Debug [addToken] node = ForkNode
15 Jan 2012 19:21:29,812 DEBUG fUML.Debug [receiveOffer] node = MergeNode
15 Jan 2012 19:21:29,812 DEBUG fUML.Debug [_beginIsolation] Begin isolation.
15 Jan 2012 19:21:29,812 DEBUG fUML.Debug [receiveOffer] Firing.
15 Jan 2012 19:21:29,812 DEBUG fUML.Debug [_endIsolation] End isolation.
15 Jan 2012 19:21:29,812 DEBUG fUML.Debug [fire] Control node MergeNode...
15 Jan 2012 19:21:29,812 DEBUG fUML.Debug [receiveOffer] node = ValueAction_0
15 Jan 2012 19:21:29,812 DEBUG fUML.Debug [_beginIsolation] Begin isolation.
15 Jan 2012 19:21:29,812 DEBUG fUML.Debug [receiveOffer] Firing.
15 Jan 2012 19:21:29,812 DEBUG fUML.Debug [removeToken] node = InitialNode
15 Jan 2012 19:21:29,812 DEBUG fUML.Debug [_endIsolation] End isolation.
15 Jan 2012 19:21:29,812 DEBUG fUML.Debug [fire] Action ValueAction_0...
15 Jan 2012 19:21:29,812 INFO  fUML.Debug Fire activity=ForkMerge action=ValueAction_0
15 Jan 2012 19:21:29,812 DEBUG fUML.Debug [putToken] node = ValueAction_0
15 Jan 2012 19:21:29,812 DEBUG fUML.Debug [addToken] node = ValueAction_0.result
15 Jan 2012 19:21:29,812 DEBUG fUML.Debug [receiveOffer] node = OutputNode
15 Jan 2012 19:21:29,812 DEBUG fUML.Debug [_beginIsolation] Begin isolation.
15 Jan 2012 19:21:29,812 DEBUG fUML.Debug [receiveOffer] Firing.
15 Jan 2012 19:21:29,812 DEBUG fUML.Debug [_endIsolation] End isolation.
15 Jan 2012 19:21:29,812 DEBUG fUML.Debug [fire] Output activity parameter node OutputNode...
15 Jan 2012 19:21:29,812 DEBUG fUML.Debug [addToken] node = OutputNode
15 Jan 2012 19:21:29,812 DEBUG fUML.Debug [removeToken] node = ValueAction_0.result
15 Jan 2012 19:21:29,812 DEBUG fUML.Debug [fire] Checking if ValueAction_0 should fire again...
15 Jan 2012 19:21:29,812 DEBUG fUML.Debug [_beginIsolation] Begin isolation.
15 Jan 2012 19:21:29,812 DEBUG fUML.Debug [_endIsolation] End isolation.
15 Jan 2012 19:21:29,812 DEBUG fUML.Debug [receiveOffer] node = MergeNode
15 Jan 2012 19:21:29,812 DEBUG fUML.Debug [_beginIsolation] Begin isolation.
15 Jan 2012 19:21:29,812 DEBUG fUML.Debug [receiveOffer] Firing.
15 Jan 2012 19:21:29,812 DEBUG fUML.Debug [_endIsolation] End isolation.
15 Jan 2012 19:21:29,828 DEBUG fUML.Debug [fire] Control node MergeNode...
15 Jan 2012 19:21:29,828 DEBUG fUML.Debug [receiveOffer] node = ValueAction_0
15 Jan 2012 19:21:29,828 DEBUG fUML.Debug [_beginIsolation] Begin isolation.
15 Jan 2012 19:21:29,828 DEBUG fUML.Debug [receiveOffer] Firing.
15 Jan 2012 19:21:29,828 DEBUG fUML.Debug [removeToken] node = ForkNode
15 Jan 2012 19:21:29,828 DEBUG fUML.Debug [_endIsolation] End isolation.
15 Jan 2012 19:21:29,828 DEBUG fUML.Debug [fire] Action ValueAction_0...
15 Jan 2012 19:21:29,828 INFO  fUML.Debug Fire activity=ForkMerge action=ValueAction_0
15 Jan 2012 19:21:29,828 DEBUG fUML.Debug [putToken] node = ValueAction_0
15 Jan 2012 19:21:29,828 DEBUG fUML.Debug [addToken] node = ValueAction_0.result
15 Jan 2012 19:21:29,828 DEBUG fUML.Debug [receiveOffer] node = OutputNode
15 Jan 2012 19:21:29,828 DEBUG fUML.Debug [_beginIsolation] Begin isolation.
15 Jan 2012 19:21:29,828 DEBUG fUML.Debug [receiveOffer] Firing.
15 Jan 2012 19:21:29,828 DEBUG fUML.Debug [_endIsolation] End isolation.
15 Jan 2012 19:21:29,828 DEBUG fUML.Debug [fire] Output activity parameter node OutputNode...
15 Jan 2012 19:21:29,828 DEBUG fUML.Debug [addToken] node = OutputNode
15 Jan 2012 19:21:29,828 DEBUG fUML.Debug [removeToken] node = ValueAction_0.result
15 Jan 2012 19:21:29,828 DEBUG fUML.Debug [fire] Checking if ValueAction_0 should fire again...
15 Jan 2012 19:21:29,828 DEBUG fUML.Debug [_beginIsolation] Begin isolation.
15 Jan 2012 19:21:29,828 DEBUG fUML.Debug [_endIsolation] End isolation.
15 Jan 2012 19:21:29,828 INFO  fUML.Debug Output activity=ForkMerge parameter=output value=0
15 Jan 2012 19:21:29,828 INFO  fUML.Debug Output activity=ForkMerge parameter=output value=0
15 Jan 2012 19:21:29,828 DEBUG fUML.Debug [execute] Activity ForkMerge completed.
15 Jan 2012 19:21:29,828 DEBUG fUML.Debug [destroy] object = fUML.Semantics.Activities.IntermediateActivities.ActivityExecution@1e708b2
15 Jan 2012 19:21:29,828 DEBUG fUML.Debug [testExecute] Output parameter output has 2 value(s):
15 Jan 2012 19:21:29,828 DEBUG fUML.Debug [testExecute] value [0] = 0
15 Jan 2012 19:21:29,828 DEBUG fUML.Debug [testExecute] value [1] = 0
15 Jan 2012 19:21:29,828 DEBUG fUML.Debug 
15 Jan 2012 19:21:29,828 DEBUG fUML.Debug 
15 Jan 2012 19:21:29,828 DEBUG fUML.Debug [testExecute] Executing the behavior...
15 Jan 2012 19:21:29,828 DEBUG fUML.Debug [execute] Activity ForkMergeData...
15 Jan 2012 19:21:29,828 INFO  fUML.Debug Execute activity=ForkMergeData
15 Jan 2012 19:21:29,828 DEBUG fUML.Debug [createNodeActivations] Creating a node activation for Action_A...
15 Jan 2012 19:21:29,828 DEBUG fUML.Debug [createNodeActivations] Creating a node activation for Action_A.result...
15 Jan 2012 19:21:29,828 DEBUG fUML.Debug [createNodeActivations] Creating a node activation for ForkNode...
15 Jan 2012 19:21:29,828 DEBUG fUML.Debug [createNodeActivations] Creating a node activation for MergeNode...
15 Jan 2012 19:21:29,828 DEBUG fUML.Debug [createNodeActivations] Creating a node activation for Action_B...
15 Jan 2012 19:21:29,828 DEBUG fUML.Debug [createNodeActivations] Creating a node activation for Action_B.argument...
15 Jan 2012 19:21:29,828 DEBUG fUML.Debug [createNodeActivations] Creating a node activation for Action_B.result...
15 Jan 2012 19:21:29,828 DEBUG fUML.Debug [createNodeActivations] Creating a node activation for OutputNode...
15 Jan 2012 19:21:29,828 DEBUG fUML.Debug [createEdgeInstances] Creating an edge instance from Action_A.result to ForkNode.
15 Jan 2012 19:21:29,828 DEBUG fUML.Debug [createEdgeInstances] Creating an edge instance from ForkNode to MergeNode.
15 Jan 2012 19:21:29,828 DEBUG fUML.Debug [createEdgeInstances] Creating an edge instance from ForkNode to MergeNode.
15 Jan 2012 19:21:29,828 DEBUG fUML.Debug [createEdgeInstances] Creating an edge instance from MergeNode to Action_B.argument.
15 Jan 2012 19:21:29,828 DEBUG fUML.Debug [createEdgeInstances] Creating an edge instance from Action_B.result to OutputNode.
15 Jan 2012 19:21:29,828 DEBUG fUML.Debug [run] node = Action_A
15 Jan 2012 19:21:29,828 DEBUG fUML.Debug [run] node = Action_A.result
15 Jan 2012 19:21:29,828 DEBUG fUML.Debug [run] node = ForkNode
15 Jan 2012 19:21:29,828 DEBUG fUML.Debug [run] node = MergeNode
15 Jan 2012 19:21:29,828 DEBUG fUML.Debug [run] node = Action_B
15 Jan 2012 19:21:29,828 DEBUG fUML.Debug [run] node = Action_B.argument
15 Jan 2012 19:21:29,828 DEBUG fUML.Debug [run] node = Action_B.result
15 Jan 2012 19:21:29,828 DEBUG fUML.Debug [run] node = OutputNode
15 Jan 2012 19:21:29,828 DEBUG fUML.Debug [run] Checking for enabled nodes...
15 Jan 2012 19:21:29,828 DEBUG fUML.Debug [run] Checking node Action_A...
15 Jan 2012 19:21:29,828 DEBUG fUML.Debug [run] Node Action_A is enabled.
15 Jan 2012 19:21:29,828 DEBUG fUML.Debug [run] Checking node Action_A.result...
15 Jan 2012 19:21:29,828 DEBUG fUML.Debug [run] Checking node ForkNode...
15 Jan 2012 19:21:29,828 DEBUG fUML.Debug [run] Checking node MergeNode...
15 Jan 2012 19:21:29,828 DEBUG fUML.Debug [run] Checking node Action_B...
15 Jan 2012 19:21:29,828 DEBUG fUML.Debug [run] Checking node Action_B.argument...
15 Jan 2012 19:21:29,828 DEBUG fUML.Debug [run] Checking node Action_B.result...
15 Jan 2012 19:21:29,828 DEBUG fUML.Debug [run] Checking node OutputNode...
15 Jan 2012 19:21:29,828 DEBUG fUML.Debug [run] Sending offer to node Action_A.
15 Jan 2012 19:21:29,828 DEBUG fUML.Debug [receiveOffer] node = Action_A
15 Jan 2012 19:21:29,828 DEBUG fUML.Debug [_beginIsolation] Begin isolation.
15 Jan 2012 19:21:29,828 DEBUG fUML.Debug [receiveOffer] Firing.
15 Jan 2012 19:21:29,828 DEBUG fUML.Debug [_endIsolation] End isolation.
15 Jan 2012 19:21:29,828 DEBUG fUML.Debug [fire] Action Action_A...
15 Jan 2012 19:21:29,828 INFO  fUML.Debug Fire activity=ForkMergeData action=Action_A
15 Jan 2012 19:21:29,828 DEBUG fUML.Debug [putToken] node = Action_A
15 Jan 2012 19:21:29,828 DEBUG fUML.Debug [addToken] node = Action_A.result
15 Jan 2012 19:21:29,828 DEBUG fUML.Debug [receiveOffer] node = ForkNode
15 Jan 2012 19:21:29,828 DEBUG fUML.Debug [_beginIsolation] Begin isolation.
15 Jan 2012 19:21:29,828 DEBUG fUML.Debug [receiveOffer] Firing.
15 Jan 2012 19:21:29,828 DEBUG fUML.Debug [_endIsolation] End isolation.
15 Jan 2012 19:21:29,828 DEBUG fUML.Debug [fire] Fork node ForkNode...
15 Jan 2012 19:21:29,828 DEBUG fUML.Debug [addToken] node = ForkNode
15 Jan 2012 19:21:29,828 DEBUG fUML.Debug [receiveOffer] node = MergeNode
15 Jan 2012 19:21:29,828 DEBUG fUML.Debug [_beginIsolation] Begin isolation.
15 Jan 2012 19:21:29,828 DEBUG fUML.Debug [receiveOffer] Firing.
15 Jan 2012 19:21:29,828 DEBUG fUML.Debug [_endIsolation] End isolation.
15 Jan 2012 19:21:29,828 DEBUG fUML.Debug [fire] Control node MergeNode...
15 Jan 2012 19:21:29,828 DEBUG fUML.Debug [receiveOffer] node = Action_B
15 Jan 2012 19:21:29,828 DEBUG fUML.Debug [_beginIsolation] Begin isolation.
15 Jan 2012 19:21:29,828 DEBUG fUML.Debug [receiveOffer] Firing.
15 Jan 2012 19:21:29,828 DEBUG fUML.Debug [fire] Pin Action_B.argument...
15 Jan 2012 19:21:29,828 DEBUG fUML.Debug [addToken] node = Action_B.argument
15 Jan 2012 19:21:29,828 DEBUG fUML.Debug [removeToken] node = Action_A.result
15 Jan 2012 19:21:29,828 DEBUG fUML.Debug [_endIsolation] End isolation.
15 Jan 2012 19:21:29,828 DEBUG fUML.Debug [fire] Action Action_B...
15 Jan 2012 19:21:29,828 INFO  fUML.Debug Fire activity=ForkMergeData action=Action_B
15 Jan 2012 19:21:29,828 DEBUG fUML.Debug [takeTokens] node = Action_B, pin = Action_B.argument
15 Jan 2012 19:21:29,828 DEBUG fUML.Debug [removeToken] node = Action_B.argument
15 Jan 2012 19:21:29,828 DEBUG fUML.Debug [execute] Activity Copier...
15 Jan 2012 19:21:29,828 INFO  fUML.Debug Execute activity=Copier
15 Jan 2012 19:21:29,828 DEBUG fUML.Debug [createNodeActivations] Creating a node activation for inputNode...
15 Jan 2012 19:21:29,843 DEBUG fUML.Debug [createNodeActivations] Creating a node activation for outputNode...
15 Jan 2012 19:21:29,843 DEBUG fUML.Debug [createEdgeInstances] Creating an edge instance from inputNode to outputNode.
15 Jan 2012 19:21:29,843 DEBUG fUML.Debug [run] node = inputNode
15 Jan 2012 19:21:29,843 DEBUG fUML.Debug [run] node = outputNode
15 Jan 2012 19:21:29,843 DEBUG fUML.Debug [run] Checking for enabled nodes...
15 Jan 2012 19:21:29,843 DEBUG fUML.Debug [run] Checking node inputNode...
15 Jan 2012 19:21:29,843 DEBUG fUML.Debug [run] Node inputNode is enabled.
15 Jan 2012 19:21:29,843 DEBUG fUML.Debug [run] Checking node outputNode...
15 Jan 2012 19:21:29,843 DEBUG fUML.Debug [run] Sending offer to node inputNode.
15 Jan 2012 19:21:29,843 DEBUG fUML.Debug [receiveOffer] node = inputNode
15 Jan 2012 19:21:29,843 DEBUG fUML.Debug [_beginIsolation] Begin isolation.
15 Jan 2012 19:21:29,843 DEBUG fUML.Debug [receiveOffer] Firing.
15 Jan 2012 19:21:29,843 DEBUG fUML.Debug [_endIsolation] End isolation.
15 Jan 2012 19:21:29,843 DEBUG fUML.Debug [fire] Input activity parameter node inputNode...
15 Jan 2012 19:21:29,843 DEBUG fUML.Debug [fire] Parameter has 1 value(s).
15 Jan 2012 19:21:29,843 DEBUG fUML.Debug [addToken] node = inputNode
15 Jan 2012 19:21:29,843 DEBUG fUML.Debug [receiveOffer] node = outputNode
15 Jan 2012 19:21:29,843 DEBUG fUML.Debug [_beginIsolation] Begin isolation.
15 Jan 2012 19:21:29,843 DEBUG fUML.Debug [receiveOffer] Firing.
15 Jan 2012 19:21:29,843 DEBUG fUML.Debug [_endIsolation] End isolation.
15 Jan 2012 19:21:29,843 DEBUG fUML.Debug [fire] Output activity parameter node outputNode...
15 Jan 2012 19:21:29,843 DEBUG fUML.Debug [addToken] node = outputNode
15 Jan 2012 19:21:29,843 DEBUG fUML.Debug [removeToken] node = inputNode
15 Jan 2012 19:21:29,843 INFO  fUML.Debug Output activity=Copier parameter=output value=0
15 Jan 2012 19:21:29,843 DEBUG fUML.Debug [execute] Activity Copier completed.
15 Jan 2012 19:21:29,843 DEBUG fUML.Debug [putToken] node = Action_B
15 Jan 2012 19:21:29,843 DEBUG fUML.Debug [addToken] node = Action_B.result
15 Jan 2012 19:21:29,843 DEBUG fUML.Debug [destroy] object = fUML.Semantics.Activities.IntermediateActivities.ActivityExecution@8fcc7b
15 Jan 2012 19:21:29,843 DEBUG fUML.Debug [receiveOffer] node = OutputNode
15 Jan 2012 19:21:29,843 DEBUG fUML.Debug [_beginIsolation] Begin isolation.
15 Jan 2012 19:21:29,843 DEBUG fUML.Debug [receiveOffer] Firing.
15 Jan 2012 19:21:29,843 DEBUG fUML.Debug [_endIsolation] End isolation.
15 Jan 2012 19:21:29,843 DEBUG fUML.Debug [fire] Output activity parameter node OutputNode...
15 Jan 2012 19:21:29,843 DEBUG fUML.Debug [addToken] node = OutputNode
15 Jan 2012 19:21:29,843 DEBUG fUML.Debug [removeToken] node = Action_B.result
15 Jan 2012 19:21:29,843 DEBUG fUML.Debug [fire] Checking if Action_B should fire again...
15 Jan 2012 19:21:29,843 DEBUG fUML.Debug [_beginIsolation] Begin isolation.
15 Jan 2012 19:21:29,843 DEBUG fUML.Debug [_endIsolation] End isolation.
15 Jan 2012 19:21:29,843 DEBUG fUML.Debug [receiveOffer] node = MergeNode
15 Jan 2012 19:21:29,843 DEBUG fUML.Debug [_beginIsolation] Begin isolation.
15 Jan 2012 19:21:29,843 DEBUG fUML.Debug [receiveOffer] Firing.
15 Jan 2012 19:21:29,843 DEBUG fUML.Debug [_endIsolation] End isolation.
15 Jan 2012 19:21:29,843 DEBUG fUML.Debug [fire] Control node MergeNode...
15 Jan 2012 19:21:29,843 DEBUG fUML.Debug [receiveOffer] node = Action_B
15 Jan 2012 19:21:29,843 DEBUG fUML.Debug [_beginIsolation] Begin isolation.
15 Jan 2012 19:21:29,843 DEBUG fUML.Debug [receiveOffer] Firing.
15 Jan 2012 19:21:29,843 DEBUG fUML.Debug [fire] Pin Action_B.argument...
15 Jan 2012 19:21:29,859 DEBUG fUML.Debug [addToken] node = Action_B.argument
15 Jan 2012 19:21:29,859 DEBUG fUML.Debug [removeToken] node = ForkNode
15 Jan 2012 19:21:29,859 DEBUG fUML.Debug [_endIsolation] End isolation.
15 Jan 2012 19:21:29,859 DEBUG fUML.Debug [fire] Action Action_B...
15 Jan 2012 19:21:29,859 INFO  fUML.Debug Fire activity=ForkMergeData action=Action_B
15 Jan 2012 19:21:29,859 DEBUG fUML.Debug [takeTokens] node = Action_B, pin = Action_B.argument
15 Jan 2012 19:21:29,859 DEBUG fUML.Debug [removeToken] node = Action_B.argument
15 Jan 2012 19:21:29,859 DEBUG fUML.Debug [execute] Activity Copier...
15 Jan 2012 19:21:29,859 INFO  fUML.Debug Execute activity=Copier
15 Jan 2012 19:21:29,859 DEBUG fUML.Debug [createNodeActivations] Creating a node activation for inputNode...
15 Jan 2012 19:21:29,859 DEBUG fUML.Debug [createNodeActivations] Creating a node activation for outputNode...
15 Jan 2012 19:21:29,859 DEBUG fUML.Debug [createEdgeInstances] Creating an edge instance from inputNode to outputNode.
15 Jan 2012 19:21:29,859 DEBUG fUML.Debug [run] node = inputNode
15 Jan 2012 19:21:29,859 DEBUG fUML.Debug [run] node = outputNode
15 Jan 2012 19:21:29,859 DEBUG fUML.Debug [run] Checking for enabled nodes...
15 Jan 2012 19:21:29,859 DEBUG fUML.Debug [run] Checking node inputNode...
15 Jan 2012 19:21:29,859 DEBUG fUML.Debug [run] Node inputNode is enabled.
15 Jan 2012 19:21:29,859 DEBUG fUML.Debug [run] Checking node outputNode...
15 Jan 2012 19:21:29,859 DEBUG fUML.Debug [run] Sending offer to node inputNode.
15 Jan 2012 19:21:29,859 DEBUG fUML.Debug [receiveOffer] node = inputNode
15 Jan 2012 19:21:29,859 DEBUG fUML.Debug [_beginIsolation] Begin isolation.
15 Jan 2012 19:21:29,859 DEBUG fUML.Debug [receiveOffer] Firing.
15 Jan 2012 19:21:29,859 DEBUG fUML.Debug [_endIsolation] End isolation.
15 Jan 2012 19:21:29,859 DEBUG fUML.Debug [fire] Input activity parameter node inputNode...
15 Jan 2012 19:21:29,859 DEBUG fUML.Debug [fire] Parameter has 1 value(s).
15 Jan 2012 19:21:29,859 DEBUG fUML.Debug [addToken] node = inputNode
15 Jan 2012 19:21:29,859 DEBUG fUML.Debug [receiveOffer] node = outputNode
15 Jan 2012 19:21:29,859 DEBUG fUML.Debug [_beginIsolation] Begin isolation.
15 Jan 2012 19:21:29,859 DEBUG fUML.Debug [receiveOffer] Firing.
15 Jan 2012 19:21:29,859 DEBUG fUML.Debug [_endIsolation] End isolation.
15 Jan 2012 19:21:29,859 DEBUG fUML.Debug [fire] Output activity parameter node outputNode...
15 Jan 2012 19:21:29,859 DEBUG fUML.Debug [addToken] node = outputNode
15 Jan 2012 19:21:29,859 DEBUG fUML.Debug [removeToken] node = inputNode
15 Jan 2012 19:21:29,859 INFO  fUML.Debug Output activity=Copier parameter=output value=0
15 Jan 2012 19:21:29,859 DEBUG fUML.Debug [execute] Activity Copier completed.
15 Jan 2012 19:21:29,859 DEBUG fUML.Debug [putToken] node = Action_B
15 Jan 2012 19:21:29,859 DEBUG fUML.Debug [addToken] node = Action_B.result
15 Jan 2012 19:21:29,859 DEBUG fUML.Debug [destroy] object = fUML.Semantics.Activities.IntermediateActivities.ActivityExecution@61ec49
15 Jan 2012 19:21:29,859 DEBUG fUML.Debug [receiveOffer] node = OutputNode
15 Jan 2012 19:21:29,859 DEBUG fUML.Debug [_beginIsolation] Begin isolation.
15 Jan 2012 19:21:29,859 DEBUG fUML.Debug [receiveOffer] Firing.
15 Jan 2012 19:21:29,859 DEBUG fUML.Debug [_endIsolation] End isolation.
15 Jan 2012 19:21:29,859 DEBUG fUML.Debug [fire] Output activity parameter node OutputNode...
15 Jan 2012 19:21:29,859 DEBUG fUML.Debug [addToken] node = OutputNode
15 Jan 2012 19:21:29,859 DEBUG fUML.Debug [removeToken] node = Action_B.result
15 Jan 2012 19:21:29,859 DEBUG fUML.Debug [fire] Checking if Action_B should fire again...
15 Jan 2012 19:21:29,859 DEBUG fUML.Debug [_beginIsolation] Begin isolation.
15 Jan 2012 19:21:29,859 DEBUG fUML.Debug [_endIsolation] End isolation.
15 Jan 2012 19:21:29,859 DEBUG fUML.Debug [fire] Checking if Action_A should fire again...
15 Jan 2012 19:21:29,859 DEBUG fUML.Debug [_beginIsolation] Begin isolation.
15 Jan 2012 19:21:29,859 DEBUG fUML.Debug [_endIsolation] End isolation.
15 Jan 2012 19:21:29,859 INFO  fUML.Debug Output activity=ForkMergeData parameter=output value=0
15 Jan 2012 19:21:29,859 INFO  fUML.Debug Output activity=ForkMergeData parameter=output value=0
15 Jan 2012 19:21:29,859 DEBUG fUML.Debug [execute] Activity ForkMergeData completed.
15 Jan 2012 19:21:29,859 DEBUG fUML.Debug [destroy] object = fUML.Semantics.Activities.IntermediateActivities.ActivityExecution@dfc362
15 Jan 2012 19:21:29,859 DEBUG fUML.Debug [testExecute] Output parameter output has 2 value(s):
15 Jan 2012 19:21:29,859 DEBUG fUML.Debug [testExecute] value [0] = 0
15 Jan 2012 19:21:29,859 DEBUG fUML.Debug [testExecute] value [1] = 0
15 Jan 2012 19:21:29,859 DEBUG fUML.Debug 
15 Jan 2012 19:21:29,859 DEBUG fUML.Debug 
15 Jan 2012 19:21:29,859 DEBUG fUML.Debug [testExecute] Executing the behavior...
15 Jan 2012 19:21:29,859 DEBUG fUML.Debug [execute] Activity SelfReader...
15 Jan 2012 19:21:29,859 INFO  fUML.Debug Execute activity=SelfReader
15 Jan 2012 19:21:29,859 DEBUG fUML.Debug [createNodeActivations] Creating a node activation for ReadSelf...
15 Jan 2012 19:21:29,859 DEBUG fUML.Debug [createNodeActivations] Creating a node activation for ReadSelf.result...
15 Jan 2012 19:21:29,859 DEBUG fUML.Debug [createNodeActivations] Creating a node activation for ReadSelf.result...
15 Jan 2012 19:21:29,859 DEBUG fUML.Debug [createNodeActivations] Creating a node activation for OutputNode...
15 Jan 2012 19:21:29,859 DEBUG fUML.Debug [createEdgeInstances] Creating an edge instance from ReadSelf.result to OutputNode.
15 Jan 2012 19:21:29,859 DEBUG fUML.Debug [run] node = ReadSelf
15 Jan 2012 19:21:29,859 DEBUG fUML.Debug [run] node = ReadSelf.result
15 Jan 2012 19:21:29,859 DEBUG fUML.Debug [run] node = ReadSelf.result
15 Jan 2012 19:21:29,859 DEBUG fUML.Debug [run] node = OutputNode
15 Jan 2012 19:21:29,859 DEBUG fUML.Debug [run] Checking for enabled nodes...
15 Jan 2012 19:21:29,859 DEBUG fUML.Debug [run] Checking node ReadSelf...
15 Jan 2012 19:21:29,859 DEBUG fUML.Debug [run] Node ReadSelf is enabled.
15 Jan 2012 19:21:29,859 DEBUG fUML.Debug [run] Checking node ReadSelf.result...
15 Jan 2012 19:21:29,859 DEBUG fUML.Debug [run] Checking node ReadSelf.result...
15 Jan 2012 19:21:29,859 DEBUG fUML.Debug [run] Checking node OutputNode...
15 Jan 2012 19:21:29,859 DEBUG fUML.Debug [run] Sending offer to node ReadSelf.
15 Jan 2012 19:21:29,859 DEBUG fUML.Debug [receiveOffer] node = ReadSelf
15 Jan 2012 19:21:29,859 DEBUG fUML.Debug [_beginIsolation] Begin isolation.
15 Jan 2012 19:21:29,859 DEBUG fUML.Debug [receiveOffer] Firing.
15 Jan 2012 19:21:29,859 DEBUG fUML.Debug [_endIsolation] End isolation.
15 Jan 2012 19:21:29,859 DEBUG fUML.Debug [fire] Action ReadSelf...
15 Jan 2012 19:21:29,859 INFO  fUML.Debug Fire activity=SelfReader action=ReadSelf
15 Jan 2012 19:21:29,859 DEBUG fUML.Debug [putToken] node = ReadSelf
15 Jan 2012 19:21:29,859 DEBUG fUML.Debug [addToken] node = ReadSelf.result
15 Jan 2012 19:21:29,859 DEBUG fUML.Debug [receiveOffer] node = OutputNode
15 Jan 2012 19:21:29,859 DEBUG fUML.Debug [_beginIsolation] Begin isolation.
15 Jan 2012 19:21:29,859 DEBUG fUML.Debug [receiveOffer] Firing.
15 Jan 2012 19:21:29,859 DEBUG fUML.Debug [_endIsolation] End isolation.
15 Jan 2012 19:21:29,859 DEBUG fUML.Debug [fire] Output activity parameter node OutputNode...
15 Jan 2012 19:21:29,859 DEBUG fUML.Debug [addToken] node = OutputNode
15 Jan 2012 19:21:29,875 DEBUG fUML.Debug [removeToken] node = ReadSelf.result
15 Jan 2012 19:21:29,875 DEBUG fUML.Debug [receiveOffer] node = OutputNode
15 Jan 2012 19:21:29,875 DEBUG fUML.Debug [_beginIsolation] Begin isolation.
15 Jan 2012 19:21:29,875 DEBUG fUML.Debug [receiveOffer] Firing.
15 Jan 2012 19:21:29,875 DEBUG fUML.Debug [_endIsolation] End isolation.
15 Jan 2012 19:21:29,875 DEBUG fUML.Debug [fire] Output activity parameter node OutputNode...
15 Jan 2012 19:21:29,875 DEBUG fUML.Debug [fire] Checking if ReadSelf should fire again...
15 Jan 2012 19:21:29,875 DEBUG fUML.Debug [_beginIsolation] Begin isolation.
15 Jan 2012 19:21:29,875 DEBUG fUML.Debug [_endIsolation] End isolation.
15 Jan 2012 19:21:29,875 INFO  fUML.Debug Output activity=SelfReader parameter=self value=Reference to (fUML.Semantics.Activities.IntermediateActivities.ActivityExecution@11c55bb: SelfReader)
15 Jan 2012 19:21:29,875 DEBUG fUML.Debug [execute] Activity SelfReader completed.
15 Jan 2012 19:21:29,875 DEBUG fUML.Debug [destroy] object = fUML.Semantics.Activities.IntermediateActivities.ActivityExecution@11c55bb
15 Jan 2012 19:21:29,875 DEBUG fUML.Debug [testExecute] Output parameter self has 1 value(s):
15 Jan 2012 19:21:29,875 DEBUG fUML.Debug [testExecute] value [0] = Reference to (fUML.Semantics.Activities.IntermediateActivities.ActivityExecution@11c55bb:)
15 Jan 2012 19:21:29,875 DEBUG fUML.Debug 
15 Jan 2012 19:21:29,875 DEBUG fUML.Debug [testSimpleActivities] Done!
15 Jan 2012 19:21:29,875 INFO  builtin.SimpleActivitiesTestCase done
]]></system-out>
  <system-err><![CDATA[]]></system-err>
</testsuite>
