<?xml version="1.0" encoding="UTF-8" ?>
<testsuite errors="0" failures="0" hostname="EVS-MDS-Laptop" name="org.modeldriven.fuml.test.library.LibraryTestCase" tests="1" time="2.516" timestamp="2012-01-16T00:21:33">
  <properties>
    <property name="java.vendor" value="Sun Microsystems Inc." />
    <property name="lib.dir" value="./lib" />
    <property name="md.lib.dir" value="./lib/magicdraw" />
    <property name="env.VS90COMNTOOLS" value="C:\Program Files\Microsoft Visual Studio 9.0\Common7\Tools\" />
    <property name="sun.java.launcher" value="SUN_STANDARD" />
    <property name="eclipse.pdebuild.templates" value="/C:/ModelPro/eclipse/plugins/org.eclipse.pde.build_3.4.1.R34x_v20081217/templates/" />
    <property name="env.TVT" value="C:\Program Files\Lenovo" />
    <property name="sun.management.compiler" value="HotSpot Client Compiler" />
    <property name="env.SHADOW_COMDIR" value="C:\Documents and Settings\Ed Seidewitz\ItsShadow\ComDir" />
    <property name="env.PROMPT" value="$P$G" />
    <property name="os.name" value="Windows XP" />
    <property name="env.FP_NO_HOST_CHECK" value="NO" />
    <property name="sun.boot.class.path" value="C:\ModelPro\eclipse\jre\lib\resources.jar;C:\ModelPro\eclipse\jre\lib\rt.jar;C:\ModelPro\eclipse\jre\lib\sunrsasign.jar;C:\ModelPro\eclipse\jre\lib\jsse.jar;C:\ModelPro\eclipse\jre\lib\jce.jar;C:\ModelPro\eclipse\jre\lib\charsets.jar;C:\ModelPro\eclipse\jre\classes" />
    <property name="release.suffix" value="1.0.0" />
    <property name="env.COMPUTERNAME" value="EVS-MDS-LAPTOP" />
    <property name="schema.config.dir" value="./src/xsd/config" />
    <property name="env.ALLUSERSPROFILE" value="C:\Documents and Settings\All Users" />
    <property name="sun.desktop" value="windows" />
    <property name="env.WS" value="C:\work\WS" />
    <property name="java.vm.specification.vendor" value="Sun Microsystems Inc." />
    <property name="ant.home" value="C:\ModelPro\eclipse\plugins\org.apache.ant_1.7.0.v200803061910" />
    <property name="java.runtime.version" value="1.6.0_07-b06" />
    <property name="unzip.dir" value="./target/fuml/temp" />
    <property name="src.java.dir" value="./src/java" />
    <property name="env.HOMEPATH" value="\Documents and Settings\Ed Seidewitz" />
    <property name="test.java.dir" value="./test" />
    <property name="env.TPCCommon" value="C:\PROGRA~1\THINKV~1\PrdCtr" />
    <property name="user.name" value="Ed Seidewitz" />
    <property name="env.SWSHARE" value="C:\SWSHARE" />
    <property name="xmi.dir" value="./src/xmi" />
    <property name="env.QTJAVA" value="C:\Program Files\Java\jre6\lib\ext\QTJava.zip" />
    <property name="build.dir" value="./target/fuml" />
    <property name="uml.dir" value="./src/uml" />
    <property name="user.language" value="en" />
    <property name="sun.boot.library.path" value="C:\ModelPro\eclipse\jre\bin" />
    <property name="doc.dir" value="./doc" />
    <property name="ant.project.name" value="fuml" />
    <property name="java.version" value="1.6.0_07" />
    <property name="env.PROCESSOR_IDENTIFIER" value="x86 Family 6 Model 15 Stepping 11, GenuineIntel" />
    <property name="user.timezone" value="" />
    <property name="schema.catalog.dir" value="./src/xsd/catalog" />
    <property name="env.asl.log" value="Destination=file;OnFirstLog=command,environment" />
    <property name="env.TEMP" value="C:\DOCUME~1\EDSEID~1\LOCALS~1\Temp" />
    <property name="sun.arch.data.model" value="32" />
    <property name="schema.model.dir" value="./src/xsd/model" />
    <property name="java.endorsed.dirs" value="C:\ModelPro\eclipse\jre\lib\endorsed" />
    <property name="sun.cpu.isalist" value="pentium_pro+mmx pentium_pro pentium+mmx pentium i486 i386 i86" />
    <property name="template.dir" value="./src/xsl" />
    <property name="env.HOMEDRIVE" value="C:" />
    <property name="sun.jnu.encoding" value="Cp1252" />
    <property name="file.encoding.pkg" value="sun.io" />
    <property name="env.TVTPYDIR" value="C:\Program Files\Common Files\Lenovo\Python24" />
    <property name="file.separator" value="\" />
    <property name="java.specification.name" value="Java Platform API Specification" />
    <property name="classes.dir" value="./target/fuml/classes" />
    <property name="java.class.version" value="50.0" />
    <property name="test.output.dir" value="./target/fuml/testoutput" />
    <property name="user.country" value="US" />
    <property name="java.home" value="C:\ModelPro\eclipse\jre" />
    <property name="dist.dir" value="./target/fuml/dist" />
    <property name="env.APPDATA" value="C:\Documents and Settings\Ed Seidewitz\Application Data" />
    <property name="java.vm.info" value="mixed mode" />
    <property name="env.ComSpec" value="C:\WINDOWS\system32\cmd.exe" />
    <property name="env.XML_CATALOG_FILES" value="C:/Program%20Files/Artisan%20Software%20Tools/Artisan%20Real-time%20Studio/System/Publisher/XMLCatalog/docgen.xml" />
    <property name="env.OS" value="Windows_NT" />
    <property name="env.CommonProgramFiles" value="C:\Program Files\Common Files" />
    <property name="ant.file" value="C:\ModelPro\workspace\fUML-Reference-Implementation\build.xml" />
    <property name="os.version" value="5.1" />
    <property name="path.separator" value=";" />
    <property name="java.vm.version" value="10.0-b23" />
    <property name="user.variant" value="" />
    <property name="env.APR_ICONV1_PATH" value="C:\Program Files\CollabNet\Subversion Server\httpd\bin\iconv" />
    <property name="env.TVTCOMMON" value="C:\Program Files\Common Files\Lenovo" />
    <property name="env.USERPROFILE" value="C:\Documents and Settings\Ed Seidewitz" />
    <property name="ant.library.dir" value="C:\ModelPro\eclipse\plugins\org.apache.ant_1.7.0.v200803061910\lib" />
    <property name="uml.library.dir" value="./src/uml/library" />
    <property name="env.JAVA_HOME" value="C:\Program Files\Java\jdk1.6.0_10" />
    <property name="java.awt.printerjob" value="sun.awt.windows.WPrinterJob" />
    <property name="env.TMP" value="C:\DOCUME~1\EDSEID~1\LOCALS~1\Temp" />
    <property name="sun.io.unicode.encoding" value="UnicodeLittle" />
    <property name="test.xmi.dir" value="./test/xmi" />
    <property name="awt.toolkit" value="sun.awt.windows.WToolkit" />
    <property name="eclipse.pdebuild.scripts" value="/C:/ModelPro/eclipse/plugins/org.eclipse.pde.build_3.4.1.R34x_v20081217/scripts/" />
    <property name="xml.model.dir" value="./src/xml/model" />
    <property name="user.home" value="C:\Documents and Settings\Ed Seidewitz" />
    <property name="env.SESSIONNAME" value="Console" />
    <property name="env.CLASSPATH" value=".;C:\Program Files\Java\jre6\lib\ext\QTJava.zip" />
    <property name="java.specification.vendor" value="Sun Microsystems Inc." />
    <property name="test" value="org.modeldriven.fuml.test.library.LibraryTestCase" />
    <property name="test.dir" value="./test" />
    <property name="xml.dir" value="./src/xml" />
    <property name="java.vendor.url" value="http://java.sun.com/" />
    <property name="java.library.path" value="C:\ModelPro\eclipse;.;C:\WINDOWS\Sun\Java\bin;C:\WINDOWS\system32;C:\WINDOWS;C:/ModelPro/eclipse/jre/bin/client;C:/ModelPro/eclipse/jre/bin;C:\Program Files\CollabNet\Subversion Server;C:\Program Files\CollabNet\Subversion Client;C:\WINDOWS\system32;C:\WINDOWS;C:\WINDOWS\System32\Wbem;C:\Program Files\Intel\Wireless\Bin\;C:\Program Files\Diskeeper Corporation\Diskeeper\;C:\Program Files\ThinkPad\ConnectUtilities;C:\Program Files\Common Files\Lenovo;C:\Program Files\Lenovo\Client Security Solution;C:\Program Files\TortoiseSVN\bin;C:\Program Files\javacc-5.0\bin;C:\Program Files\Java\jdk1.6.0_10\bin;C:\Program Files\Apache\apache-ant-1.7.1\bin;C:\Artisan\Enabler\Server\Bin;C:\Program Files\Artisan Software Tools\Artisan Real-time Studio\ItsShadow\Exe;C:\Program Files\Java\jdk1.6.0_10\bin;C:\Program Files\QuickTime\QTSystem\;C:\Program Files\Astaro\Astaro SSL VPN Client\bin;C:\ModelPro\eclipse\configuration\org.eclipse.osgi\bundles\99\1\.cp" />
    <property name="env.NUMBER_OF_PROCESSORS" value="2" />
    <property name="env.SMA" value="C:\Program Files\ThinkVantage\SMA\" />
    <property name="bin.dir" value="./bin" />
    <property name="java.vm.vendor" value="Sun Microsystems Inc." />
    <property name="java.runtime.name" value="Java(TM) SE Runtime Environment" />
    <property name="ant.version" value="Apache Ant version 1.7.0 compiled on December 13 2006" />
    <property name="java.class.path" value="C:\ModelPro\eclipse\plugins\org.apache.ant_1.7.0.v200803061910\lib\ant.jar;C:\ModelPro\eclipse\plugins\org.apache.ant_1.7.0.v200803061910\lib\ant-antlr.jar;C:\ModelPro\eclipse\plugins\org.apache.ant_1.7.0.v200803061910\lib\ant-apache-bcel.jar;C:\ModelPro\eclipse\plugins\org.apache.ant_1.7.0.v200803061910\lib\ant-apache-bsf.jar;C:\ModelPro\eclipse\plugins\org.apache.ant_1.7.0.v200803061910\lib\ant-apache-log4j.jar;C:\ModelPro\eclipse\plugins\org.apache.ant_1.7.0.v200803061910\lib\ant-apache-oro.jar;C:\ModelPro\eclipse\plugins\org.apache.ant_1.7.0.v200803061910\lib\ant-apache-regexp.jar;C:\ModelPro\eclipse\plugins\org.apache.ant_1.7.0.v200803061910\lib\ant-apache-resolver.jar;C:\ModelPro\eclipse\plugins\org.apache.ant_1.7.0.v200803061910\lib\ant-commons-logging.jar;C:\ModelPro\eclipse\plugins\org.apache.ant_1.7.0.v200803061910\lib\ant-commons-net.jar;C:\ModelPro\eclipse\plugins\org.apache.ant_1.7.0.v200803061910\lib\ant-jai.jar;C:\ModelPro\eclipse\plugins\org.apache.ant_1.7.0.v200803061910\lib\ant-javamail.jar;C:\ModelPro\eclipse\plugins\org.apache.ant_1.7.0.v200803061910\lib\ant-jdepend.jar;C:\ModelPro\eclipse\plugins\org.apache.ant_1.7.0.v200803061910\lib\ant-jmf.jar;C:\ModelPro\eclipse\plugins\org.apache.ant_1.7.0.v200803061910\lib\ant-jsch.jar;C:\ModelPro\eclipse\plugins\org.apache.ant_1.7.0.v200803061910\lib\ant-junit.jar;C:\ModelPro\eclipse\plugins\org.apache.ant_1.7.0.v200803061910\lib\ant-launcher.jar;C:\ModelPro\eclipse\plugins\org.apache.ant_1.7.0.v200803061910\lib\ant-netrexx.jar;C:\ModelPro\eclipse\plugins\org.apache.ant_1.7.0.v200803061910\lib\ant-nodeps.jar;C:\ModelPro\eclipse\plugins\org.apache.ant_1.7.0.v200803061910\lib\ant-starteam.jar;C:\ModelPro\eclipse\plugins\org.apache.ant_1.7.0.v200803061910\lib\ant-stylebook.jar;C:\ModelPro\eclipse\plugins\org.apache.ant_1.7.0.v200803061910\lib\ant-swing.jar;C:\ModelPro\eclipse\plugins\org.apache.ant_1.7.0.v200803061910\lib\ant-trax.jar;C:\ModelPro\eclipse\plugins\org.apache.ant_1.7.0.v200803061910\lib\ant-weblogic.jar;C:\ModelPro\eclipse\configuration\org.eclipse.osgi\bundles\187\1\.cp\lib\remoteAnt.jar;C:\Program Files\Java\jdk1.6.0_10\lib\tools.jar;C:\ModelPro\eclipse\plugins\org.eclipse.swt.win32.win32.x86_3.4.1.v3452b.jar" />
    <property name="env.JBOSS_HOME" value="C:\Program Files\NexJ\jboss-5.1.0.GA\" />
    <property name="java.vm.specification.name" value="Java Virtual Machine Specification" />
    <property name="xml.config.dir" value="./src/xml/config" />
    <property name="env.windir" value="C:\WINDOWS" />
    <property name="env.LOGONSERVER" value="\\EVS-MDS-LAPTOP" />
    <property name="env.PROCESSOR_ARCHITECTURE" value="x86" />
    <property name="java.vm.specification.version" value="1.0" />
    <property name="sun.cpu.endian" value="little" />
    <property name="sun.os.patch.level" value="Service Pack 3" />
    <property name="env.ANT_HOME" value="C:\ModelPro\eclipse\plugins\org.apache.ant_1.7.0.v200803061910" />
    <property name="env.ProgramFiles" value="C:\Program Files" />
    <property name="java.io.tmpdir" value="C:\DOCUME~1\EDSEID~1\LOCALS~1\Temp\" />
    <property name="eclipse.pdebuild.home" value="/C:/ModelPro/eclipse/plugins/org.eclipse.pde.build_3.4.1.R34x_v20081217/./" />
    <property name="env.PROCESSOR_REVISION" value="0f0b" />
    <property name="java.vendor.url.bug" value="http://java.sun.com/cgi-bin/bugreport.cgi" />
    <property name="env.SystemRoot" value="C:\WINDOWS" />
    <property name="env.SHADOWTDK_COMDIR" value="C:\Documents and Settings\Ed Seidewitz\ItsShadow\TdkComDir" />
    <property name="java.awt.graphicsenv" value="sun.awt.Win32GraphicsEnvironment" />
    <property name="os.arch" value="x86" />
    <property name="java.ext.dirs" value="C:\ModelPro\eclipse\jre\lib\ext;C:\WINDOWS\Sun\Java\lib\ext" />
    <property name="user.dir" value="C:\ModelPro\workspace\fUML-Reference-Implementation" />
    <property name="xmi.library.dir" value="./src/xmi/library" />
    <property name="line.separator" value="
" />
    <property name="java.vm.name" value="Java HotSpot(TM) Client VM" />
    <property name="env.PATHEXT" value=".COM;.EXE;.BAT;.CMD;.VBS;.VBE;.JS;.JSE;.WSF;.WSH" />
    <property name="env.Path" value="C:/ModelPro/eclipse/jre/bin/client;C:/ModelPro/eclipse/jre/bin;C:\Program Files\CollabNet\Subversion Server;C:\Program Files\CollabNet\Subversion Client;C:\WINDOWS\system32;C:\WINDOWS;C:\WINDOWS\System32\Wbem;C:\Program Files\Intel\Wireless\Bin\;C:\Program Files\Diskeeper Corporation\Diskeeper\;C:\Program Files\ThinkPad\ConnectUtilities;C:\Program Files\Common Files\Lenovo;C:\Program Files\Lenovo\Client Security Solution;C:\Program Files\TortoiseSVN\bin;C:\Program Files\javacc-5.0\bin;C:\Program Files\Java\jdk1.6.0_10\bin;C:\Program Files\Apache\apache-ant-1.7.1\bin;C:\Artisan\Enabler\Server\Bin;C:\Program Files\Artisan Software Tools\Artisan Real-time Studio\ItsShadow\Exe;C:\Program Files\Java\jdk1.6.0_10\bin;C:\Program Files\QuickTime\QTSystem\;C:\Program Files\Astaro\Astaro SSL VPN Client\bin" />
    <property name="basedir" value="C:\ModelPro\workspace\fUML-Reference-Implementation" />
    <property name="ant.java.version" value="1.6" />
    <property name="ant.core.lib" value="C:\ModelPro\eclipse\plugins\org.apache.ant_1.7.0.v200803061910\lib\ant.jar" />
    <property name="env.USERNAME" value="Ed Seidewitz" />
    <property name="schema.dir" value="./src/xsd" />
    <property name="env.JBOSS_BIN" value="C:\Program Files\NexJ\jboss-5.1.0.GA\bin" />
    <property name="env.SystemDrive" value="C:" />
    <property name="ant.file.fuml" value="C:\ModelPro\workspace\fUML-Reference-Implementation\build.xml" />
    <property name="file.encoding" value="iso-8859-1" />
    <property name="target.dir" value="./target/fuml" />
    <property name="env.RR" value="C:\Program Files\Lenovo\Rescue and Recovery" />
    <property name="env.USERDOMAIN" value="EVS-MDS-LAPTOP" />
    <property name="gen.java.dir" value="./target/fuml/src" />
    <property name="java.specification.version" value="1.6" />
    <property name="env.SonicCentral" value="C:\Program Files\Common Files\Sonic Shared\Sonic Central\" />
    <property name="src.dir" value="./src" />
    <property name="env.PROCESSOR_LEVEL" value="6" />
  </properties>
  <testcase classname="org.modeldriven.fuml.test.library.LibraryTestCase" name="testLoadLibraries" time="2.297" />
  <system-out><![CDATA[15 Jan 2012 19:21:33,656 INFO  library.Library initializing...
15 Jan 2012 19:21:33,656 INFO  config.FumlConfiguration initializing...
15 Jan 2012 19:21:33,656 INFO  config.FumlConfigDataBinding loading schema chain...
15 Jan 2012 19:21:34,078 INFO  config.FumlConfiguration loading configuration, DefaultFumlConfig.xml
15 Jan 2012 19:21:34,171 INFO  library.Library loading library artifact, fUML_Library.xmi
15 Jan 2012 19:21:34,187 INFO  io.ArtifactLoader reading fUML_Library.xmi
15 Jan 2012 19:21:34,421 INFO  model.InMemoryRepository initializing...
15 Jan 2012 19:21:34,421 INFO  repository.RepositoryConfigDataBinding loading schema chain...
15 Jan 2012 19:21:34,562 INFO  model.InfrastructureAssembler initializing...
15 Jan 2012 19:21:34,656 INFO  model.SuperstructureAssembler initializing...
15 Jan 2012 19:21:34,734 INFO  model.fUML_SyntaxAssembler initializing...
15 Jan 2012 19:21:34,750 INFO  model.InMemoryRepository performing package merge...
15 Jan 2012 19:21:34,781 INFO  model.InMemoryRepository cacheing classifier attributes and operations...
15 Jan 2012 19:21:35,937 INFO  assembly.ElementAssembler mapped ListSize to org.modeldriven.fuml.library.listfunctions.ListSizeFunctionBehaviorExecution
15 Jan 2012 19:21:35,937 INFO  assembly.ElementAssembler mapped ListGet to org.modeldriven.fuml.library.listfunctions.ListGetFunctionBehaviorExecution
15 Jan 2012 19:21:35,937 INFO  assembly.ElementAssembler mapped ToString to org.modeldriven.fuml.library.unlimitednaturalfunctions.UnlimitedNaturalToStringFunctionBehaviorExecution
15 Jan 2012 19:21:35,937 INFO  assembly.ElementAssembler mapped Min to org.modeldriven.fuml.library.unlimitednaturalfunctions.UnlimitedNaturalMinFunctionBehaviorExecution
15 Jan 2012 19:21:35,937 INFO  assembly.ElementAssembler mapped Max to org.modeldriven.fuml.library.unlimitednaturalfunctions.UnlimitedNaturalMaxFunctionBehaviorExecution
15 Jan 2012 19:21:35,937 INFO  assembly.ElementAssembler mapped ToInteger to org.modeldriven.fuml.library.unlimitednaturalfunctions.UnlimitedNaturalToIntegerFunctionBehaviorExecution
15 Jan 2012 19:21:35,937 INFO  assembly.ElementAssembler mapped ToUnlimitedNatural to org.modeldriven.fuml.library.unlimitednaturalfunctions.UnlimitedNaturalToUnlimitedNaturalFunctionBehaviorExecution
15 Jan 2012 19:21:35,937 INFO  assembly.ElementAssembler mapped >= to org.modeldriven.fuml.library.unlimitednaturalfunctions.UnlimitedNaturalGreaterThanEqualFunctionBehaviorExecution
15 Jan 2012 19:21:35,937 INFO  assembly.ElementAssembler mapped <= to org.modeldriven.fuml.library.unlimitednaturalfunctions.UnlimitedNaturalLessThanEqualFunctionBehaviorExecution
15 Jan 2012 19:21:35,937 INFO  assembly.ElementAssembler mapped > to org.modeldriven.fuml.library.unlimitednaturalfunctions.UnlimitedNaturalGreaterThanFunctionBehaviorExecution
15 Jan 2012 19:21:35,937 INFO  assembly.ElementAssembler mapped < to org.modeldriven.fuml.library.unlimitednaturalfunctions.UnlimitedNaturalLessThanFunctionBehaviorExecution
15 Jan 2012 19:21:35,937 INFO  assembly.ElementAssembler mapped Div to org.modeldriven.fuml.library.integerfunctions.IntegerDivideFunctionBehaviorExecution
15 Jan 2012 19:21:35,937 INFO  assembly.ElementAssembler mapped ToString to org.modeldriven.fuml.library.integerfunctions.IntegerToStringFunctionBehaviorExecution
15 Jan 2012 19:21:35,937 INFO  assembly.ElementAssembler mapped < to org.modeldriven.fuml.library.integerfunctions.IntegerLessThanFunctionBehaviorExecution
15 Jan 2012 19:21:35,937 INFO  assembly.ElementAssembler mapped ToUnlimitedNatural to org.modeldriven.fuml.library.integerfunctions.IntegerToUnlimitedNaturalFunctionBehaviorExecution
15 Jan 2012 19:21:35,937 INFO  assembly.ElementAssembler mapped > to org.modeldriven.fuml.library.integerfunctions.IntegerGreaterThanFunctionBehaviorExecution
15 Jan 2012 19:21:35,937 INFO  assembly.ElementAssembler mapped ToInteger to org.modeldriven.fuml.library.integerfunctions.IntegerToIntegerFunctionBehaviorExecution
15 Jan 2012 19:21:35,937 INFO  assembly.ElementAssembler mapped Max to org.modeldriven.fuml.library.integerfunctions.IntegerMaxFunctionBehaviorExecution
15 Jan 2012 19:21:35,937 INFO  assembly.ElementAssembler mapped + to org.modeldriven.fuml.library.integerfunctions.IntegerPlusFunctionBehaviorExecution
15 Jan 2012 19:21:35,937 INFO  assembly.ElementAssembler mapped Abs to org.modeldriven.fuml.library.integerfunctions.IntegerAbsFunctionBehaviorExecution
15 Jan 2012 19:21:35,937 INFO  assembly.ElementAssembler mapped <= to org.modeldriven.fuml.library.integerfunctions.IntegerLessThanEqualFunctionBehaviorExecution
15 Jan 2012 19:21:35,937 INFO  assembly.ElementAssembler mapped * to org.modeldriven.fuml.library.integerfunctions.IntegerTimesFunctionBehaviorExecution
15 Jan 2012 19:21:35,937 INFO  assembly.ElementAssembler mapped >= to org.modeldriven.fuml.library.integerfunctions.IntegerGreaterThanEqualFunctionBehaviorExecution
15 Jan 2012 19:21:35,937 INFO  assembly.ElementAssembler mapped Neg to org.modeldriven.fuml.library.integerfunctions.IntegerNegateFunctionBehaviorExecution
15 Jan 2012 19:21:35,937 INFO  assembly.ElementAssembler mapped Min to org.modeldriven.fuml.library.integerfunctions.IntegerMinFunctionBehaviorExecution
15 Jan 2012 19:21:35,937 INFO  assembly.ElementAssembler mapped Mod to org.modeldriven.fuml.library.integerfunctions.IntegerModFunctionBehaviorExecution
15 Jan 2012 19:21:35,937 INFO  assembly.ElementAssembler mapped - to org.modeldriven.fuml.library.integerfunctions.IntegerMinusFunctionBehaviorExecution
15 Jan 2012 19:21:35,937 INFO  assembly.ElementAssembler mapped Xor to org.modeldriven.fuml.library.booleanfunctions.BooleanXorFunctionBehaviorExecution
15 Jan 2012 19:21:35,937 INFO  assembly.ElementAssembler mapped Not to org.modeldriven.fuml.library.booleanfunctions.BooleanNotFunctionBehaviorExecution
15 Jan 2012 19:21:35,937 INFO  assembly.ElementAssembler mapped Implies to org.modeldriven.fuml.library.booleanfunctions.BooleanImpliesFunctionBehaviorExecution
15 Jan 2012 19:21:35,937 INFO  assembly.ElementAssembler mapped ToString to org.modeldriven.fuml.library.booleanfunctions.BooleanToStringFunctionBehaviorExecution
15 Jan 2012 19:21:35,937 INFO  assembly.ElementAssembler mapped ToBoolean to org.modeldriven.fuml.library.booleanfunctions.BooleanToBooleanFunctionBehaviorExecution
15 Jan 2012 19:21:35,937 INFO  assembly.ElementAssembler mapped Or to org.modeldriven.fuml.library.booleanfunctions.BooleanOrFunctionBehaviorExecution
15 Jan 2012 19:21:35,937 INFO  assembly.ElementAssembler mapped And to org.modeldriven.fuml.library.booleanfunctions.BooleanAndFunctionBehaviorExecution
15 Jan 2012 19:21:35,937 INFO  assembly.ElementAssembler mapped Concat to org.modeldriven.fuml.library.stringfunctions.StringConcatFunctionBehaviorExecution
15 Jan 2012 19:21:35,937 INFO  assembly.ElementAssembler mapped Size to org.modeldriven.fuml.library.stringfunctions.StringSizeFunctionBehaviorExecution
15 Jan 2012 19:21:35,937 INFO  assembly.ElementAssembler mapped Substring to org.modeldriven.fuml.library.stringfunctions.StringSubstringFunctionBehaviorExecution
15 Jan 2012 19:21:35,937 INFO  assembly.ElementAssembler mapped StandardOutputChannel to org.modeldriven.fuml.library.channel.StandardOutputChannelObject
15 Jan 2012 19:21:35,937 INFO  assembly.ElementAssembler adding to locus: org.modeldriven.fuml.library.channel.StandardOutputChannelObject
15 Jan 2012 19:21:35,937 INFO  assembly.ElementAssembler mapped StandardInputChannel to org.modeldriven.fuml.library.channel.StandardInputChannelObject
15 Jan 2012 19:21:35,937 INFO  assembly.ElementAssembler adding to locus: org.modeldriven.fuml.library.channel.StandardInputChannelObject
15 Jan 2012 19:21:35,953 INFO  library.Library completed library artifact, fUML_Library.xmi
15 Jan 2012 19:21:35,953 INFO  library.LibraryTestCase done
]]></system-out>
  <system-err><![CDATA[]]></system-err>
</testsuite>
