<?xml version="1.0" encoding="UTF-8" ?>
<testsuite errors="0" failures="0" hostname="EVS-MDS-Laptop" name="org.modeldriven.fuml.test.model.ModelTestCase" tests="18" time="2.687" timestamp="2012-01-16T00:21:25">
  <properties>
    <property name="java.vendor" value="Sun Microsystems Inc." />
    <property name="lib.dir" value="./lib" />
    <property name="md.lib.dir" value="./lib/magicdraw" />
    <property name="env.VS90COMNTOOLS" value="C:\Program Files\Microsoft Visual Studio 9.0\Common7\Tools\" />
    <property name="sun.java.launcher" value="SUN_STANDARD" />
    <property name="eclipse.pdebuild.templates" value="/C:/ModelPro/eclipse/plugins/org.eclipse.pde.build_3.4.1.R34x_v20081217/templates/" />
    <property name="env.TVT" value="C:\Program Files\Lenovo" />
    <property name="sun.management.compiler" value="HotSpot Client Compiler" />
    <property name="env.SHADOW_COMDIR" value="C:\Documents and Settings\Ed Seidewitz\ItsShadow\ComDir" />
    <property name="env.PROMPT" value="$P$G" />
    <property name="os.name" value="Windows XP" />
    <property name="env.FP_NO_HOST_CHECK" value="NO" />
    <property name="sun.boot.class.path" value="C:\ModelPro\eclipse\jre\lib\resources.jar;C:\ModelPro\eclipse\jre\lib\rt.jar;C:\ModelPro\eclipse\jre\lib\sunrsasign.jar;C:\ModelPro\eclipse\jre\lib\jsse.jar;C:\ModelPro\eclipse\jre\lib\jce.jar;C:\ModelPro\eclipse\jre\lib\charsets.jar;C:\ModelPro\eclipse\jre\classes" />
    <property name="release.suffix" value="1.0.0" />
    <property name="env.COMPUTERNAME" value="EVS-MDS-LAPTOP" />
    <property name="schema.config.dir" value="./src/xsd/config" />
    <property name="env.ALLUSERSPROFILE" value="C:\Documents and Settings\All Users" />
    <property name="sun.desktop" value="windows" />
    <property name="env.WS" value="C:\work\WS" />
    <property name="java.vm.specification.vendor" value="Sun Microsystems Inc." />
    <property name="ant.home" value="C:\ModelPro\eclipse\plugins\org.apache.ant_1.7.0.v200803061910" />
    <property name="java.runtime.version" value="1.6.0_07-b06" />
    <property name="unzip.dir" value="./target/fuml/temp" />
    <property name="src.java.dir" value="./src/java" />
    <property name="env.HOMEPATH" value="\Documents and Settings\Ed Seidewitz" />
    <property name="test.java.dir" value="./test" />
    <property name="env.TPCCommon" value="C:\PROGRA~1\THINKV~1\PrdCtr" />
    <property name="user.name" value="Ed Seidewitz" />
    <property name="env.SWSHARE" value="C:\SWSHARE" />
    <property name="xmi.dir" value="./src/xmi" />
    <property name="env.QTJAVA" value="C:\Program Files\Java\jre6\lib\ext\QTJava.zip" />
    <property name="build.dir" value="./target/fuml" />
    <property name="uml.dir" value="./src/uml" />
    <property name="user.language" value="en" />
    <property name="sun.boot.library.path" value="C:\ModelPro\eclipse\jre\bin" />
    <property name="doc.dir" value="./doc" />
    <property name="ant.project.name" value="fuml" />
    <property name="java.version" value="1.6.0_07" />
    <property name="env.PROCESSOR_IDENTIFIER" value="x86 Family 6 Model 15 Stepping 11, GenuineIntel" />
    <property name="user.timezone" value="" />
    <property name="schema.catalog.dir" value="./src/xsd/catalog" />
    <property name="env.asl.log" value="Destination=file;OnFirstLog=command,environment" />
    <property name="env.TEMP" value="C:\DOCUME~1\EDSEID~1\LOCALS~1\Temp" />
    <property name="sun.arch.data.model" value="32" />
    <property name="schema.model.dir" value="./src/xsd/model" />
    <property name="java.endorsed.dirs" value="C:\ModelPro\eclipse\jre\lib\endorsed" />
    <property name="sun.cpu.isalist" value="pentium_pro+mmx pentium_pro pentium+mmx pentium i486 i386 i86" />
    <property name="template.dir" value="./src/xsl" />
    <property name="env.HOMEDRIVE" value="C:" />
    <property name="sun.jnu.encoding" value="Cp1252" />
    <property name="file.encoding.pkg" value="sun.io" />
    <property name="env.TVTPYDIR" value="C:\Program Files\Common Files\Lenovo\Python24" />
    <property name="file.separator" value="\" />
    <property name="java.specification.name" value="Java Platform API Specification" />
    <property name="classes.dir" value="./target/fuml/classes" />
    <property name="java.class.version" value="50.0" />
    <property name="test.output.dir" value="./target/fuml/testoutput" />
    <property name="user.country" value="US" />
    <property name="java.home" value="C:\ModelPro\eclipse\jre" />
    <property name="dist.dir" value="./target/fuml/dist" />
    <property name="env.APPDATA" value="C:\Documents and Settings\Ed Seidewitz\Application Data" />
    <property name="java.vm.info" value="mixed mode" />
    <property name="env.ComSpec" value="C:\WINDOWS\system32\cmd.exe" />
    <property name="env.XML_CATALOG_FILES" value="C:/Program%20Files/Artisan%20Software%20Tools/Artisan%20Real-time%20Studio/System/Publisher/XMLCatalog/docgen.xml" />
    <property name="env.OS" value="Windows_NT" />
    <property name="env.CommonProgramFiles" value="C:\Program Files\Common Files" />
    <property name="ant.file" value="C:\ModelPro\workspace\fUML-Reference-Implementation\build.xml" />
    <property name="os.version" value="5.1" />
    <property name="path.separator" value=";" />
    <property name="java.vm.version" value="10.0-b23" />
    <property name="user.variant" value="" />
    <property name="env.APR_ICONV1_PATH" value="C:\Program Files\CollabNet\Subversion Server\httpd\bin\iconv" />
    <property name="env.TVTCOMMON" value="C:\Program Files\Common Files\Lenovo" />
    <property name="env.USERPROFILE" value="C:\Documents and Settings\Ed Seidewitz" />
    <property name="ant.library.dir" value="C:\ModelPro\eclipse\plugins\org.apache.ant_1.7.0.v200803061910\lib" />
    <property name="uml.library.dir" value="./src/uml/library" />
    <property name="env.JAVA_HOME" value="C:\Program Files\Java\jdk1.6.0_10" />
    <property name="java.awt.printerjob" value="sun.awt.windows.WPrinterJob" />
    <property name="env.TMP" value="C:\DOCUME~1\EDSEID~1\LOCALS~1\Temp" />
    <property name="sun.io.unicode.encoding" value="UnicodeLittle" />
    <property name="test.xmi.dir" value="./test/xmi" />
    <property name="awt.toolkit" value="sun.awt.windows.WToolkit" />
    <property name="eclipse.pdebuild.scripts" value="/C:/ModelPro/eclipse/plugins/org.eclipse.pde.build_3.4.1.R34x_v20081217/scripts/" />
    <property name="xml.model.dir" value="./src/xml/model" />
    <property name="user.home" value="C:\Documents and Settings\Ed Seidewitz" />
    <property name="env.SESSIONNAME" value="Console" />
    <property name="env.CLASSPATH" value=".;C:\Program Files\Java\jre6\lib\ext\QTJava.zip" />
    <property name="java.specification.vendor" value="Sun Microsystems Inc." />
    <property name="test" value="org.modeldriven.fuml.test.model.ModelTestCase" />
    <property name="test.dir" value="./test" />
    <property name="xml.dir" value="./src/xml" />
    <property name="java.vendor.url" value="http://java.sun.com/" />
    <property name="java.library.path" value="C:\ModelPro\eclipse;.;C:\WINDOWS\Sun\Java\bin;C:\WINDOWS\system32;C:\WINDOWS;C:/ModelPro/eclipse/jre/bin/client;C:/ModelPro/eclipse/jre/bin;C:\Program Files\CollabNet\Subversion Server;C:\Program Files\CollabNet\Subversion Client;C:\WINDOWS\system32;C:\WINDOWS;C:\WINDOWS\System32\Wbem;C:\Program Files\Intel\Wireless\Bin\;C:\Program Files\Diskeeper Corporation\Diskeeper\;C:\Program Files\ThinkPad\ConnectUtilities;C:\Program Files\Common Files\Lenovo;C:\Program Files\Lenovo\Client Security Solution;C:\Program Files\TortoiseSVN\bin;C:\Program Files\javacc-5.0\bin;C:\Program Files\Java\jdk1.6.0_10\bin;C:\Program Files\Apache\apache-ant-1.7.1\bin;C:\Artisan\Enabler\Server\Bin;C:\Program Files\Artisan Software Tools\Artisan Real-time Studio\ItsShadow\Exe;C:\Program Files\Java\jdk1.6.0_10\bin;C:\Program Files\QuickTime\QTSystem\;C:\Program Files\Astaro\Astaro SSL VPN Client\bin;C:\ModelPro\eclipse\configuration\org.eclipse.osgi\bundles\99\1\.cp" />
    <property name="env.NUMBER_OF_PROCESSORS" value="2" />
    <property name="env.SMA" value="C:\Program Files\ThinkVantage\SMA\" />
    <property name="bin.dir" value="./bin" />
    <property name="java.vm.vendor" value="Sun Microsystems Inc." />
    <property name="java.runtime.name" value="Java(TM) SE Runtime Environment" />
    <property name="ant.version" value="Apache Ant version 1.7.0 compiled on December 13 2006" />
    <property name="java.class.path" value="C:\ModelPro\eclipse\plugins\org.apache.ant_1.7.0.v200803061910\lib\ant.jar;C:\ModelPro\eclipse\plugins\org.apache.ant_1.7.0.v200803061910\lib\ant-antlr.jar;C:\ModelPro\eclipse\plugins\org.apache.ant_1.7.0.v200803061910\lib\ant-apache-bcel.jar;C:\ModelPro\eclipse\plugins\org.apache.ant_1.7.0.v200803061910\lib\ant-apache-bsf.jar;C:\ModelPro\eclipse\plugins\org.apache.ant_1.7.0.v200803061910\lib\ant-apache-log4j.jar;C:\ModelPro\eclipse\plugins\org.apache.ant_1.7.0.v200803061910\lib\ant-apache-oro.jar;C:\ModelPro\eclipse\plugins\org.apache.ant_1.7.0.v200803061910\lib\ant-apache-regexp.jar;C:\ModelPro\eclipse\plugins\org.apache.ant_1.7.0.v200803061910\lib\ant-apache-resolver.jar;C:\ModelPro\eclipse\plugins\org.apache.ant_1.7.0.v200803061910\lib\ant-commons-logging.jar;C:\ModelPro\eclipse\plugins\org.apache.ant_1.7.0.v200803061910\lib\ant-commons-net.jar;C:\ModelPro\eclipse\plugins\org.apache.ant_1.7.0.v200803061910\lib\ant-jai.jar;C:\ModelPro\eclipse\plugins\org.apache.ant_1.7.0.v200803061910\lib\ant-javamail.jar;C:\ModelPro\eclipse\plugins\org.apache.ant_1.7.0.v200803061910\lib\ant-jdepend.jar;C:\ModelPro\eclipse\plugins\org.apache.ant_1.7.0.v200803061910\lib\ant-jmf.jar;C:\ModelPro\eclipse\plugins\org.apache.ant_1.7.0.v200803061910\lib\ant-jsch.jar;C:\ModelPro\eclipse\plugins\org.apache.ant_1.7.0.v200803061910\lib\ant-junit.jar;C:\ModelPro\eclipse\plugins\org.apache.ant_1.7.0.v200803061910\lib\ant-launcher.jar;C:\ModelPro\eclipse\plugins\org.apache.ant_1.7.0.v200803061910\lib\ant-netrexx.jar;C:\ModelPro\eclipse\plugins\org.apache.ant_1.7.0.v200803061910\lib\ant-nodeps.jar;C:\ModelPro\eclipse\plugins\org.apache.ant_1.7.0.v200803061910\lib\ant-starteam.jar;C:\ModelPro\eclipse\plugins\org.apache.ant_1.7.0.v200803061910\lib\ant-stylebook.jar;C:\ModelPro\eclipse\plugins\org.apache.ant_1.7.0.v200803061910\lib\ant-swing.jar;C:\ModelPro\eclipse\plugins\org.apache.ant_1.7.0.v200803061910\lib\ant-trax.jar;C:\ModelPro\eclipse\plugins\org.apache.ant_1.7.0.v200803061910\lib\ant-weblogic.jar;C:\ModelPro\eclipse\configuration\org.eclipse.osgi\bundles\187\1\.cp\lib\remoteAnt.jar;C:\Program Files\Java\jdk1.6.0_10\lib\tools.jar;C:\ModelPro\eclipse\plugins\org.eclipse.swt.win32.win32.x86_3.4.1.v3452b.jar" />
    <property name="env.JBOSS_HOME" value="C:\Program Files\NexJ\jboss-5.1.0.GA\" />
    <property name="java.vm.specification.name" value="Java Virtual Machine Specification" />
    <property name="xml.config.dir" value="./src/xml/config" />
    <property name="env.windir" value="C:\WINDOWS" />
    <property name="env.LOGONSERVER" value="\\EVS-MDS-LAPTOP" />
    <property name="env.PROCESSOR_ARCHITECTURE" value="x86" />
    <property name="java.vm.specification.version" value="1.0" />
    <property name="sun.cpu.endian" value="little" />
    <property name="sun.os.patch.level" value="Service Pack 3" />
    <property name="env.ANT_HOME" value="C:\ModelPro\eclipse\plugins\org.apache.ant_1.7.0.v200803061910" />
    <property name="env.ProgramFiles" value="C:\Program Files" />
    <property name="java.io.tmpdir" value="C:\DOCUME~1\EDSEID~1\LOCALS~1\Temp\" />
    <property name="eclipse.pdebuild.home" value="/C:/ModelPro/eclipse/plugins/org.eclipse.pde.build_3.4.1.R34x_v20081217/./" />
    <property name="env.PROCESSOR_REVISION" value="0f0b" />
    <property name="java.vendor.url.bug" value="http://java.sun.com/cgi-bin/bugreport.cgi" />
    <property name="env.SystemRoot" value="C:\WINDOWS" />
    <property name="env.SHADOWTDK_COMDIR" value="C:\Documents and Settings\Ed Seidewitz\ItsShadow\TdkComDir" />
    <property name="java.awt.graphicsenv" value="sun.awt.Win32GraphicsEnvironment" />
    <property name="os.arch" value="x86" />
    <property name="java.ext.dirs" value="C:\ModelPro\eclipse\jre\lib\ext;C:\WINDOWS\Sun\Java\lib\ext" />
    <property name="user.dir" value="C:\ModelPro\workspace\fUML-Reference-Implementation" />
    <property name="xmi.library.dir" value="./src/xmi/library" />
    <property name="line.separator" value="
" />
    <property name="java.vm.name" value="Java HotSpot(TM) Client VM" />
    <property name="env.PATHEXT" value=".COM;.EXE;.BAT;.CMD;.VBS;.VBE;.JS;.JSE;.WSF;.WSH" />
    <property name="env.Path" value="C:/ModelPro/eclipse/jre/bin/client;C:/ModelPro/eclipse/jre/bin;C:\Program Files\CollabNet\Subversion Server;C:\Program Files\CollabNet\Subversion Client;C:\WINDOWS\system32;C:\WINDOWS;C:\WINDOWS\System32\Wbem;C:\Program Files\Intel\Wireless\Bin\;C:\Program Files\Diskeeper Corporation\Diskeeper\;C:\Program Files\ThinkPad\ConnectUtilities;C:\Program Files\Common Files\Lenovo;C:\Program Files\Lenovo\Client Security Solution;C:\Program Files\TortoiseSVN\bin;C:\Program Files\javacc-5.0\bin;C:\Program Files\Java\jdk1.6.0_10\bin;C:\Program Files\Apache\apache-ant-1.7.1\bin;C:\Artisan\Enabler\Server\Bin;C:\Program Files\Artisan Software Tools\Artisan Real-time Studio\ItsShadow\Exe;C:\Program Files\Java\jdk1.6.0_10\bin;C:\Program Files\QuickTime\QTSystem\;C:\Program Files\Astaro\Astaro SSL VPN Client\bin" />
    <property name="basedir" value="C:\ModelPro\workspace\fUML-Reference-Implementation" />
    <property name="ant.java.version" value="1.6" />
    <property name="ant.core.lib" value="C:\ModelPro\eclipse\plugins\org.apache.ant_1.7.0.v200803061910\lib\ant.jar" />
    <property name="env.USERNAME" value="Ed Seidewitz" />
    <property name="schema.dir" value="./src/xsd" />
    <property name="env.JBOSS_BIN" value="C:\Program Files\NexJ\jboss-5.1.0.GA\bin" />
    <property name="env.SystemDrive" value="C:" />
    <property name="ant.file.fuml" value="C:\ModelPro\workspace\fUML-Reference-Implementation\build.xml" />
    <property name="file.encoding" value="iso-8859-1" />
    <property name="target.dir" value="./target/fuml" />
    <property name="env.RR" value="C:\Program Files\Lenovo\Rescue and Recovery" />
    <property name="env.USERDOMAIN" value="EVS-MDS-LAPTOP" />
    <property name="gen.java.dir" value="./target/fuml/src" />
    <property name="java.specification.version" value="1.6" />
    <property name="env.SonicCentral" value="C:\Program Files\Common Files\Sonic Shared\Sonic Central\" />
    <property name="src.dir" value="./src" />
    <property name="env.PROCESSOR_LEVEL" value="6" />
  </properties>
  <testcase classname="org.modeldriven.fuml.test.model.ModelTestCase" name="testClass" time="1.906" />
  <testcase classname="org.modeldriven.fuml.test.model.ModelTestCase" name="testCreateModel" time="0.0" />
  <testcase classname="org.modeldriven.fuml.test.model.ModelTestCase" name="testActivity" time="0.0" />
  <testcase classname="org.modeldriven.fuml.test.model.ModelTestCase" name="testActivityEdge" time="0.0" />
  <testcase classname="org.modeldriven.fuml.test.model.ModelTestCase" name="testOpaqueBehavior" time="0.016" />
  <testcase classname="org.modeldriven.fuml.test.model.ModelTestCase" name="testOpaqueExpression" time="0.0" />
  <testcase classname="org.modeldriven.fuml.test.model.ModelTestCase" name="testParameter" time="0.0" />
  <testcase classname="org.modeldriven.fuml.test.model.ModelTestCase" name="testCallBehaviorAction" time="0.015" />
  <testcase classname="org.modeldriven.fuml.test.model.ModelTestCase" name="testLiteralInteger" time="0.0" />
  <testcase classname="org.modeldriven.fuml.test.model.ModelTestCase" name="testLiteralUnlimitedNatural" time="0.016" />
  <testcase classname="org.modeldriven.fuml.test.model.ModelTestCase" name="testTypedElement" time="0.0" />
  <testcase classname="org.modeldriven.fuml.test.model.ModelTestCase" name="testNamedElement" time="0.0" />
  <testcase classname="org.modeldriven.fuml.test.model.ModelTestCase" name="testFeature" time="0.0" />
  <testcase classname="org.modeldriven.fuml.test.model.ModelTestCase" name="testActivityParameterNode" time="0.015" />
  <testcase classname="org.modeldriven.fuml.test.model.ModelTestCase" name="testProperty" time="0.016" />
  <testcase classname="org.modeldriven.fuml.test.model.ModelTestCase" name="testObjectNode" time="0.0" />
  <testcase classname="org.modeldriven.fuml.test.model.ModelTestCase" name="testExpansionRegion" time="0.0" />
  <testcase classname="org.modeldriven.fuml.test.model.ModelTestCase" name="testPackage" time="0.0" />
  <system-out><![CDATA[15 Jan 2012 19:21:26,328 INFO  model.ModelTestCase testClass
15 Jan 2012 19:21:26,375 INFO  model.InMemoryRepository initializing...
15 Jan 2012 19:21:26,390 INFO  repository.RepositoryConfigDataBinding loading schema chain...
15 Jan 2012 19:21:27,390 INFO  model.InfrastructureAssembler initializing...
15 Jan 2012 19:21:27,406 INFO  config.FumlConfiguration initializing...
15 Jan 2012 19:21:27,406 INFO  config.FumlConfigDataBinding loading schema chain...
15 Jan 2012 19:21:27,609 INFO  config.FumlConfiguration loading configuration, DefaultFumlConfig.xml
15 Jan 2012 19:21:27,968 INFO  model.SuperstructureAssembler initializing...
15 Jan 2012 19:21:28,156 INFO  model.fUML_SyntaxAssembler initializing...
15 Jan 2012 19:21:28,171 INFO  model.InMemoryRepository performing package merge...
15 Jan 2012 19:21:28,218 INFO  model.InMemoryRepository cacheing classifier attributes and operations...
15 Jan 2012 19:21:28,234 INFO  model.ModelTestCase done
15 Jan 2012 19:21:28,234 INFO  model.ModelTestCase testCreateModel
15 Jan 2012 19:21:28,234 INFO  model.ModelTestCase returned an instance
15 Jan 2012 19:21:28,234 INFO  model.ModelTestCase done
15 Jan 2012 19:21:28,234 INFO  model.ModelTestCase done
15 Jan 2012 19:21:28,234 INFO  model.ModelTestCase done
15 Jan 2012 19:21:28,250 INFO  model.ModelTestCase done
15 Jan 2012 19:21:28,250 INFO  model.ModelTestCase done
15 Jan 2012 19:21:28,250 INFO  model.ModelTestCase testParameter
15 Jan 2012 19:21:28,250 INFO  model.ModelTestCase done
15 Jan 2012 19:21:28,250 INFO  model.ModelTestCase testCallBehaviorAction
15 Jan 2012 19:21:28,265 INFO  model.ModelTestCase done
15 Jan 2012 19:21:28,265 INFO  model.ModelTestCase testLiteralInteger
15 Jan 2012 19:21:28,265 INFO  model.ModelTestCase done
15 Jan 2012 19:21:28,265 INFO  model.ModelTestCase testLiteralUnlimitedNatural
15 Jan 2012 19:21:28,281 INFO  model.ModelTestCase done
15 Jan 2012 19:21:28,281 INFO  model.ModelTestCase testTypedElement
15 Jan 2012 19:21:28,281 INFO  model.ModelTestCase done
15 Jan 2012 19:21:28,281 INFO  model.ModelTestCase testTypedElement
15 Jan 2012 19:21:28,281 INFO  model.ModelTestCase done
15 Jan 2012 19:21:28,281 INFO  model.ModelTestCase testFeature
15 Jan 2012 19:21:28,281 INFO  model.ModelTestCase done
15 Jan 2012 19:21:28,281 INFO  model.ModelTestCase testActivityParameterNode
15 Jan 2012 19:21:28,296 INFO  model.ModelTestCase ActivityNode.incoming->ActivityEdge.target
15 Jan 2012 19:21:28,296 INFO  model.ModelTestCase Element.ownedElement->Element.owner
15 Jan 2012 19:21:28,296 INFO  model.ModelTestCase ActivityNode.outgoing->ActivityEdge.source
15 Jan 2012 19:21:28,296 INFO  model.ModelTestCase NamedElement.namespace->Namespace.ownedMember
15 Jan 2012 19:21:28,296 INFO  model.ModelTestCase Element.owner->Element.ownedElement
15 Jan 2012 19:21:28,296 INFO  model.ModelTestCase ActivityNode.inStructuredNode->StructuredActivityNode.node
15 Jan 2012 19:21:28,296 INFO  model.ModelTestCase ActivityNode.activity->Activity.node
15 Jan 2012 19:21:28,296 INFO  model.ModelTestCase done
15 Jan 2012 19:21:28,296 INFO  model.ModelTestCase testProperty
15 Jan 2012 19:21:28,296 INFO  model.ModelTestCase Property: MultiplicityElement.isOrdered (required=true)
15 Jan 2012 19:21:28,296 INFO  model.ModelTestCase Property: MultiplicityElement.upperValue (required=false)
15 Jan 2012 19:21:28,296 INFO  model.ModelTestCase Property: MultiplicityElement.lower (required=false)
15 Jan 2012 19:21:28,296 INFO  model.ModelTestCase Property: Property.opposite (required=false)
15 Jan 2012 19:21:28,296 INFO  model.ModelTestCase Property: Property.isDerived (required=true)
15 Jan 2012 19:21:28,296 INFO  model.ModelTestCase Property: NamedElement.visibility (required=false)
15 Jan 2012 19:21:28,296 INFO  model.ModelTestCase Property: Element.ownedComment (required=false)
15 Jan 2012 19:21:28,296 INFO  model.ModelTestCase Property: RedefinableElement.redefinitionContext (required=false)
15 Jan 2012 19:21:28,296 INFO  model.ModelTestCase Property: TypedElement.type (required=false)
15 Jan 2012 19:21:28,296 INFO  model.ModelTestCase Property: Feature.featuringClassifier (required=false)
15 Jan 2012 19:21:28,296 INFO  model.ModelTestCase Property: opposite: Feature.featuringClassifier->Classifier.feature
15 Jan 2012 19:21:28,296 INFO  model.ModelTestCase Property: Property.owningAssociation (required=false)
15 Jan 2012 19:21:28,296 INFO  model.ModelTestCase Property: opposite: Property.owningAssociation->Association.ownedEnd
15 Jan 2012 19:21:28,296 INFO  model.ModelTestCase Property: NamedElement.namespace (required=false)
15 Jan 2012 19:21:28,296 INFO  model.ModelTestCase Property: opposite: NamedElement.namespace->Namespace.ownedMember
15 Jan 2012 19:21:28,296 INFO  model.ModelTestCase Property: MultiplicityElement.upper (required=false)
15 Jan 2012 19:21:28,296 INFO  model.ModelTestCase Property: MultiplicityElement.isUnique (required=true)
15 Jan 2012 19:21:28,296 INFO  model.ModelTestCase Property: RedefinableElement.isLeaf (required=true)
15 Jan 2012 19:21:28,296 INFO  model.ModelTestCase Property: NamedElement.name (required=false)
15 Jan 2012 19:21:28,296 INFO  model.ModelTestCase Property: StructuralFeature.isReadOnly (required=true)
15 Jan 2012 19:21:28,296 INFO  model.ModelTestCase Property: Property.defaultValue (required=false)
15 Jan 2012 19:21:28,296 INFO  model.ModelTestCase Property: Property.association (required=false)
15 Jan 2012 19:21:28,296 INFO  model.ModelTestCase Property: opposite: Property.association->Association.memberEnd
15 Jan 2012 19:21:28,312 INFO  model.ModelTestCase Property: NamedElement.qualifiedName (required=false)
15 Jan 2012 19:21:28,312 INFO  model.ModelTestCase Property: Element.ownedElement (required=false)
15 Jan 2012 19:21:28,312 INFO  model.ModelTestCase Property: opposite: Element.ownedElement->Element.owner
15 Jan 2012 19:21:28,312 INFO  model.ModelTestCase Property: Property.class (required=false)
15 Jan 2012 19:21:28,312 INFO  model.ModelTestCase Property: opposite: Property.class->Class.ownedAttribute
15 Jan 2012 19:21:28,312 INFO  model.ModelTestCase Property: Property.isComposite (required=true)
15 Jan 2012 19:21:28,312 INFO  model.ModelTestCase Property: MultiplicityElement.lowerValue (required=false)
15 Jan 2012 19:21:28,312 INFO  model.ModelTestCase Property: Property.aggregation (required=true)
15 Jan 2012 19:21:28,312 INFO  model.ModelTestCase Property: Feature.isStatic (required=true)
15 Jan 2012 19:21:28,312 INFO  model.ModelTestCase Property: RedefinableElement.redefinedElement (required=false)
15 Jan 2012 19:21:28,312 INFO  model.ModelTestCase Property: Element.owner (required=false)
15 Jan 2012 19:21:28,312 INFO  model.ModelTestCase Property: opposite: Element.owner->Element.ownedElement
15 Jan 2012 19:21:28,312 INFO  model.ModelTestCase Property: Property.datatype (required=false)
15 Jan 2012 19:21:28,312 INFO  model.ModelTestCase Property: opposite: Property.datatype->DataType.ownedAttribute
15 Jan 2012 19:21:28,312 INFO  model.ModelTestCase Property: Property.isDerivedUnion (required=true)
15 Jan 2012 19:21:28,312 INFO  model.ModelTestCase done
15 Jan 2012 19:21:28,312 INFO  model.ModelTestCase testObjectNode
15 Jan 2012 19:21:28,312 INFO  model.ModelTestCase done
15 Jan 2012 19:21:28,312 INFO  model.ModelTestCase testExpansionRegion
15 Jan 2012 19:21:28,312 INFO  model.ModelTestCase done
15 Jan 2012 19:21:28,312 INFO  model.ModelTestCase testClass
15 Jan 2012 19:21:28,312 INFO  model.ModelTestCase Package.nestingPackage->Package.nestedPackage
15 Jan 2012 19:21:28,312 INFO  model.ModelTestCase Namespace.elementImport->ElementImport.importingNamespace
15 Jan 2012 19:21:28,312 INFO  model.ModelTestCase Element.ownedElement->Element.owner
15 Jan 2012 19:21:28,312 INFO  model.ModelTestCase NamedElement.namespace->Namespace.ownedMember
15 Jan 2012 19:21:28,312 INFO  model.ModelTestCase Element.owner->Element.ownedElement
15 Jan 2012 19:21:28,312 INFO  model.ModelTestCase Namespace.ownedMember->NamedElement.namespace
15 Jan 2012 19:21:28,312 INFO  model.ModelTestCase Package.ownedType->Type.package
15 Jan 2012 19:21:28,312 INFO  model.ModelTestCase Package.nestedPackage->Package.nestingPackage
15 Jan 2012 19:21:28,312 INFO  model.ModelTestCase Namespace.packageImport->PackageImport.importingNamespace
15 Jan 2012 19:21:28,312 INFO  model.ModelTestCase done
]]></system-out>
  <system-err><![CDATA[]]></system-err>
</testsuite>
