<?xml version="1.0" encoding="UTF-8" ?>
<testsuite errors="0" failures="0" hostname="EVS-MDS-Laptop" name="org.modeldriven.fuml.test.library.ExternalReferenceTestCase" tests="2" time="7.375" timestamp="2012-01-16T00:21:44">
  <properties>
    <property name="java.vendor" value="Sun Microsystems Inc." />
    <property name="lib.dir" value="./lib" />
    <property name="md.lib.dir" value="./lib/magicdraw" />
    <property name="env.VS90COMNTOOLS" value="C:\Program Files\Microsoft Visual Studio 9.0\Common7\Tools\" />
    <property name="sun.java.launcher" value="SUN_STANDARD" />
    <property name="eclipse.pdebuild.templates" value="/C:/ModelPro/eclipse/plugins/org.eclipse.pde.build_3.4.1.R34x_v20081217/templates/" />
    <property name="env.TVT" value="C:\Program Files\Lenovo" />
    <property name="sun.management.compiler" value="HotSpot Client Compiler" />
    <property name="env.SHADOW_COMDIR" value="C:\Documents and Settings\Ed Seidewitz\ItsShadow\ComDir" />
    <property name="env.PROMPT" value="$P$G" />
    <property name="os.name" value="Windows XP" />
    <property name="env.FP_NO_HOST_CHECK" value="NO" />
    <property name="sun.boot.class.path" value="C:\ModelPro\eclipse\jre\lib\resources.jar;C:\ModelPro\eclipse\jre\lib\rt.jar;C:\ModelPro\eclipse\jre\lib\sunrsasign.jar;C:\ModelPro\eclipse\jre\lib\jsse.jar;C:\ModelPro\eclipse\jre\lib\jce.jar;C:\ModelPro\eclipse\jre\lib\charsets.jar;C:\ModelPro\eclipse\jre\classes" />
    <property name="release.suffix" value="1.0.0" />
    <property name="env.COMPUTERNAME" value="EVS-MDS-LAPTOP" />
    <property name="schema.config.dir" value="./src/xsd/config" />
    <property name="env.ALLUSERSPROFILE" value="C:\Documents and Settings\All Users" />
    <property name="sun.desktop" value="windows" />
    <property name="env.WS" value="C:\work\WS" />
    <property name="java.vm.specification.vendor" value="Sun Microsystems Inc." />
    <property name="ant.home" value="C:\ModelPro\eclipse\plugins\org.apache.ant_1.7.0.v200803061910" />
    <property name="java.runtime.version" value="1.6.0_07-b06" />
    <property name="unzip.dir" value="./target/fuml/temp" />
    <property name="src.java.dir" value="./src/java" />
    <property name="env.HOMEPATH" value="\Documents and Settings\Ed Seidewitz" />
    <property name="test.java.dir" value="./test" />
    <property name="env.TPCCommon" value="C:\PROGRA~1\THINKV~1\PrdCtr" />
    <property name="user.name" value="Ed Seidewitz" />
    <property name="env.SWSHARE" value="C:\SWSHARE" />
    <property name="xmi.dir" value="./src/xmi" />
    <property name="env.QTJAVA" value="C:\Program Files\Java\jre6\lib\ext\QTJava.zip" />
    <property name="build.dir" value="./target/fuml" />
    <property name="uml.dir" value="./src/uml" />
    <property name="user.language" value="en" />
    <property name="sun.boot.library.path" value="C:\ModelPro\eclipse\jre\bin" />
    <property name="doc.dir" value="./doc" />
    <property name="ant.project.name" value="fuml" />
    <property name="java.version" value="1.6.0_07" />
    <property name="env.PROCESSOR_IDENTIFIER" value="x86 Family 6 Model 15 Stepping 11, GenuineIntel" />
    <property name="user.timezone" value="" />
    <property name="schema.catalog.dir" value="./src/xsd/catalog" />
    <property name="env.asl.log" value="Destination=file;OnFirstLog=command,environment" />
    <property name="env.TEMP" value="C:\DOCUME~1\EDSEID~1\LOCALS~1\Temp" />
    <property name="sun.arch.data.model" value="32" />
    <property name="schema.model.dir" value="./src/xsd/model" />
    <property name="java.endorsed.dirs" value="C:\ModelPro\eclipse\jre\lib\endorsed" />
    <property name="sun.cpu.isalist" value="pentium_pro+mmx pentium_pro pentium+mmx pentium i486 i386 i86" />
    <property name="template.dir" value="./src/xsl" />
    <property name="env.HOMEDRIVE" value="C:" />
    <property name="sun.jnu.encoding" value="Cp1252" />
    <property name="file.encoding.pkg" value="sun.io" />
    <property name="env.TVTPYDIR" value="C:\Program Files\Common Files\Lenovo\Python24" />
    <property name="file.separator" value="\" />
    <property name="java.specification.name" value="Java Platform API Specification" />
    <property name="classes.dir" value="./target/fuml/classes" />
    <property name="java.class.version" value="50.0" />
    <property name="test.output.dir" value="./target/fuml/testoutput" />
    <property name="user.country" value="US" />
    <property name="java.home" value="C:\ModelPro\eclipse\jre" />
    <property name="dist.dir" value="./target/fuml/dist" />
    <property name="env.APPDATA" value="C:\Documents and Settings\Ed Seidewitz\Application Data" />
    <property name="java.vm.info" value="mixed mode" />
    <property name="env.ComSpec" value="C:\WINDOWS\system32\cmd.exe" />
    <property name="env.XML_CATALOG_FILES" value="C:/Program%20Files/Artisan%20Software%20Tools/Artisan%20Real-time%20Studio/System/Publisher/XMLCatalog/docgen.xml" />
    <property name="env.OS" value="Windows_NT" />
    <property name="env.CommonProgramFiles" value="C:\Program Files\Common Files" />
    <property name="ant.file" value="C:\ModelPro\workspace\fUML-Reference-Implementation\build.xml" />
    <property name="os.version" value="5.1" />
    <property name="path.separator" value=";" />
    <property name="java.vm.version" value="10.0-b23" />
    <property name="user.variant" value="" />
    <property name="env.APR_ICONV1_PATH" value="C:\Program Files\CollabNet\Subversion Server\httpd\bin\iconv" />
    <property name="env.TVTCOMMON" value="C:\Program Files\Common Files\Lenovo" />
    <property name="env.USERPROFILE" value="C:\Documents and Settings\Ed Seidewitz" />
    <property name="ant.library.dir" value="C:\ModelPro\eclipse\plugins\org.apache.ant_1.7.0.v200803061910\lib" />
    <property name="uml.library.dir" value="./src/uml/library" />
    <property name="env.JAVA_HOME" value="C:\Program Files\Java\jdk1.6.0_10" />
    <property name="java.awt.printerjob" value="sun.awt.windows.WPrinterJob" />
    <property name="env.TMP" value="C:\DOCUME~1\EDSEID~1\LOCALS~1\Temp" />
    <property name="sun.io.unicode.encoding" value="UnicodeLittle" />
    <property name="test.xmi.dir" value="./test/xmi" />
    <property name="awt.toolkit" value="sun.awt.windows.WToolkit" />
    <property name="eclipse.pdebuild.scripts" value="/C:/ModelPro/eclipse/plugins/org.eclipse.pde.build_3.4.1.R34x_v20081217/scripts/" />
    <property name="xml.model.dir" value="./src/xml/model" />
    <property name="user.home" value="C:\Documents and Settings\Ed Seidewitz" />
    <property name="env.SESSIONNAME" value="Console" />
    <property name="env.CLASSPATH" value=".;C:\Program Files\Java\jre6\lib\ext\QTJava.zip" />
    <property name="java.specification.vendor" value="Sun Microsystems Inc." />
    <property name="test" value="org.modeldriven.fuml.test.library.ExternalReferenceTestCase" />
    <property name="test.dir" value="./test" />
    <property name="xml.dir" value="./src/xml" />
    <property name="java.vendor.url" value="http://java.sun.com/" />
    <property name="java.library.path" value="C:\ModelPro\eclipse;.;C:\WINDOWS\Sun\Java\bin;C:\WINDOWS\system32;C:\WINDOWS;C:/ModelPro/eclipse/jre/bin/client;C:/ModelPro/eclipse/jre/bin;C:\Program Files\CollabNet\Subversion Server;C:\Program Files\CollabNet\Subversion Client;C:\WINDOWS\system32;C:\WINDOWS;C:\WINDOWS\System32\Wbem;C:\Program Files\Intel\Wireless\Bin\;C:\Program Files\Diskeeper Corporation\Diskeeper\;C:\Program Files\ThinkPad\ConnectUtilities;C:\Program Files\Common Files\Lenovo;C:\Program Files\Lenovo\Client Security Solution;C:\Program Files\TortoiseSVN\bin;C:\Program Files\javacc-5.0\bin;C:\Program Files\Java\jdk1.6.0_10\bin;C:\Program Files\Apache\apache-ant-1.7.1\bin;C:\Artisan\Enabler\Server\Bin;C:\Program Files\Artisan Software Tools\Artisan Real-time Studio\ItsShadow\Exe;C:\Program Files\Java\jdk1.6.0_10\bin;C:\Program Files\QuickTime\QTSystem\;C:\Program Files\Astaro\Astaro SSL VPN Client\bin;C:\ModelPro\eclipse\configuration\org.eclipse.osgi\bundles\99\1\.cp" />
    <property name="env.NUMBER_OF_PROCESSORS" value="2" />
    <property name="env.SMA" value="C:\Program Files\ThinkVantage\SMA\" />
    <property name="bin.dir" value="./bin" />
    <property name="java.vm.vendor" value="Sun Microsystems Inc." />
    <property name="java.runtime.name" value="Java(TM) SE Runtime Environment" />
    <property name="ant.version" value="Apache Ant version 1.7.0 compiled on December 13 2006" />
    <property name="java.class.path" value="C:\ModelPro\eclipse\plugins\org.apache.ant_1.7.0.v200803061910\lib\ant.jar;C:\ModelPro\eclipse\plugins\org.apache.ant_1.7.0.v200803061910\lib\ant-antlr.jar;C:\ModelPro\eclipse\plugins\org.apache.ant_1.7.0.v200803061910\lib\ant-apache-bcel.jar;C:\ModelPro\eclipse\plugins\org.apache.ant_1.7.0.v200803061910\lib\ant-apache-bsf.jar;C:\ModelPro\eclipse\plugins\org.apache.ant_1.7.0.v200803061910\lib\ant-apache-log4j.jar;C:\ModelPro\eclipse\plugins\org.apache.ant_1.7.0.v200803061910\lib\ant-apache-oro.jar;C:\ModelPro\eclipse\plugins\org.apache.ant_1.7.0.v200803061910\lib\ant-apache-regexp.jar;C:\ModelPro\eclipse\plugins\org.apache.ant_1.7.0.v200803061910\lib\ant-apache-resolver.jar;C:\ModelPro\eclipse\plugins\org.apache.ant_1.7.0.v200803061910\lib\ant-commons-logging.jar;C:\ModelPro\eclipse\plugins\org.apache.ant_1.7.0.v200803061910\lib\ant-commons-net.jar;C:\ModelPro\eclipse\plugins\org.apache.ant_1.7.0.v200803061910\lib\ant-jai.jar;C:\ModelPro\eclipse\plugins\org.apache.ant_1.7.0.v200803061910\lib\ant-javamail.jar;C:\ModelPro\eclipse\plugins\org.apache.ant_1.7.0.v200803061910\lib\ant-jdepend.jar;C:\ModelPro\eclipse\plugins\org.apache.ant_1.7.0.v200803061910\lib\ant-jmf.jar;C:\ModelPro\eclipse\plugins\org.apache.ant_1.7.0.v200803061910\lib\ant-jsch.jar;C:\ModelPro\eclipse\plugins\org.apache.ant_1.7.0.v200803061910\lib\ant-junit.jar;C:\ModelPro\eclipse\plugins\org.apache.ant_1.7.0.v200803061910\lib\ant-launcher.jar;C:\ModelPro\eclipse\plugins\org.apache.ant_1.7.0.v200803061910\lib\ant-netrexx.jar;C:\ModelPro\eclipse\plugins\org.apache.ant_1.7.0.v200803061910\lib\ant-nodeps.jar;C:\ModelPro\eclipse\plugins\org.apache.ant_1.7.0.v200803061910\lib\ant-starteam.jar;C:\ModelPro\eclipse\plugins\org.apache.ant_1.7.0.v200803061910\lib\ant-stylebook.jar;C:\ModelPro\eclipse\plugins\org.apache.ant_1.7.0.v200803061910\lib\ant-swing.jar;C:\ModelPro\eclipse\plugins\org.apache.ant_1.7.0.v200803061910\lib\ant-trax.jar;C:\ModelPro\eclipse\plugins\org.apache.ant_1.7.0.v200803061910\lib\ant-weblogic.jar;C:\ModelPro\eclipse\configuration\org.eclipse.osgi\bundles\187\1\.cp\lib\remoteAnt.jar;C:\Program Files\Java\jdk1.6.0_10\lib\tools.jar;C:\ModelPro\eclipse\plugins\org.eclipse.swt.win32.win32.x86_3.4.1.v3452b.jar" />
    <property name="env.JBOSS_HOME" value="C:\Program Files\NexJ\jboss-5.1.0.GA\" />
    <property name="java.vm.specification.name" value="Java Virtual Machine Specification" />
    <property name="xml.config.dir" value="./src/xml/config" />
    <property name="env.windir" value="C:\WINDOWS" />
    <property name="env.LOGONSERVER" value="\\EVS-MDS-LAPTOP" />
    <property name="env.PROCESSOR_ARCHITECTURE" value="x86" />
    <property name="java.vm.specification.version" value="1.0" />
    <property name="sun.cpu.endian" value="little" />
    <property name="sun.os.patch.level" value="Service Pack 3" />
    <property name="env.ANT_HOME" value="C:\ModelPro\eclipse\plugins\org.apache.ant_1.7.0.v200803061910" />
    <property name="env.ProgramFiles" value="C:\Program Files" />
    <property name="java.io.tmpdir" value="C:\DOCUME~1\EDSEID~1\LOCALS~1\Temp\" />
    <property name="eclipse.pdebuild.home" value="/C:/ModelPro/eclipse/plugins/org.eclipse.pde.build_3.4.1.R34x_v20081217/./" />
    <property name="env.PROCESSOR_REVISION" value="0f0b" />
    <property name="java.vendor.url.bug" value="http://java.sun.com/cgi-bin/bugreport.cgi" />
    <property name="env.SystemRoot" value="C:\WINDOWS" />
    <property name="env.SHADOWTDK_COMDIR" value="C:\Documents and Settings\Ed Seidewitz\ItsShadow\TdkComDir" />
    <property name="java.awt.graphicsenv" value="sun.awt.Win32GraphicsEnvironment" />
    <property name="os.arch" value="x86" />
    <property name="java.ext.dirs" value="C:\ModelPro\eclipse\jre\lib\ext;C:\WINDOWS\Sun\Java\lib\ext" />
    <property name="user.dir" value="C:\ModelPro\workspace\fUML-Reference-Implementation" />
    <property name="xmi.library.dir" value="./src/xmi/library" />
    <property name="line.separator" value="
" />
    <property name="java.vm.name" value="Java HotSpot(TM) Client VM" />
    <property name="env.PATHEXT" value=".COM;.EXE;.BAT;.CMD;.VBS;.VBE;.JS;.JSE;.WSF;.WSH" />
    <property name="env.Path" value="C:/ModelPro/eclipse/jre/bin/client;C:/ModelPro/eclipse/jre/bin;C:\Program Files\CollabNet\Subversion Server;C:\Program Files\CollabNet\Subversion Client;C:\WINDOWS\system32;C:\WINDOWS;C:\WINDOWS\System32\Wbem;C:\Program Files\Intel\Wireless\Bin\;C:\Program Files\Diskeeper Corporation\Diskeeper\;C:\Program Files\ThinkPad\ConnectUtilities;C:\Program Files\Common Files\Lenovo;C:\Program Files\Lenovo\Client Security Solution;C:\Program Files\TortoiseSVN\bin;C:\Program Files\javacc-5.0\bin;C:\Program Files\Java\jdk1.6.0_10\bin;C:\Program Files\Apache\apache-ant-1.7.1\bin;C:\Artisan\Enabler\Server\Bin;C:\Program Files\Artisan Software Tools\Artisan Real-time Studio\ItsShadow\Exe;C:\Program Files\Java\jdk1.6.0_10\bin;C:\Program Files\QuickTime\QTSystem\;C:\Program Files\Astaro\Astaro SSL VPN Client\bin" />
    <property name="basedir" value="C:\ModelPro\workspace\fUML-Reference-Implementation" />
    <property name="ant.java.version" value="1.6" />
    <property name="ant.core.lib" value="C:\ModelPro\eclipse\plugins\org.apache.ant_1.7.0.v200803061910\lib\ant.jar" />
    <property name="env.USERNAME" value="Ed Seidewitz" />
    <property name="schema.dir" value="./src/xsd" />
    <property name="env.JBOSS_BIN" value="C:\Program Files\NexJ\jboss-5.1.0.GA\bin" />
    <property name="env.SystemDrive" value="C:" />
    <property name="ant.file.fuml" value="C:\ModelPro\workspace\fUML-Reference-Implementation\build.xml" />
    <property name="file.encoding" value="iso-8859-1" />
    <property name="target.dir" value="./target/fuml" />
    <property name="env.RR" value="C:\Program Files\Lenovo\Rescue and Recovery" />
    <property name="env.USERDOMAIN" value="EVS-MDS-LAPTOP" />
    <property name="gen.java.dir" value="./target/fuml/src" />
    <property name="java.specification.version" value="1.6" />
    <property name="env.SonicCentral" value="C:\Program Files\Common Files\Sonic Shared\Sonic Central\" />
    <property name="src.dir" value="./src" />
    <property name="env.PROCESSOR_LEVEL" value="6" />
  </properties>
  <testcase classname="org.modeldriven.fuml.test.library.ExternalReferenceTestCase" name="testLUnlimitedNaturalFunctions" time="7.109" />
  <testcase classname="org.modeldriven.fuml.test.library.ExternalReferenceTestCase" name="testIntegerFunctions" time="0.063" />
  <system-out><![CDATA[15 Jan 2012 19:21:44,375 INFO  fuml.Fuml reading artifact, fUML-Tests.mdxml
15 Jan 2012 19:21:44,515 INFO  config.FumlConfiguration initializing...
15 Jan 2012 19:21:44,531 INFO  config.FumlConfigDataBinding loading schema chain...
15 Jan 2012 19:21:44,906 INFO  config.FumlConfiguration loading configuration, DefaultFumlConfig.xml
15 Jan 2012 19:21:45,046 INFO  model.InMemoryRepository initializing...
15 Jan 2012 19:21:45,046 INFO  repository.RepositoryConfigDataBinding loading schema chain...
15 Jan 2012 19:21:45,187 INFO  model.InfrastructureAssembler initializing...
15 Jan 2012 19:21:45,281 INFO  model.SuperstructureAssembler initializing...
15 Jan 2012 19:21:45,343 INFO  model.fUML_SyntaxAssembler initializing...
15 Jan 2012 19:21:45,359 INFO  model.InMemoryRepository performing package merge...
15 Jan 2012 19:21:45,390 INFO  model.InMemoryRepository cacheing classifier attributes and operations...
15 Jan 2012 19:21:45,546 INFO  library.Library initializing...
15 Jan 2012 19:21:45,546 INFO  library.Library loading library artifact, fUML_Library.xmi
15 Jan 2012 19:21:45,546 INFO  io.ArtifactLoader reading fUML_Library.xmi
15 Jan 2012 19:21:46,546 INFO  assembly.ElementAssembler mapped ListSize to org.modeldriven.fuml.library.listfunctions.ListSizeFunctionBehaviorExecution
15 Jan 2012 19:21:46,562 INFO  assembly.ElementAssembler mapped ListGet to org.modeldriven.fuml.library.listfunctions.ListGetFunctionBehaviorExecution
15 Jan 2012 19:21:46,562 INFO  assembly.ElementAssembler mapped ToString to org.modeldriven.fuml.library.unlimitednaturalfunctions.UnlimitedNaturalToStringFunctionBehaviorExecution
15 Jan 2012 19:21:46,562 INFO  assembly.ElementAssembler mapped Min to org.modeldriven.fuml.library.unlimitednaturalfunctions.UnlimitedNaturalMinFunctionBehaviorExecution
15 Jan 2012 19:21:46,562 INFO  assembly.ElementAssembler mapped Max to org.modeldriven.fuml.library.unlimitednaturalfunctions.UnlimitedNaturalMaxFunctionBehaviorExecution
15 Jan 2012 19:21:46,562 INFO  assembly.ElementAssembler mapped ToInteger to org.modeldriven.fuml.library.unlimitednaturalfunctions.UnlimitedNaturalToIntegerFunctionBehaviorExecution
15 Jan 2012 19:21:46,562 INFO  assembly.ElementAssembler mapped ToUnlimitedNatural to org.modeldriven.fuml.library.unlimitednaturalfunctions.UnlimitedNaturalToUnlimitedNaturalFunctionBehaviorExecution
15 Jan 2012 19:21:46,562 INFO  assembly.ElementAssembler mapped >= to org.modeldriven.fuml.library.unlimitednaturalfunctions.UnlimitedNaturalGreaterThanEqualFunctionBehaviorExecution
15 Jan 2012 19:21:46,562 INFO  assembly.ElementAssembler mapped <= to org.modeldriven.fuml.library.unlimitednaturalfunctions.UnlimitedNaturalLessThanEqualFunctionBehaviorExecution
15 Jan 2012 19:21:46,562 INFO  assembly.ElementAssembler mapped > to org.modeldriven.fuml.library.unlimitednaturalfunctions.UnlimitedNaturalGreaterThanFunctionBehaviorExecution
15 Jan 2012 19:21:46,562 INFO  assembly.ElementAssembler mapped < to org.modeldriven.fuml.library.unlimitednaturalfunctions.UnlimitedNaturalLessThanFunctionBehaviorExecution
15 Jan 2012 19:21:46,562 INFO  assembly.ElementAssembler mapped Div to org.modeldriven.fuml.library.integerfunctions.IntegerDivideFunctionBehaviorExecution
15 Jan 2012 19:21:46,562 INFO  assembly.ElementAssembler mapped ToString to org.modeldriven.fuml.library.integerfunctions.IntegerToStringFunctionBehaviorExecution
15 Jan 2012 19:21:46,562 INFO  assembly.ElementAssembler mapped < to org.modeldriven.fuml.library.integerfunctions.IntegerLessThanFunctionBehaviorExecution
15 Jan 2012 19:21:46,562 INFO  assembly.ElementAssembler mapped ToUnlimitedNatural to org.modeldriven.fuml.library.integerfunctions.IntegerToUnlimitedNaturalFunctionBehaviorExecution
15 Jan 2012 19:21:46,562 INFO  assembly.ElementAssembler mapped > to org.modeldriven.fuml.library.integerfunctions.IntegerGreaterThanFunctionBehaviorExecution
15 Jan 2012 19:21:46,562 INFO  assembly.ElementAssembler mapped ToInteger to org.modeldriven.fuml.library.integerfunctions.IntegerToIntegerFunctionBehaviorExecution
15 Jan 2012 19:21:46,562 INFO  assembly.ElementAssembler mapped Max to org.modeldriven.fuml.library.integerfunctions.IntegerMaxFunctionBehaviorExecution
15 Jan 2012 19:21:46,562 INFO  assembly.ElementAssembler mapped + to org.modeldriven.fuml.library.integerfunctions.IntegerPlusFunctionBehaviorExecution
15 Jan 2012 19:21:46,562 INFO  assembly.ElementAssembler mapped Abs to org.modeldriven.fuml.library.integerfunctions.IntegerAbsFunctionBehaviorExecution
15 Jan 2012 19:21:46,562 INFO  assembly.ElementAssembler mapped <= to org.modeldriven.fuml.library.integerfunctions.IntegerLessThanEqualFunctionBehaviorExecution
15 Jan 2012 19:21:46,562 INFO  assembly.ElementAssembler mapped * to org.modeldriven.fuml.library.integerfunctions.IntegerTimesFunctionBehaviorExecution
15 Jan 2012 19:21:46,562 INFO  assembly.ElementAssembler mapped >= to org.modeldriven.fuml.library.integerfunctions.IntegerGreaterThanEqualFunctionBehaviorExecution
15 Jan 2012 19:21:46,562 INFO  assembly.ElementAssembler mapped Neg to org.modeldriven.fuml.library.integerfunctions.IntegerNegateFunctionBehaviorExecution
15 Jan 2012 19:21:46,562 INFO  assembly.ElementAssembler mapped Min to org.modeldriven.fuml.library.integerfunctions.IntegerMinFunctionBehaviorExecution
15 Jan 2012 19:21:46,562 INFO  assembly.ElementAssembler mapped Mod to org.modeldriven.fuml.library.integerfunctions.IntegerModFunctionBehaviorExecution
15 Jan 2012 19:21:46,562 INFO  assembly.ElementAssembler mapped - to org.modeldriven.fuml.library.integerfunctions.IntegerMinusFunctionBehaviorExecution
15 Jan 2012 19:21:46,562 INFO  assembly.ElementAssembler mapped Xor to org.modeldriven.fuml.library.booleanfunctions.BooleanXorFunctionBehaviorExecution
15 Jan 2012 19:21:46,562 INFO  assembly.ElementAssembler mapped Not to org.modeldriven.fuml.library.booleanfunctions.BooleanNotFunctionBehaviorExecution
15 Jan 2012 19:21:46,562 INFO  assembly.ElementAssembler mapped Implies to org.modeldriven.fuml.library.booleanfunctions.BooleanImpliesFunctionBehaviorExecution
15 Jan 2012 19:21:46,562 INFO  assembly.ElementAssembler mapped ToString to org.modeldriven.fuml.library.booleanfunctions.BooleanToStringFunctionBehaviorExecution
15 Jan 2012 19:21:46,562 INFO  assembly.ElementAssembler mapped ToBoolean to org.modeldriven.fuml.library.booleanfunctions.BooleanToBooleanFunctionBehaviorExecution
15 Jan 2012 19:21:46,562 INFO  assembly.ElementAssembler mapped Or to org.modeldriven.fuml.library.booleanfunctions.BooleanOrFunctionBehaviorExecution
15 Jan 2012 19:21:46,562 INFO  assembly.ElementAssembler mapped And to org.modeldriven.fuml.library.booleanfunctions.BooleanAndFunctionBehaviorExecution
15 Jan 2012 19:21:46,562 INFO  assembly.ElementAssembler mapped Concat to org.modeldriven.fuml.library.stringfunctions.StringConcatFunctionBehaviorExecution
15 Jan 2012 19:21:46,562 INFO  assembly.ElementAssembler mapped Size to org.modeldriven.fuml.library.stringfunctions.StringSizeFunctionBehaviorExecution
15 Jan 2012 19:21:46,562 INFO  assembly.ElementAssembler mapped Substring to org.modeldriven.fuml.library.stringfunctions.StringSubstringFunctionBehaviorExecution
15 Jan 2012 19:21:46,562 INFO  assembly.ElementAssembler mapped StandardOutputChannel to org.modeldriven.fuml.library.channel.StandardOutputChannelObject
15 Jan 2012 19:21:46,562 INFO  assembly.ElementAssembler adding to locus: org.modeldriven.fuml.library.channel.StandardOutputChannelObject
15 Jan 2012 19:21:46,562 INFO  assembly.ElementAssembler mapped StandardInputChannel to org.modeldriven.fuml.library.channel.StandardInputChannelObject
15 Jan 2012 19:21:46,562 INFO  assembly.ElementAssembler adding to locus: org.modeldriven.fuml.library.channel.StandardInputChannelObject
15 Jan 2012 19:21:46,562 INFO  library.Library completed library artifact, fUML_Library.xmi
15 Jan 2012 19:21:46,609 WARN  assembly.ElementAssembler no fUML (fUML.Syntax.Classes.Kernel.LiteralInteger) add method or public field found for primitive collection property <java.lang.String> OpaqueExpression.body
15 Jan 2012 19:21:46,609 WARN  assembly.ElementAssembler no fUML (fUML.Syntax.Classes.Kernel.LiteralInteger) add method or public field found for primitive collection property <java.lang.String> OpaqueExpression.language
15 Jan 2012 19:21:46,625 WARN  assembly.ElementAssembler no fUML (fUML.Syntax.Classes.Kernel.LiteralInteger) add method or public field found for primitive collection property <java.lang.String> OpaqueExpression.body
15 Jan 2012 19:21:46,625 WARN  assembly.ElementAssembler no fUML (fUML.Syntax.Classes.Kernel.LiteralInteger) add method or public field found for primitive collection property <java.lang.String> OpaqueExpression.language
15 Jan 2012 19:21:46,890 WARN  assembly.ElementAssembler no fUML (fUML.Syntax.Classes.Kernel.LiteralInteger) add method or public field found for primitive collection property <java.lang.String> OpaqueExpression.body
15 Jan 2012 19:21:46,890 WARN  assembly.ElementAssembler no fUML (fUML.Syntax.Classes.Kernel.LiteralInteger) add method or public field found for primitive collection property <java.lang.String> OpaqueExpression.language
15 Jan 2012 19:21:47,234 WARN  assembly.ElementAssembler no fUML (fUML.Syntax.Classes.Kernel.LiteralInteger) add method or public field found for primitive collection property <java.lang.String> OpaqueExpression.body
15 Jan 2012 19:21:47,234 WARN  assembly.ElementAssembler no fUML (fUML.Syntax.Classes.Kernel.LiteralInteger) add method or public field found for primitive collection property <java.lang.String> OpaqueExpression.language
15 Jan 2012 19:21:47,406 WARN  assembly.ElementAssembler no fUML (fUML.Syntax.Classes.Kernel.LiteralString) add method or public field found for primitive collection property <java.lang.String> OpaqueExpression.body
15 Jan 2012 19:21:47,406 WARN  assembly.ElementAssembler no fUML (fUML.Syntax.Classes.Kernel.LiteralString) add method or public field found for primitive collection property <java.lang.String> OpaqueExpression.language
15 Jan 2012 19:21:47,468 WARN  assembly.ElementAssembler no fUML (fUML.Syntax.Classes.Kernel.LiteralInteger) add method or public field found for primitive collection property <java.lang.String> OpaqueExpression.body
15 Jan 2012 19:21:47,468 WARN  assembly.ElementAssembler no fUML (fUML.Syntax.Classes.Kernel.LiteralInteger) add method or public field found for primitive collection property <java.lang.String> OpaqueExpression.language
15 Jan 2012 19:21:47,468 WARN  assembly.ElementAssembler no fUML (fUML.Syntax.Classes.Kernel.LiteralInteger) add method or public field found for primitive collection property <java.lang.String> OpaqueExpression.body
15 Jan 2012 19:21:47,484 WARN  assembly.ElementAssembler no fUML (fUML.Syntax.Classes.Kernel.LiteralInteger) add method or public field found for primitive collection property <java.lang.String> OpaqueExpression.language
15 Jan 2012 19:21:47,781 WARN  assembly.ElementAssembler no fUML (fUML.Syntax.Classes.Kernel.LiteralInteger) add method or public field found for primitive collection property <java.lang.String> OpaqueExpression.body
15 Jan 2012 19:21:47,781 WARN  assembly.ElementAssembler no fUML (fUML.Syntax.Classes.Kernel.LiteralInteger) add method or public field found for primitive collection property <java.lang.String> OpaqueExpression.language
15 Jan 2012 19:21:47,781 WARN  assembly.ElementAssembler no fUML (fUML.Syntax.Classes.Kernel.LiteralInteger) add method or public field found for primitive collection property <java.lang.String> OpaqueExpression.body
15 Jan 2012 19:21:47,781 WARN  assembly.ElementAssembler no fUML (fUML.Syntax.Classes.Kernel.LiteralInteger) add method or public field found for primitive collection property <java.lang.String> OpaqueExpression.language
15 Jan 2012 19:21:47,859 WARN  assembly.ElementAssembler no fUML (fUML.Syntax.Classes.Kernel.LiteralInteger) add method or public field found for primitive collection property <java.lang.String> OpaqueExpression.body
15 Jan 2012 19:21:47,859 WARN  assembly.ElementAssembler no fUML (fUML.Syntax.Classes.Kernel.LiteralInteger) add method or public field found for primitive collection property <java.lang.String> OpaqueExpression.body
15 Jan 2012 19:21:47,937 WARN  assembly.ElementAssembler no fUML (fUML.Syntax.Classes.Kernel.LiteralInteger) add method or public field found for primitive collection property <java.lang.String> OpaqueExpression.body
15 Jan 2012 19:21:47,937 WARN  assembly.ElementAssembler no fUML (fUML.Syntax.Classes.Kernel.LiteralInteger) add method or public field found for primitive collection property <java.lang.String> OpaqueExpression.language
15 Jan 2012 19:21:47,953 WARN  assembly.ElementAssembler no fUML (fUML.Syntax.Classes.Kernel.LiteralInteger) add method or public field found for primitive collection property <java.lang.String> OpaqueExpression.body
15 Jan 2012 19:21:47,953 WARN  assembly.ElementAssembler no fUML (fUML.Syntax.Classes.Kernel.LiteralInteger) add method or public field found for primitive collection property <java.lang.String> OpaqueExpression.language
15 Jan 2012 19:21:47,968 WARN  assembly.ElementAssembler no fUML (fUML.Syntax.Classes.Kernel.LiteralInteger) add method or public field found for primitive collection property <java.lang.String> OpaqueExpression.body
15 Jan 2012 19:21:47,968 WARN  assembly.ElementAssembler no fUML (fUML.Syntax.Classes.Kernel.LiteralInteger) add method or public field found for primitive collection property <java.lang.String> OpaqueExpression.language
15 Jan 2012 19:21:48,171 WARN  assembly.ElementAssembler no fUML (fUML.Syntax.Classes.Kernel.LiteralInteger) add method or public field found for primitive collection property <java.lang.String> OpaqueExpression.body
15 Jan 2012 19:21:48,171 WARN  assembly.ElementAssembler no fUML (fUML.Syntax.Classes.Kernel.LiteralInteger) add method or public field found for primitive collection property <java.lang.String> OpaqueExpression.language
15 Jan 2012 19:21:48,296 WARN  assembly.ElementAssembler no fUML (fUML.Syntax.Classes.Kernel.LiteralInteger) add method or public field found for primitive collection property <java.lang.String> OpaqueExpression.body
15 Jan 2012 19:21:48,296 WARN  assembly.ElementAssembler no fUML (fUML.Syntax.Classes.Kernel.LiteralInteger) add method or public field found for primitive collection property <java.lang.String> OpaqueExpression.language
15 Jan 2012 19:21:48,468 WARN  assembly.ElementAssembler no fUML (fUML.Syntax.Classes.Kernel.LiteralUnlimitedNatural) add method or public field found for primitive collection property <java.lang.String> OpaqueExpression.body
15 Jan 2012 19:21:48,468 WARN  assembly.ElementAssembler no fUML (fUML.Syntax.Classes.Kernel.LiteralUnlimitedNatural) add method or public field found for primitive collection property <java.lang.String> OpaqueExpression.language
15 Jan 2012 19:21:48,484 WARN  assembly.ElementAssembler no fUML (fUML.Syntax.Classes.Kernel.LiteralUnlimitedNatural) add method or public field found for primitive collection property <java.lang.String> OpaqueExpression.body
15 Jan 2012 19:21:48,484 WARN  assembly.ElementAssembler no fUML (fUML.Syntax.Classes.Kernel.LiteralUnlimitedNatural) add method or public field found for primitive collection property <java.lang.String> OpaqueExpression.language
15 Jan 2012 19:21:48,640 WARN  assembly.ElementAssembler no fUML (fUML.Syntax.Classes.Kernel.LiteralUnlimitedNatural) add method or public field found for primitive collection property <java.lang.String> OpaqueExpression.body
15 Jan 2012 19:21:48,640 WARN  assembly.ElementAssembler no fUML (fUML.Syntax.Classes.Kernel.LiteralUnlimitedNatural) add method or public field found for primitive collection property <java.lang.String> OpaqueExpression.language
15 Jan 2012 19:21:49,234 WARN  assembly.ElementAssembler no fUML (fUML.Syntax.Classes.Kernel.LiteralInteger) add method or public field found for primitive collection property <java.lang.String> OpaqueExpression.body
15 Jan 2012 19:21:49,250 WARN  assembly.ElementAssembler no fUML (fUML.Syntax.Classes.Kernel.LiteralInteger) add method or public field found for primitive collection property <java.lang.String> OpaqueExpression.body
15 Jan 2012 19:21:49,296 WARN  assembly.ElementAssembler no fUML (fUML.Syntax.Classes.Kernel.LiteralInteger) add method or public field found for primitive collection property <java.lang.String> OpaqueExpression.body
15 Jan 2012 19:21:49,296 WARN  assembly.ElementAssembler no fUML (fUML.Syntax.Classes.Kernel.LiteralInteger) add method or public field found for primitive collection property <java.lang.String> OpaqueExpression.language
15 Jan 2012 19:21:49,406 WARN  assembly.ElementAssembler no fUML (fUML.Syntax.Classes.Kernel.LiteralUnlimitedNatural) add method or public field found for primitive collection property <java.lang.String> OpaqueExpression.body
15 Jan 2012 19:21:49,406 WARN  assembly.ElementAssembler no fUML (fUML.Syntax.Classes.Kernel.LiteralUnlimitedNatural) add method or public field found for primitive collection property <java.lang.String> OpaqueExpression.language
15 Jan 2012 19:21:49,546 WARN  assembly.ElementAssembler no fUML (fUML.Syntax.Classes.Kernel.LiteralBoolean) add method or public field found for primitive collection property <java.lang.String> OpaqueExpression.body
15 Jan 2012 19:21:49,546 WARN  assembly.ElementAssembler no fUML (fUML.Syntax.Classes.Kernel.LiteralBoolean) add method or public field found for primitive collection property <java.lang.String> OpaqueExpression.language
15 Jan 2012 19:21:49,546 WARN  assembly.ElementAssembler no fUML (fUML.Syntax.Classes.Kernel.LiteralBoolean) add method or public field found for primitive collection property <java.lang.String> OpaqueExpression.body
15 Jan 2012 19:21:49,546 WARN  assembly.ElementAssembler no fUML (fUML.Syntax.Classes.Kernel.LiteralBoolean) add method or public field found for primitive collection property <java.lang.String> OpaqueExpression.language
15 Jan 2012 19:21:49,562 WARN  assembly.ElementAssembler no fUML (fUML.Syntax.Classes.Kernel.LiteralBoolean) add method or public field found for primitive collection property <java.lang.String> OpaqueExpression.body
15 Jan 2012 19:21:49,562 WARN  assembly.ElementAssembler no fUML (fUML.Syntax.Classes.Kernel.LiteralBoolean) add method or public field found for primitive collection property <java.lang.String> OpaqueExpression.language
15 Jan 2012 19:21:49,562 WARN  assembly.ElementAssembler no fUML (fUML.Syntax.Classes.Kernel.LiteralBoolean) add method or public field found for primitive collection property <java.lang.String> OpaqueExpression.body
15 Jan 2012 19:21:49,562 WARN  assembly.ElementAssembler no fUML (fUML.Syntax.Classes.Kernel.LiteralBoolean) add method or public field found for primitive collection property <java.lang.String> OpaqueExpression.language
15 Jan 2012 19:21:49,578 WARN  assembly.ElementAssembler no fUML (fUML.Syntax.Classes.Kernel.LiteralBoolean) add method or public field found for primitive collection property <java.lang.String> OpaqueExpression.body
15 Jan 2012 19:21:49,578 WARN  assembly.ElementAssembler no fUML (fUML.Syntax.Classes.Kernel.LiteralBoolean) add method or public field found for primitive collection property <java.lang.String> OpaqueExpression.language
15 Jan 2012 19:21:49,578 WARN  assembly.ElementAssembler no fUML (fUML.Syntax.Classes.Kernel.LiteralBoolean) add method or public field found for primitive collection property <java.lang.String> OpaqueExpression.body
15 Jan 2012 19:21:49,578 WARN  assembly.ElementAssembler no fUML (fUML.Syntax.Classes.Kernel.LiteralBoolean) add method or public field found for primitive collection property <java.lang.String> OpaqueExpression.language
15 Jan 2012 19:21:49,593 WARN  assembly.ElementAssembler no fUML (fUML.Syntax.Classes.Kernel.LiteralBoolean) add method or public field found for primitive collection property <java.lang.String> OpaqueExpression.body
15 Jan 2012 19:21:49,593 WARN  assembly.ElementAssembler no fUML (fUML.Syntax.Classes.Kernel.LiteralBoolean) add method or public field found for primitive collection property <java.lang.String> OpaqueExpression.language
15 Jan 2012 19:21:49,593 WARN  assembly.ElementAssembler no fUML (fUML.Syntax.Classes.Kernel.LiteralBoolean) add method or public field found for primitive collection property <java.lang.String> OpaqueExpression.body
15 Jan 2012 19:21:49,593 WARN  assembly.ElementAssembler no fUML (fUML.Syntax.Classes.Kernel.LiteralBoolean) add method or public field found for primitive collection property <java.lang.String> OpaqueExpression.language
15 Jan 2012 19:21:49,812 WARN  assembly.ElementAssembler no fUML (fUML.Syntax.Classes.Kernel.LiteralString) add method or public field found for primitive collection property <java.lang.String> OpaqueExpression.body
15 Jan 2012 19:21:49,812 WARN  assembly.ElementAssembler no fUML (fUML.Syntax.Classes.Kernel.LiteralString) add method or public field found for primitive collection property <java.lang.String> OpaqueExpression.language
15 Jan 2012 19:21:49,937 WARN  assembly.ElementAssembler no fUML (fUML.Syntax.Classes.Kernel.LiteralInteger) add method or public field found for primitive collection property <java.lang.String> OpaqueExpression.body
15 Jan 2012 19:21:49,937 WARN  assembly.ElementAssembler no fUML (fUML.Syntax.Classes.Kernel.LiteralInteger) add method or public field found for primitive collection property <java.lang.String> OpaqueExpression.language
15 Jan 2012 19:21:49,953 WARN  assembly.ElementAssembler no fUML (fUML.Syntax.Classes.Kernel.LiteralInteger) add method or public field found for primitive collection property <java.lang.String> OpaqueExpression.body
15 Jan 2012 19:21:49,953 WARN  assembly.ElementAssembler no fUML (fUML.Syntax.Classes.Kernel.LiteralInteger) add method or public field found for primitive collection property <java.lang.String> OpaqueExpression.language
15 Jan 2012 19:21:49,968 WARN  assembly.ElementAssembler no fUML (fUML.Syntax.Classes.Kernel.LiteralInteger) add method or public field found for primitive collection property <java.lang.String> OpaqueExpression.body
15 Jan 2012 19:21:49,968 WARN  assembly.ElementAssembler no fUML (fUML.Syntax.Classes.Kernel.LiteralInteger) add method or public field found for primitive collection property <java.lang.String> OpaqueExpression.language
15 Jan 2012 19:21:49,968 WARN  assembly.ElementAssembler no fUML (fUML.Syntax.Classes.Kernel.LiteralInteger) add method or public field found for primitive collection property <java.lang.String> OpaqueExpression.body
15 Jan 2012 19:21:49,984 WARN  assembly.ElementAssembler no fUML (fUML.Syntax.Classes.Kernel.LiteralInteger) add method or public field found for primitive collection property <java.lang.String> OpaqueExpression.language
15 Jan 2012 19:21:50,234 WARN  assembly.ElementAssembler no fUML (fUML.Syntax.Classes.Kernel.LiteralInteger) add method or public field found for primitive collection property <java.lang.String> OpaqueExpression.body
15 Jan 2012 19:21:50,234 WARN  assembly.ElementAssembler no fUML (fUML.Syntax.Classes.Kernel.LiteralInteger) add method or public field found for primitive collection property <java.lang.String> OpaqueExpression.language
15 Jan 2012 19:21:50,515 WARN  assembly.ElementAssembler no fUML (fUML.Syntax.Classes.Kernel.LiteralBoolean) add method or public field found for primitive collection property <java.lang.String> OpaqueExpression.body
15 Jan 2012 19:21:50,531 WARN  assembly.ElementAssembler no fUML (fUML.Syntax.Classes.Kernel.LiteralBoolean) add method or public field found for primitive collection property <java.lang.String> OpaqueExpression.language
15 Jan 2012 19:21:50,546 WARN  assembly.ElementAssembler no fUML (fUML.Syntax.Classes.Kernel.LiteralBoolean) add method or public field found for primitive collection property <java.lang.String> OpaqueExpression.body
15 Jan 2012 19:21:50,546 WARN  assembly.ElementAssembler no fUML (fUML.Syntax.Classes.Kernel.LiteralBoolean) add method or public field found for primitive collection property <java.lang.String> OpaqueExpression.language
15 Jan 2012 19:21:50,953 WARN  assembly.ElementAssembler no fUML (fUML.Syntax.Classes.Kernel.LiteralInteger) add method or public field found for primitive collection property <java.lang.String> OpaqueExpression.body
15 Jan 2012 19:21:50,953 WARN  assembly.ElementAssembler no fUML (fUML.Syntax.Classes.Kernel.LiteralInteger) add method or public field found for primitive collection property <java.lang.String> OpaqueExpression.language
15 Jan 2012 19:21:50,968 WARN  assembly.ElementAssembler no fUML (fUML.Syntax.Classes.Kernel.LiteralInteger) add method or public field found for primitive collection property <java.lang.String> OpaqueExpression.body
15 Jan 2012 19:21:50,968 WARN  assembly.ElementAssembler no fUML (fUML.Syntax.Classes.Kernel.LiteralInteger) add method or public field found for primitive collection property <java.lang.String> OpaqueExpression.language
15 Jan 2012 19:21:51,343 INFO  library.ExternalReferenceTestCase executing behavior: TestUnlimitedNaturalFunctions
[execute] creating 10 parameter(s):
[execute] executing the behavior...
15 Jan 2012 19:21:51,359 DEBUG fUML.Debug [execute] Activity TestUnlimitedNaturalFunctions...
15 Jan 2012 19:21:51,359 INFO  fUML.Debug Execute activity=TestUnlimitedNaturalFunctions
15 Jan 2012 19:21:51,359 DEBUG fUML.Debug [createNodeActivations] Creating a node activation for Value(3)...
15 Jan 2012 19:21:51,375 DEBUG fUML.Debug [createNodeActivations] Creating a node activation for Value(3).result...
15 Jan 2012 19:21:51,375 DEBUG fUML.Debug [createNodeActivations] Creating a node activation for Value(2)...
15 Jan 2012 19:21:51,375 DEBUG fUML.Debug [createNodeActivations] Creating a node activation for Value(2).result...
15 Jan 2012 19:21:51,375 DEBUG fUML.Debug [createNodeActivations] Creating a node activation for Fork(3)...
15 Jan 2012 19:21:51,375 DEBUG fUML.Debug [createNodeActivations] Creating a node activation for Fork(2)...
15 Jan 2012 19:21:51,375 DEBUG fUML.Debug [createNodeActivations] Creating a node activation for Call(LT)...
15 Jan 2012 19:21:51,375 DEBUG fUML.Debug [createNodeActivations] Creating a node activation for LT.x...
15 Jan 2012 19:21:51,375 DEBUG fUML.Debug [createNodeActivations] Creating a node activation for LT.y...
15 Jan 2012 19:21:51,375 DEBUG fUML.Debug [createNodeActivations] Creating a node activation for LT.result...
15 Jan 2012 19:21:51,375 DEBUG fUML.Debug [createNodeActivations] Creating a node activation for Call(LE)...
15 Jan 2012 19:21:51,375 DEBUG fUML.Debug [createNodeActivations] Creating a node activation for LE.x...
15 Jan 2012 19:21:51,375 DEBUG fUML.Debug [createNodeActivations] Creating a node activation for LE.y...
15 Jan 2012 19:21:51,375 DEBUG fUML.Debug [createNodeActivations] Creating a node activation for LE.result...
15 Jan 2012 19:21:51,375 DEBUG fUML.Debug [createNodeActivations] Creating a node activation for Call(GT)...
15 Jan 2012 19:21:51,375 DEBUG fUML.Debug [createNodeActivations] Creating a node activation for GT.x...
15 Jan 2012 19:21:51,375 DEBUG fUML.Debug [createNodeActivations] Creating a node activation for GT.y...
15 Jan 2012 19:21:51,375 DEBUG fUML.Debug [createNodeActivations] Creating a node activation for GT.result...
15 Jan 2012 19:21:51,375 DEBUG fUML.Debug [createNodeActivations] Creating a node activation for Call(GE)...
15 Jan 2012 19:21:51,375 DEBUG fUML.Debug [createNodeActivations] Creating a node activation for GE.x...
15 Jan 2012 19:21:51,375 DEBUG fUML.Debug [createNodeActivations] Creating a node activation for GE.y...
15 Jan 2012 19:21:51,375 DEBUG fUML.Debug [createNodeActivations] Creating a node activation for GE.result...
15 Jan 2012 19:21:51,375 DEBUG fUML.Debug [createNodeActivations] Creating a node activation for Param(LTResult)...
15 Jan 2012 19:21:51,375 DEBUG fUML.Debug [createNodeActivations] Creating a node activation for Param(LEResult)...
15 Jan 2012 19:21:51,375 DEBUG fUML.Debug [createNodeActivations] Creating a node activation for Param(GTResult)...
15 Jan 2012 19:21:51,375 DEBUG fUML.Debug [createNodeActivations] Creating a node activation for Param(GEResult)...
15 Jan 2012 19:21:51,375 DEBUG fUML.Debug [createNodeActivations] Creating a node activation for Param(LEResult*)...
15 Jan 2012 19:21:51,375 DEBUG fUML.Debug [createNodeActivations] Creating a node activation for Param(GTResult*)...
15 Jan 2012 19:21:51,375 DEBUG fUML.Debug [createNodeActivations] Creating a node activation for Param(LTResult*)...
15 Jan 2012 19:21:51,375 DEBUG fUML.Debug [createNodeActivations] Creating a node activation for Param(GEResult*)...
15 Jan 2012 19:21:51,375 DEBUG fUML.Debug [createNodeActivations] Creating a node activation for Value(*)...
15 Jan 2012 19:21:51,375 DEBUG fUML.Debug [createNodeActivations] Creating a node activation for Value(*).result...
15 Jan 2012 19:21:51,375 DEBUG fUML.Debug [createNodeActivations] Creating a node activation for Call(GE)*...
15 Jan 2012 19:21:51,375 DEBUG fUML.Debug [createNodeActivations] Creating a node activation for GE.x...
15 Jan 2012 19:21:51,375 DEBUG fUML.Debug [createNodeActivations] Creating a node activation for GE.y...
15 Jan 2012 19:21:51,375 DEBUG fUML.Debug [createNodeActivations] Creating a node activation for GE.result...
15 Jan 2012 19:21:51,375 DEBUG fUML.Debug [createNodeActivations] Creating a node activation for Call(LE)*...
15 Jan 2012 19:21:51,375 DEBUG fUML.Debug [createNodeActivations] Creating a node activation for LE.x...
15 Jan 2012 19:21:51,375 DEBUG fUML.Debug [createNodeActivations] Creating a node activation for LE.y...
15 Jan 2012 19:21:51,375 DEBUG fUML.Debug [createNodeActivations] Creating a node activation for LE.result...
15 Jan 2012 19:21:51,375 DEBUG fUML.Debug [createNodeActivations] Creating a node activation for Call(LT)*...
15 Jan 2012 19:21:51,375 DEBUG fUML.Debug [createNodeActivations] Creating a node activation for LT.x...
15 Jan 2012 19:21:51,375 DEBUG fUML.Debug [createNodeActivations] Creating a node activation for LT.y...
15 Jan 2012 19:21:51,375 DEBUG fUML.Debug [createNodeActivations] Creating a node activation for LT.result...
15 Jan 2012 19:21:51,375 DEBUG fUML.Debug [createNodeActivations] Creating a node activation for Call(GT)*...
15 Jan 2012 19:21:51,375 DEBUG fUML.Debug [createNodeActivations] Creating a node activation for GT.x...
15 Jan 2012 19:21:51,375 DEBUG fUML.Debug [createNodeActivations] Creating a node activation for GT.y...
15 Jan 2012 19:21:51,390 DEBUG fUML.Debug [createNodeActivations] Creating a node activation for GT.result...
15 Jan 2012 19:21:51,390 DEBUG fUML.Debug [createNodeActivations] Creating a node activation for Fork(*)...
15 Jan 2012 19:21:51,390 DEBUG fUML.Debug [createNodeActivations] Creating a node activation for Call(Max)...
15 Jan 2012 19:21:51,390 DEBUG fUML.Debug [createNodeActivations] Creating a node activation for Max.x...
15 Jan 2012 19:21:51,390 DEBUG fUML.Debug [createNodeActivations] Creating a node activation for Min.y...
15 Jan 2012 19:21:51,390 DEBUG fUML.Debug [createNodeActivations] Creating a node activation for Max.result...
15 Jan 2012 19:21:51,390 DEBUG fUML.Debug [createNodeActivations] Creating a node activation for Call(Min)...
15 Jan 2012 19:21:51,390 DEBUG fUML.Debug [createNodeActivations] Creating a node activation for Min.x...
15 Jan 2012 19:21:51,390 DEBUG fUML.Debug [createNodeActivations] Creating a node activation for Min.y...
15 Jan 2012 19:21:51,390 DEBUG fUML.Debug [createNodeActivations] Creating a node activation for Min.result...
15 Jan 2012 19:21:51,390 DEBUG fUML.Debug [createNodeActivations] Creating a node activation for Param(MaxResult)...
15 Jan 2012 19:21:51,390 DEBUG fUML.Debug [createNodeActivations] Creating a node activation for Param(MinResult)...
15 Jan 2012 19:21:51,390 DEBUG fUML.Debug [createEdgeInstances] Creating an edge instance from Value(3).result to Fork(3).
15 Jan 2012 19:21:51,390 DEBUG fUML.Debug [createEdgeInstances] Creating an edge instance from Value(2).result to Fork(2).
15 Jan 2012 19:21:51,390 DEBUG fUML.Debug [createEdgeInstances] Creating an edge instance from Fork(3) to LT.x.
15 Jan 2012 19:21:51,390 DEBUG fUML.Debug [createEdgeInstances] Creating an edge instance from Fork(2) to LE.y.
15 Jan 2012 19:21:51,390 DEBUG fUML.Debug [createEdgeInstances] Creating an edge instance from Fork(2) to GT.y.
15 Jan 2012 19:21:51,390 DEBUG fUML.Debug [createEdgeInstances] Creating an edge instance from Fork(3) to LE.x.
15 Jan 2012 19:21:51,390 DEBUG fUML.Debug [createEdgeInstances] Creating an edge instance from Fork(3) to GT.x.
15 Jan 2012 19:21:51,390 DEBUG fUML.Debug [createEdgeInstances] Creating an edge instance from Fork(2) to LT.y.
15 Jan 2012 19:21:51,390 DEBUG fUML.Debug [createEdgeInstances] Creating an edge instance from Fork(3) to GE.x.
15 Jan 2012 19:21:51,390 DEBUG fUML.Debug [createEdgeInstances] Creating an edge instance from Fork(2) to GE.y.
15 Jan 2012 19:21:51,390 DEBUG fUML.Debug [createEdgeInstances] Creating an edge instance from LT.result to Param(LTResult).
15 Jan 2012 19:21:51,390 DEBUG fUML.Debug [createEdgeInstances] Creating an edge instance from LE.result to Param(LEResult).
15 Jan 2012 19:21:51,390 DEBUG fUML.Debug [createEdgeInstances] Creating an edge instance from GT.result to Param(GTResult).
15 Jan 2012 19:21:51,390 DEBUG fUML.Debug [createEdgeInstances] Creating an edge instance from GE.result to Param(GEResult).
15 Jan 2012 19:21:51,390 DEBUG fUML.Debug [createEdgeInstances] Creating an edge instance from Call(LT) to Call(LE).
15 Jan 2012 19:21:51,390 DEBUG fUML.Debug [createEdgeInstances] Creating an edge instance from Call(LE) to Call(GT).
15 Jan 2012 19:21:51,390 DEBUG fUML.Debug [createEdgeInstances] Creating an edge instance from Call(GT) to Call(GE).
15 Jan 2012 19:21:51,390 DEBUG fUML.Debug [createEdgeInstances] Creating an edge instance from Fork(*) to LT.y.
15 Jan 2012 19:21:51,390 DEBUG fUML.Debug [createEdgeInstances] Creating an edge instance from GE.result to Param(GEResult*).
15 Jan 2012 19:21:51,390 DEBUG fUML.Debug [createEdgeInstances] Creating an edge instance from LT.result to Param(LTResult*).
15 Jan 2012 19:21:51,390 DEBUG fUML.Debug [createEdgeInstances] Creating an edge instance from GT.result to Param(GTResult*).
15 Jan 2012 19:21:51,390 DEBUG fUML.Debug [createEdgeInstances] Creating an edge instance from LE.result to Param(LEResult*).
15 Jan 2012 19:21:51,390 DEBUG fUML.Debug [createEdgeInstances] Creating an edge instance from Fork(*) to GE.y.
15 Jan 2012 19:21:51,390 DEBUG fUML.Debug [createEdgeInstances] Creating an edge instance from Fork(*) to LE.y.
15 Jan 2012 19:21:51,390 DEBUG fUML.Debug [createEdgeInstances] Creating an edge instance from Fork(*) to GT.y.
15 Jan 2012 19:21:51,390 DEBUG fUML.Debug [createEdgeInstances] Creating an edge instance from Value(*).result to Fork(*).
15 Jan 2012 19:21:51,390 DEBUG fUML.Debug [createEdgeInstances] Creating an edge instance from Call(GT)* to Call(GE)*.
15 Jan 2012 19:21:51,390 DEBUG fUML.Debug [createEdgeInstances] Creating an edge instance from Call(LE)* to Call(GT)*.
15 Jan 2012 19:21:51,390 DEBUG fUML.Debug [createEdgeInstances] Creating an edge instance from Call(LT)* to Call(LE)*.
15 Jan 2012 19:21:51,390 DEBUG fUML.Debug [createEdgeInstances] Creating an edge instance from Call(GE) to Call(LT)*.
15 Jan 2012 19:21:51,390 DEBUG fUML.Debug [createEdgeInstances] Creating an edge instance from Fork(2) to LT.x.
15 Jan 2012 19:21:51,390 DEBUG fUML.Debug [createEdgeInstances] Creating an edge instance from Fork(2) to LE.x.
15 Jan 2012 19:21:51,390 DEBUG fUML.Debug [createEdgeInstances] Creating an edge instance from Fork(2) to GT.x.
15 Jan 2012 19:21:51,390 DEBUG fUML.Debug [createEdgeInstances] Creating an edge instance from Fork(2) to GE.x.
15 Jan 2012 19:21:51,390 DEBUG fUML.Debug [createEdgeInstances] Creating an edge instance from Fork(2) to Max.x.
15 Jan 2012 19:21:51,390 DEBUG fUML.Debug [createEdgeInstances] Creating an edge instance from Fork(*) to Min.y.
15 Jan 2012 19:21:51,390 DEBUG fUML.Debug [createEdgeInstances] Creating an edge instance from Fork(*) to Min.y.
15 Jan 2012 19:21:51,390 DEBUG fUML.Debug [createEdgeInstances] Creating an edge instance from Call(GE)* to Call(Max).
15 Jan 2012 19:21:51,390 DEBUG fUML.Debug [createEdgeInstances] Creating an edge instance from Call(Max) to Call(Min).
15 Jan 2012 19:21:51,390 DEBUG fUML.Debug [createEdgeInstances] Creating an edge instance from Max.result to Param(MaxResult).
15 Jan 2012 19:21:51,390 DEBUG fUML.Debug [createEdgeInstances] Creating an edge instance from Min.result to Param(MinResult).
15 Jan 2012 19:21:51,390 DEBUG fUML.Debug [createEdgeInstances] Creating an edge instance from Fork(2) to Min.x.
15 Jan 2012 19:21:51,390 DEBUG fUML.Debug [run] node = Value(3)
15 Jan 2012 19:21:51,390 DEBUG fUML.Debug [run] node = Value(3).result
15 Jan 2012 19:21:51,390 DEBUG fUML.Debug [run] node = Value(2)
15 Jan 2012 19:21:51,390 DEBUG fUML.Debug [run] node = Value(2).result
15 Jan 2012 19:21:51,390 DEBUG fUML.Debug [run] node = Fork(3)
15 Jan 2012 19:21:51,390 DEBUG fUML.Debug [run] node = Fork(2)
15 Jan 2012 19:21:51,390 DEBUG fUML.Debug [run] node = Call(LT)
15 Jan 2012 19:21:51,390 DEBUG fUML.Debug [run] Anonymous activation of type fUML.Semantics.Activities.IntermediateActivities.ForkNodeActivation
15 Jan 2012 19:21:51,390 DEBUG fUML.Debug [run] node = LT.x
15 Jan 2012 19:21:51,390 DEBUG fUML.Debug [run] node = LT.y
15 Jan 2012 19:21:51,390 DEBUG fUML.Debug [run] node = LT.result
15 Jan 2012 19:21:51,390 DEBUG fUML.Debug [run] node = Call(LE)
15 Jan 2012 19:21:51,390 DEBUG fUML.Debug [run] Anonymous activation of type fUML.Semantics.Activities.IntermediateActivities.ForkNodeActivation
15 Jan 2012 19:21:51,390 DEBUG fUML.Debug [run] node = LE.x
15 Jan 2012 19:21:51,390 DEBUG fUML.Debug [run] node = LE.y
15 Jan 2012 19:21:51,390 DEBUG fUML.Debug [run] node = LE.result
15 Jan 2012 19:21:51,390 DEBUG fUML.Debug [run] node = Call(GT)
15 Jan 2012 19:21:51,390 DEBUG fUML.Debug [run] Anonymous activation of type fUML.Semantics.Activities.IntermediateActivities.ForkNodeActivation
15 Jan 2012 19:21:51,390 DEBUG fUML.Debug [run] node = GT.x
15 Jan 2012 19:21:51,390 DEBUG fUML.Debug [run] node = GT.y
15 Jan 2012 19:21:51,390 DEBUG fUML.Debug [run] node = GT.result
15 Jan 2012 19:21:51,390 DEBUG fUML.Debug [run] node = Call(GE)
15 Jan 2012 19:21:51,390 DEBUG fUML.Debug [run] Anonymous activation of type fUML.Semantics.Activities.IntermediateActivities.ForkNodeActivation
15 Jan 2012 19:21:51,390 DEBUG fUML.Debug [run] node = GE.x
15 Jan 2012 19:21:51,390 DEBUG fUML.Debug [run] node = GE.y
15 Jan 2012 19:21:51,390 DEBUG fUML.Debug [run] node = GE.result
15 Jan 2012 19:21:51,390 DEBUG fUML.Debug [run] node = Param(LTResult)
15 Jan 2012 19:21:51,390 DEBUG fUML.Debug [run] node = Param(LEResult)
15 Jan 2012 19:21:51,390 DEBUG fUML.Debug [run] node = Param(GTResult)
15 Jan 2012 19:21:51,390 DEBUG fUML.Debug [run] node = Param(GEResult)
15 Jan 2012 19:21:51,390 DEBUG fUML.Debug [run] node = Param(LEResult*)
15 Jan 2012 19:21:51,390 DEBUG fUML.Debug [run] node = Param(GTResult*)
15 Jan 2012 19:21:51,390 DEBUG fUML.Debug [run] node = Param(LTResult*)
15 Jan 2012 19:21:51,390 DEBUG fUML.Debug [run] node = Param(GEResult*)
15 Jan 2012 19:21:51,390 DEBUG fUML.Debug [run] node = Value(*)
15 Jan 2012 19:21:51,390 DEBUG fUML.Debug [run] node = Value(*).result
15 Jan 2012 19:21:51,390 DEBUG fUML.Debug [run] node = Call(GE)*
15 Jan 2012 19:21:51,390 DEBUG fUML.Debug [run] Anonymous activation of type fUML.Semantics.Activities.IntermediateActivities.ForkNodeActivation
15 Jan 2012 19:21:51,390 DEBUG fUML.Debug [run] node = GE.x
15 Jan 2012 19:21:51,390 DEBUG fUML.Debug [run] node = GE.y
15 Jan 2012 19:21:51,390 DEBUG fUML.Debug [run] node = GE.result
15 Jan 2012 19:21:51,390 DEBUG fUML.Debug [run] node = Call(LE)*
15 Jan 2012 19:21:51,390 DEBUG fUML.Debug [run] Anonymous activation of type fUML.Semantics.Activities.IntermediateActivities.ForkNodeActivation
15 Jan 2012 19:21:51,390 DEBUG fUML.Debug [run] node = LE.x
15 Jan 2012 19:21:51,390 DEBUG fUML.Debug [run] node = LE.y
15 Jan 2012 19:21:51,390 DEBUG fUML.Debug [run] node = LE.result
15 Jan 2012 19:21:51,390 DEBUG fUML.Debug [run] node = Call(LT)*
15 Jan 2012 19:21:51,390 DEBUG fUML.Debug [run] Anonymous activation of type fUML.Semantics.Activities.IntermediateActivities.ForkNodeActivation
15 Jan 2012 19:21:51,390 DEBUG fUML.Debug [run] node = LT.x
15 Jan 2012 19:21:51,390 DEBUG fUML.Debug [run] node = LT.y
15 Jan 2012 19:21:51,390 DEBUG fUML.Debug [run] node = LT.result
15 Jan 2012 19:21:51,390 DEBUG fUML.Debug [run] node = Call(GT)*
15 Jan 2012 19:21:51,390 DEBUG fUML.Debug [run] Anonymous activation of type fUML.Semantics.Activities.IntermediateActivities.ForkNodeActivation
15 Jan 2012 19:21:51,390 DEBUG fUML.Debug [run] node = GT.x
15 Jan 2012 19:21:51,390 DEBUG fUML.Debug [run] node = GT.y
15 Jan 2012 19:21:51,390 DEBUG fUML.Debug [run] node = GT.result
15 Jan 2012 19:21:51,390 DEBUG fUML.Debug [run] node = Fork(*)
15 Jan 2012 19:21:51,390 DEBUG fUML.Debug [run] node = Call(Max)
15 Jan 2012 19:21:51,390 DEBUG fUML.Debug [run] Anonymous activation of type fUML.Semantics.Activities.IntermediateActivities.ForkNodeActivation
15 Jan 2012 19:21:51,390 DEBUG fUML.Debug [run] node = Max.x
15 Jan 2012 19:21:51,390 DEBUG fUML.Debug [run] node = Min.y
15 Jan 2012 19:21:51,390 DEBUG fUML.Debug [run] node = Max.result
15 Jan 2012 19:21:51,390 DEBUG fUML.Debug [run] node = Call(Min)
15 Jan 2012 19:21:51,390 DEBUG fUML.Debug [run] node = Min.x
15 Jan 2012 19:21:51,390 DEBUG fUML.Debug [run] node = Min.y
15 Jan 2012 19:21:51,390 DEBUG fUML.Debug [run] node = Min.result
15 Jan 2012 19:21:51,390 DEBUG fUML.Debug [run] node = Param(MaxResult)
15 Jan 2012 19:21:51,390 DEBUG fUML.Debug [run] node = Param(MinResult)
15 Jan 2012 19:21:51,390 DEBUG fUML.Debug [run] Checking for enabled nodes...
15 Jan 2012 19:21:51,390 DEBUG fUML.Debug [run] Checking node Value(3)...
15 Jan 2012 19:21:51,390 DEBUG fUML.Debug [run] Node Value(3) is enabled.
15 Jan 2012 19:21:51,390 DEBUG fUML.Debug [run] Checking node Value(3).result...
15 Jan 2012 19:21:51,390 DEBUG fUML.Debug [run] Checking node Value(2)...
15 Jan 2012 19:21:51,390 DEBUG fUML.Debug [run] Node Value(2) is enabled.
15 Jan 2012 19:21:51,390 DEBUG fUML.Debug [run] Checking node Value(2).result...
15 Jan 2012 19:21:51,390 DEBUG fUML.Debug [run] Checking node Fork(3)...
15 Jan 2012 19:21:51,390 DEBUG fUML.Debug [run] Checking node Fork(2)...
15 Jan 2012 19:21:51,406 DEBUG fUML.Debug [run] Checking node Call(LT)...
15 Jan 2012 19:21:51,406 DEBUG fUML.Debug [run] Checking node LT.x...
15 Jan 2012 19:21:51,406 DEBUG fUML.Debug [run] Checking node LT.y...
15 Jan 2012 19:21:51,406 DEBUG fUML.Debug [run] Checking node LT.result...
15 Jan 2012 19:21:51,406 DEBUG fUML.Debug [run] Checking node Call(LE)...
15 Jan 2012 19:21:51,406 DEBUG fUML.Debug [run] Checking node LE.x...
15 Jan 2012 19:21:51,406 DEBUG fUML.Debug [run] Checking node LE.y...
15 Jan 2012 19:21:51,406 DEBUG fUML.Debug [run] Checking node LE.result...
15 Jan 2012 19:21:51,406 DEBUG fUML.Debug [run] Checking node Call(GT)...
15 Jan 2012 19:21:51,406 DEBUG fUML.Debug [run] Checking node GT.x...
15 Jan 2012 19:21:51,406 DEBUG fUML.Debug [run] Checking node GT.y...
15 Jan 2012 19:21:51,406 DEBUG fUML.Debug [run] Checking node GT.result...
15 Jan 2012 19:21:51,406 DEBUG fUML.Debug [run] Checking node Call(GE)...
15 Jan 2012 19:21:51,406 DEBUG fUML.Debug [run] Checking node GE.x...
15 Jan 2012 19:21:51,406 DEBUG fUML.Debug [run] Checking node GE.y...
15 Jan 2012 19:21:51,406 DEBUG fUML.Debug [run] Checking node GE.result...
15 Jan 2012 19:21:51,406 DEBUG fUML.Debug [run] Checking node Param(LTResult)...
15 Jan 2012 19:21:51,406 DEBUG fUML.Debug [run] Checking node Param(LEResult)...
15 Jan 2012 19:21:51,406 DEBUG fUML.Debug [run] Checking node Param(GTResult)...
15 Jan 2012 19:21:51,406 DEBUG fUML.Debug [run] Checking node Param(GEResult)...
15 Jan 2012 19:21:51,406 DEBUG fUML.Debug [run] Checking node Param(LEResult*)...
15 Jan 2012 19:21:51,406 DEBUG fUML.Debug [run] Checking node Param(GTResult*)...
15 Jan 2012 19:21:51,406 DEBUG fUML.Debug [run] Checking node Param(LTResult*)...
15 Jan 2012 19:21:51,406 DEBUG fUML.Debug [run] Checking node Param(GEResult*)...
15 Jan 2012 19:21:51,406 DEBUG fUML.Debug [run] Checking node Value(*)...
15 Jan 2012 19:21:51,406 DEBUG fUML.Debug [run] Node Value(*) is enabled.
15 Jan 2012 19:21:51,406 DEBUG fUML.Debug [run] Checking node Value(*).result...
15 Jan 2012 19:21:51,406 DEBUG fUML.Debug [run] Checking node Call(GE)*...
15 Jan 2012 19:21:51,406 DEBUG fUML.Debug [run] Checking node GE.x...
15 Jan 2012 19:21:51,406 DEBUG fUML.Debug [run] Checking node GE.y...
15 Jan 2012 19:21:51,406 DEBUG fUML.Debug [run] Checking node GE.result...
15 Jan 2012 19:21:51,406 DEBUG fUML.Debug [run] Checking node Call(LE)*...
15 Jan 2012 19:21:51,406 DEBUG fUML.Debug [run] Checking node LE.x...
15 Jan 2012 19:21:51,406 DEBUG fUML.Debug [run] Checking node LE.y...
15 Jan 2012 19:21:51,406 DEBUG fUML.Debug [run] Checking node LE.result...
15 Jan 2012 19:21:51,406 DEBUG fUML.Debug [run] Checking node Call(LT)*...
15 Jan 2012 19:21:51,406 DEBUG fUML.Debug [run] Checking node LT.x...
15 Jan 2012 19:21:51,406 DEBUG fUML.Debug [run] Checking node LT.y...
15 Jan 2012 19:21:51,406 DEBUG fUML.Debug [run] Checking node LT.result...
15 Jan 2012 19:21:51,406 DEBUG fUML.Debug [run] Checking node Call(GT)*...
15 Jan 2012 19:21:51,406 DEBUG fUML.Debug [run] Checking node GT.x...
15 Jan 2012 19:21:51,406 DEBUG fUML.Debug [run] Checking node GT.y...
15 Jan 2012 19:21:51,406 DEBUG fUML.Debug [run] Checking node GT.result...
15 Jan 2012 19:21:51,406 DEBUG fUML.Debug [run] Checking node Fork(*)...
15 Jan 2012 19:21:51,406 DEBUG fUML.Debug [run] Checking node Call(Max)...
15 Jan 2012 19:21:51,406 DEBUG fUML.Debug [run] Checking node Max.x...
15 Jan 2012 19:21:51,406 DEBUG fUML.Debug [run] Checking node Min.y...
15 Jan 2012 19:21:51,406 DEBUG fUML.Debug [run] Checking node Max.result...
15 Jan 2012 19:21:51,406 DEBUG fUML.Debug [run] Checking node Call(Min)...
15 Jan 2012 19:21:51,406 DEBUG fUML.Debug [run] Checking node Min.x...
15 Jan 2012 19:21:51,406 DEBUG fUML.Debug [run] Checking node Min.y...
15 Jan 2012 19:21:51,406 DEBUG fUML.Debug [run] Checking node Min.result...
15 Jan 2012 19:21:51,406 DEBUG fUML.Debug [run] Checking node Param(MaxResult)...
15 Jan 2012 19:21:51,406 DEBUG fUML.Debug [run] Checking node Param(MinResult)...
15 Jan 2012 19:21:51,406 DEBUG fUML.Debug [run] Sending offer to node Value(3).
15 Jan 2012 19:21:51,406 DEBUG fUML.Debug [receiveOffer] node = Value(3)
15 Jan 2012 19:21:51,406 DEBUG fUML.Debug [_beginIsolation] Begin isolation.
15 Jan 2012 19:21:51,406 DEBUG fUML.Debug [receiveOffer] Firing.
15 Jan 2012 19:21:51,406 DEBUG fUML.Debug [_endIsolation] End isolation.
15 Jan 2012 19:21:51,406 DEBUG fUML.Debug [fire] Action Value(3)...
15 Jan 2012 19:21:51,406 INFO  fUML.Debug Fire activity=TestUnlimitedNaturalFunctions action=Value(3)
15 Jan 2012 19:21:51,406 DEBUG fUML.Debug [putToken] node = Value(3)
15 Jan 2012 19:21:51,406 DEBUG fUML.Debug [addToken] node = Value(3).result
15 Jan 2012 19:21:51,421 DEBUG fUML.Debug [receiveOffer] node = Fork(3)
15 Jan 2012 19:21:51,421 DEBUG fUML.Debug [_beginIsolation] Begin isolation.
15 Jan 2012 19:21:51,421 DEBUG fUML.Debug [receiveOffer] Firing.
15 Jan 2012 19:21:51,421 DEBUG fUML.Debug [_endIsolation] End isolation.
15 Jan 2012 19:21:51,421 DEBUG fUML.Debug [fire] Fork node Fork(3)...
15 Jan 2012 19:21:51,421 DEBUG fUML.Debug [addToken] node = Fork(3)
15 Jan 2012 19:21:51,421 DEBUG fUML.Debug [receiveOffer] node = Call(LT)
15 Jan 2012 19:21:51,421 DEBUG fUML.Debug [_beginIsolation] Begin isolation.
15 Jan 2012 19:21:51,421 DEBUG fUML.Debug [_endIsolation] End isolation.
15 Jan 2012 19:21:51,421 DEBUG fUML.Debug [receiveOffer] node = Call(LE)
15 Jan 2012 19:21:51,421 DEBUG fUML.Debug [_beginIsolation] Begin isolation.
15 Jan 2012 19:21:51,421 DEBUG fUML.Debug [_endIsolation] End isolation.
15 Jan 2012 19:21:51,421 DEBUG fUML.Debug [receiveOffer] node = Call(GT)
15 Jan 2012 19:21:51,421 DEBUG fUML.Debug [_beginIsolation] Begin isolation.
15 Jan 2012 19:21:51,421 DEBUG fUML.Debug [_endIsolation] End isolation.
15 Jan 2012 19:21:51,421 DEBUG fUML.Debug [receiveOffer] node = Call(GE)
15 Jan 2012 19:21:51,421 DEBUG fUML.Debug [_beginIsolation] Begin isolation.
15 Jan 2012 19:21:51,421 DEBUG fUML.Debug [_endIsolation] End isolation.
15 Jan 2012 19:21:51,421 DEBUG fUML.Debug [fire] Checking if Value(3) should fire again...
15 Jan 2012 19:21:51,421 DEBUG fUML.Debug [_beginIsolation] Begin isolation.
15 Jan 2012 19:21:51,421 DEBUG fUML.Debug [_endIsolation] End isolation.
15 Jan 2012 19:21:51,421 DEBUG fUML.Debug [run] Sending offer to node Value(2).
15 Jan 2012 19:21:51,421 DEBUG fUML.Debug [receiveOffer] node = Value(2)
15 Jan 2012 19:21:51,421 DEBUG fUML.Debug [_beginIsolation] Begin isolation.
15 Jan 2012 19:21:51,421 DEBUG fUML.Debug [receiveOffer] Firing.
15 Jan 2012 19:21:51,421 DEBUG fUML.Debug [_endIsolation] End isolation.
15 Jan 2012 19:21:51,421 DEBUG fUML.Debug [fire] Action Value(2)...
15 Jan 2012 19:21:51,421 INFO  fUML.Debug Fire activity=TestUnlimitedNaturalFunctions action=Value(2)
15 Jan 2012 19:21:51,421 DEBUG fUML.Debug [putToken] node = Value(2)
15 Jan 2012 19:21:51,421 DEBUG fUML.Debug [addToken] node = Value(2).result
15 Jan 2012 19:21:51,421 DEBUG fUML.Debug [receiveOffer] node = Fork(2)
15 Jan 2012 19:21:51,421 DEBUG fUML.Debug [_beginIsolation] Begin isolation.
15 Jan 2012 19:21:51,421 DEBUG fUML.Debug [receiveOffer] Firing.
15 Jan 2012 19:21:51,421 DEBUG fUML.Debug [_endIsolation] End isolation.
15 Jan 2012 19:21:51,421 DEBUG fUML.Debug [fire] Fork node Fork(2)...
15 Jan 2012 19:21:51,421 DEBUG fUML.Debug [addToken] node = Fork(2)
15 Jan 2012 19:21:51,421 DEBUG fUML.Debug [receiveOffer] node = Call(LE)
15 Jan 2012 19:21:51,421 DEBUG fUML.Debug [_beginIsolation] Begin isolation.
15 Jan 2012 19:21:51,421 DEBUG fUML.Debug [_endIsolation] End isolation.
15 Jan 2012 19:21:51,421 DEBUG fUML.Debug [receiveOffer] node = Call(GT)
15 Jan 2012 19:21:51,421 DEBUG fUML.Debug [_beginIsolation] Begin isolation.
15 Jan 2012 19:21:51,421 DEBUG fUML.Debug [_endIsolation] End isolation.
15 Jan 2012 19:21:51,421 DEBUG fUML.Debug [receiveOffer] node = Call(LT)
15 Jan 2012 19:21:51,421 DEBUG fUML.Debug [_beginIsolation] Begin isolation.
15 Jan 2012 19:21:51,421 DEBUG fUML.Debug [receiveOffer] Firing.
15 Jan 2012 19:21:51,421 DEBUG fUML.Debug [fire] Pin LT.x...
15 Jan 2012 19:21:51,421 DEBUG fUML.Debug [addToken] node = LT.x
15 Jan 2012 19:21:51,421 DEBUG fUML.Debug [removeToken] node = Value(3).result
15 Jan 2012 19:21:51,421 DEBUG fUML.Debug [fire] Pin LT.y...
15 Jan 2012 19:21:51,421 DEBUG fUML.Debug [addToken] node = LT.y
15 Jan 2012 19:21:51,421 DEBUG fUML.Debug [removeToken] node = Value(2).result
15 Jan 2012 19:21:51,421 DEBUG fUML.Debug [_endIsolation] End isolation.
15 Jan 2012 19:21:51,421 DEBUG fUML.Debug [fire] Action Call(LT)...
15 Jan 2012 19:21:51,421 INFO  fUML.Debug Fire activity=TestUnlimitedNaturalFunctions action=Call(LT)
15 Jan 2012 19:21:51,421 DEBUG fUML.Debug [takeTokens] node = Call(LT), pin = LT.x
15 Jan 2012 19:21:51,421 DEBUG fUML.Debug [removeToken] node = LT.x
15 Jan 2012 19:21:51,421 DEBUG fUML.Debug [takeTokens] node = Call(LT), pin = LT.y
15 Jan 2012 19:21:51,421 DEBUG fUML.Debug [removeToken] node = LT.y
15 Jan 2012 19:21:51,421 DEBUG fUML.Debug [execute] Opaque behavior <...
15 Jan 2012 19:21:51,421 DEBUG fUML.Debug [doBody] argument = 3
15 Jan 2012 19:21:51,421 DEBUG fUML.Debug [doBody] argument = 2
15 Jan 2012 19:21:51,421 DEBUG fUML.Debug [doBody] Unlimited Natural Less Than result = false
15 Jan 2012 19:21:51,421 DEBUG fUML.Debug [doBody] result = false
15 Jan 2012 19:21:51,421 DEBUG fUML.Debug [putToken] node = Call(LT)
15 Jan 2012 19:21:51,421 DEBUG fUML.Debug [addToken] node = LT.result
15 Jan 2012 19:21:51,421 DEBUG fUML.Debug [destroy] object = org.modeldriven.fuml.library.unlimitednaturalfunctions.UnlimitedNaturalLessThanFunctionBehaviorExecution@10b69b
15 Jan 2012 19:21:51,421 DEBUG fUML.Debug [receiveOffer] node = Param(LTResult)
15 Jan 2012 19:21:51,421 DEBUG fUML.Debug [_beginIsolation] Begin isolation.
15 Jan 2012 19:21:51,421 DEBUG fUML.Debug [receiveOffer] Firing.
15 Jan 2012 19:21:51,421 DEBUG fUML.Debug [_endIsolation] End isolation.
15 Jan 2012 19:21:51,421 DEBUG fUML.Debug [fire] Output activity parameter node Param(LTResult)...
15 Jan 2012 19:21:51,421 DEBUG fUML.Debug [addToken] node = Param(LTResult)
15 Jan 2012 19:21:51,421 DEBUG fUML.Debug [removeToken] node = LT.result
15 Jan 2012 19:21:51,421 DEBUG fUML.Debug [addToken] node = Call(LT)
15 Jan 2012 19:21:51,421 DEBUG fUML.Debug [_beginIsolation] Begin isolation.
15 Jan 2012 19:21:51,421 DEBUG fUML.Debug [receiveOffer] Firing.
15 Jan 2012 19:21:51,421 DEBUG fUML.Debug [_endIsolation] End isolation.
15 Jan 2012 19:21:51,421 DEBUG fUML.Debug [fire] Anonymous fork node.
15 Jan 2012 19:21:51,421 DEBUG fUML.Debug [addToken] ...
15 Jan 2012 19:21:51,421 DEBUG fUML.Debug [receiveOffer] node = Call(LE)
15 Jan 2012 19:21:51,421 DEBUG fUML.Debug [_beginIsolation] Begin isolation.
15 Jan 2012 19:21:51,421 DEBUG fUML.Debug [receiveOffer] Firing.
15 Jan 2012 19:21:51,421 DEBUG fUML.Debug [removeToken] node = Call(LT)
15 Jan 2012 19:21:51,421 DEBUG fUML.Debug [removeToken] ...
15 Jan 2012 19:21:51,421 DEBUG fUML.Debug [fire] Pin LE.x...
15 Jan 2012 19:21:51,421 DEBUG fUML.Debug [addToken] node = LE.x
15 Jan 2012 19:21:51,421 DEBUG fUML.Debug [fire] Pin LE.y...
15 Jan 2012 19:21:51,421 DEBUG fUML.Debug [addToken] node = LE.y
15 Jan 2012 19:21:51,421 DEBUG fUML.Debug [_endIsolation] End isolation.
15 Jan 2012 19:21:51,421 DEBUG fUML.Debug [fire] Action Call(LE)...
15 Jan 2012 19:21:51,421 INFO  fUML.Debug Fire activity=TestUnlimitedNaturalFunctions action=Call(LE)
15 Jan 2012 19:21:51,421 DEBUG fUML.Debug [takeTokens] node = Call(LE), pin = LE.x
15 Jan 2012 19:21:51,421 DEBUG fUML.Debug [removeToken] node = LE.x
15 Jan 2012 19:21:51,421 DEBUG fUML.Debug [takeTokens] node = Call(LE), pin = LE.y
15 Jan 2012 19:21:51,421 DEBUG fUML.Debug [removeToken] node = LE.y
15 Jan 2012 19:21:51,421 DEBUG fUML.Debug [execute] Opaque behavior <=...
15 Jan 2012 19:21:51,421 DEBUG fUML.Debug [doBody] argument = 3
15 Jan 2012 19:21:51,421 DEBUG fUML.Debug [doBody] argument = 2
15 Jan 2012 19:21:51,421 DEBUG fUML.Debug [doBody] Unlimited Natural Less Than or Equal result = false
15 Jan 2012 19:21:51,421 DEBUG fUML.Debug [doBody] result = false
15 Jan 2012 19:21:51,421 DEBUG fUML.Debug [putToken] node = Call(LE)
15 Jan 2012 19:21:51,421 DEBUG fUML.Debug [addToken] node = LE.result
15 Jan 2012 19:21:51,421 DEBUG fUML.Debug [destroy] object = org.modeldriven.fuml.library.unlimitednaturalfunctions.UnlimitedNaturalLessThanEqualFunctionBehaviorExecution@1447c32
15 Jan 2012 19:21:51,421 DEBUG fUML.Debug [receiveOffer] node = Param(LEResult)
15 Jan 2012 19:21:51,437 DEBUG fUML.Debug [_beginIsolation] Begin isolation.
15 Jan 2012 19:21:51,437 DEBUG fUML.Debug [receiveOffer] Firing.
15 Jan 2012 19:21:51,437 DEBUG fUML.Debug [_endIsolation] End isolation.
15 Jan 2012 19:21:51,437 DEBUG fUML.Debug [fire] Output activity parameter node Param(LEResult)...
15 Jan 2012 19:21:51,437 DEBUG fUML.Debug [addToken] node = Param(LEResult)
15 Jan 2012 19:21:51,437 DEBUG fUML.Debug [removeToken] node = LE.result
15 Jan 2012 19:21:51,437 DEBUG fUML.Debug [addToken] node = Call(LE)
15 Jan 2012 19:21:51,437 DEBUG fUML.Debug [_beginIsolation] Begin isolation.
15 Jan 2012 19:21:51,437 DEBUG fUML.Debug [receiveOffer] Firing.
15 Jan 2012 19:21:51,437 DEBUG fUML.Debug [_endIsolation] End isolation.
15 Jan 2012 19:21:51,437 DEBUG fUML.Debug [fire] Anonymous fork node.
15 Jan 2012 19:21:51,437 DEBUG fUML.Debug [addToken] ...
15 Jan 2012 19:21:51,437 DEBUG fUML.Debug [receiveOffer] node = Call(GT)
15 Jan 2012 19:21:51,437 DEBUG fUML.Debug [_beginIsolation] Begin isolation.
15 Jan 2012 19:21:51,437 DEBUG fUML.Debug [receiveOffer] Firing.
15 Jan 2012 19:21:51,437 DEBUG fUML.Debug [removeToken] node = Call(LE)
15 Jan 2012 19:21:51,437 DEBUG fUML.Debug [removeToken] ...
15 Jan 2012 19:21:51,437 DEBUG fUML.Debug [fire] Pin GT.x...
15 Jan 2012 19:21:51,437 DEBUG fUML.Debug [addToken] node = GT.x
15 Jan 2012 19:21:51,437 DEBUG fUML.Debug [fire] Pin GT.y...
15 Jan 2012 19:21:51,437 DEBUG fUML.Debug [addToken] node = GT.y
15 Jan 2012 19:21:51,437 DEBUG fUML.Debug [_endIsolation] End isolation.
15 Jan 2012 19:21:51,437 DEBUG fUML.Debug [fire] Action Call(GT)...
15 Jan 2012 19:21:51,437 INFO  fUML.Debug Fire activity=TestUnlimitedNaturalFunctions action=Call(GT)
15 Jan 2012 19:21:51,437 DEBUG fUML.Debug [takeTokens] node = Call(GT), pin = GT.x
15 Jan 2012 19:21:51,437 DEBUG fUML.Debug [removeToken] node = GT.x
15 Jan 2012 19:21:51,437 DEBUG fUML.Debug [takeTokens] node = Call(GT), pin = GT.y
15 Jan 2012 19:21:51,437 DEBUG fUML.Debug [removeToken] node = GT.y
15 Jan 2012 19:21:51,437 DEBUG fUML.Debug [execute] Opaque behavior >...
15 Jan 2012 19:21:51,437 DEBUG fUML.Debug [doBody] argument = 3
15 Jan 2012 19:21:51,437 DEBUG fUML.Debug [doBody] argument = 2
15 Jan 2012 19:21:51,437 DEBUG fUML.Debug [doBody] Unlimited Natural Greater Than result = true
15 Jan 2012 19:21:51,437 DEBUG fUML.Debug [doBody] result = true
15 Jan 2012 19:21:51,437 DEBUG fUML.Debug [putToken] node = Call(GT)
15 Jan 2012 19:21:51,437 DEBUG fUML.Debug [addToken] node = GT.result
15 Jan 2012 19:21:51,437 DEBUG fUML.Debug [destroy] object = org.modeldriven.fuml.library.unlimitednaturalfunctions.UnlimitedNaturalGreaterThanFunctionBehaviorExecution@135ea8e
15 Jan 2012 19:21:51,437 DEBUG fUML.Debug [receiveOffer] node = Param(GTResult)
15 Jan 2012 19:21:51,437 DEBUG fUML.Debug [_beginIsolation] Begin isolation.
15 Jan 2012 19:21:51,437 DEBUG fUML.Debug [receiveOffer] Firing.
15 Jan 2012 19:21:51,437 DEBUG fUML.Debug [_endIsolation] End isolation.
15 Jan 2012 19:21:51,437 DEBUG fUML.Debug [fire] Output activity parameter node Param(GTResult)...
15 Jan 2012 19:21:51,437 DEBUG fUML.Debug [addToken] node = Param(GTResult)
15 Jan 2012 19:21:51,437 DEBUG fUML.Debug [removeToken] node = GT.result
15 Jan 2012 19:21:51,437 DEBUG fUML.Debug [addToken] node = Call(GT)
15 Jan 2012 19:21:51,437 DEBUG fUML.Debug [_beginIsolation] Begin isolation.
15 Jan 2012 19:21:51,437 DEBUG fUML.Debug [receiveOffer] Firing.
15 Jan 2012 19:21:51,437 DEBUG fUML.Debug [_endIsolation] End isolation.
15 Jan 2012 19:21:51,437 DEBUG fUML.Debug [fire] Anonymous fork node.
15 Jan 2012 19:21:51,437 DEBUG fUML.Debug [addToken] ...
15 Jan 2012 19:21:51,437 DEBUG fUML.Debug [receiveOffer] node = Call(GE)
15 Jan 2012 19:21:51,437 DEBUG fUML.Debug [_beginIsolation] Begin isolation.
15 Jan 2012 19:21:51,437 DEBUG fUML.Debug [_endIsolation] End isolation.
15 Jan 2012 19:21:51,437 DEBUG fUML.Debug [fire] Checking if Call(GT) should fire again...
15 Jan 2012 19:21:51,437 DEBUG fUML.Debug [_beginIsolation] Begin isolation.
15 Jan 2012 19:21:51,437 DEBUG fUML.Debug [_endIsolation] End isolation.
15 Jan 2012 19:21:51,437 DEBUG fUML.Debug [fire] Checking if Call(LE) should fire again...
15 Jan 2012 19:21:51,437 DEBUG fUML.Debug [_beginIsolation] Begin isolation.
15 Jan 2012 19:21:51,437 DEBUG fUML.Debug [_endIsolation] End isolation.
15 Jan 2012 19:21:51,437 DEBUG fUML.Debug [fire] Checking if Call(LT) should fire again...
15 Jan 2012 19:21:51,437 DEBUG fUML.Debug [_beginIsolation] Begin isolation.
15 Jan 2012 19:21:51,437 DEBUG fUML.Debug [_endIsolation] End isolation.
15 Jan 2012 19:21:51,437 DEBUG fUML.Debug [receiveOffer] node = Call(GE)
15 Jan 2012 19:21:51,437 DEBUG fUML.Debug [_beginIsolation] Begin isolation.
15 Jan 2012 19:21:51,437 DEBUG fUML.Debug [receiveOffer] Firing.
15 Jan 2012 19:21:51,437 DEBUG fUML.Debug [removeToken] node = Call(GT)
15 Jan 2012 19:21:51,437 DEBUG fUML.Debug [removeToken] ...
15 Jan 2012 19:21:51,437 DEBUG fUML.Debug [fire] Pin GE.x...
15 Jan 2012 19:21:51,437 DEBUG fUML.Debug [addToken] node = GE.x
15 Jan 2012 19:21:51,437 DEBUG fUML.Debug [removeToken] node = Fork(3)
15 Jan 2012 19:21:51,437 DEBUG fUML.Debug [fire] Pin GE.y...
15 Jan 2012 19:21:51,437 DEBUG fUML.Debug [addToken] node = GE.y
15 Jan 2012 19:21:51,437 DEBUG fUML.Debug [_endIsolation] End isolation.
15 Jan 2012 19:21:51,437 DEBUG fUML.Debug [fire] Action Call(GE)...
15 Jan 2012 19:21:51,437 INFO  fUML.Debug Fire activity=TestUnlimitedNaturalFunctions action=Call(GE)
15 Jan 2012 19:21:51,437 DEBUG fUML.Debug [takeTokens] node = Call(GE), pin = GE.x
15 Jan 2012 19:21:51,437 DEBUG fUML.Debug [removeToken] node = GE.x
15 Jan 2012 19:21:51,437 DEBUG fUML.Debug [takeTokens] node = Call(GE), pin = GE.y
15 Jan 2012 19:21:51,437 DEBUG fUML.Debug [removeToken] node = GE.y
15 Jan 2012 19:21:51,437 DEBUG fUML.Debug [execute] Opaque behavior >=...
15 Jan 2012 19:21:51,437 DEBUG fUML.Debug [doBody] argument = 3
15 Jan 2012 19:21:51,437 DEBUG fUML.Debug [doBody] argument = 2
15 Jan 2012 19:21:51,437 DEBUG fUML.Debug [doBody] Unlimited Natural Greater Than or Equal result = true
15 Jan 2012 19:21:51,437 DEBUG fUML.Debug [doBody] result = true
15 Jan 2012 19:21:51,437 DEBUG fUML.Debug [putToken] node = Call(GE)
15 Jan 2012 19:21:51,437 DEBUG fUML.Debug [addToken] node = GE.result
15 Jan 2012 19:21:51,437 DEBUG fUML.Debug [destroy] object = org.modeldriven.fuml.library.unlimitednaturalfunctions.UnlimitedNaturalGreaterThanEqualFunctionBehaviorExecution@ba4bb9
15 Jan 2012 19:21:51,437 DEBUG fUML.Debug [receiveOffer] node = Param(GEResult)
15 Jan 2012 19:21:51,437 DEBUG fUML.Debug [_beginIsolation] Begin isolation.
15 Jan 2012 19:21:51,437 DEBUG fUML.Debug [receiveOffer] Firing.
15 Jan 2012 19:21:51,437 DEBUG fUML.Debug [_endIsolation] End isolation.
15 Jan 2012 19:21:51,437 DEBUG fUML.Debug [fire] Output activity parameter node Param(GEResult)...
15 Jan 2012 19:21:51,437 DEBUG fUML.Debug [addToken] node = Param(GEResult)
15 Jan 2012 19:21:51,437 DEBUG fUML.Debug [removeToken] node = GE.result
15 Jan 2012 19:21:51,437 DEBUG fUML.Debug [addToken] node = Call(GE)
15 Jan 2012 19:21:51,437 DEBUG fUML.Debug [_beginIsolation] Begin isolation.
15 Jan 2012 19:21:51,437 DEBUG fUML.Debug [receiveOffer] Firing.
15 Jan 2012 19:21:51,437 DEBUG fUML.Debug [_endIsolation] End isolation.
15 Jan 2012 19:21:51,437 DEBUG fUML.Debug [fire] Anonymous fork node.
15 Jan 2012 19:21:51,437 DEBUG fUML.Debug [addToken] ...
15 Jan 2012 19:21:51,437 DEBUG fUML.Debug [receiveOffer] node = Call(LT)*
15 Jan 2012 19:21:51,437 DEBUG fUML.Debug [_beginIsolation] Begin isolation.
15 Jan 2012 19:21:51,437 DEBUG fUML.Debug [_endIsolation] End isolation.
15 Jan 2012 19:21:51,437 DEBUG fUML.Debug [fire] Checking if Call(GE) should fire again...
15 Jan 2012 19:21:51,437 DEBUG fUML.Debug [_beginIsolation] Begin isolation.
15 Jan 2012 19:21:51,437 DEBUG fUML.Debug [_endIsolation] End isolation.
15 Jan 2012 19:21:51,437 DEBUG fUML.Debug [receiveOffer] node = Call(LT)*
15 Jan 2012 19:21:51,437 DEBUG fUML.Debug [_beginIsolation] Begin isolation.
15 Jan 2012 19:21:51,437 DEBUG fUML.Debug [_endIsolation] End isolation.
15 Jan 2012 19:21:51,437 DEBUG fUML.Debug [receiveOffer] node = Call(LE)*
15 Jan 2012 19:21:51,437 DEBUG fUML.Debug [_beginIsolation] Begin isolation.
15 Jan 2012 19:21:51,437 DEBUG fUML.Debug [_endIsolation] End isolation.
15 Jan 2012 19:21:51,437 DEBUG fUML.Debug [receiveOffer] node = Call(GT)*
15 Jan 2012 19:21:51,437 DEBUG fUML.Debug [_beginIsolation] Begin isolation.
15 Jan 2012 19:21:51,437 DEBUG fUML.Debug [_endIsolation] End isolation.
15 Jan 2012 19:21:51,437 DEBUG fUML.Debug [receiveOffer] node = Call(GE)*
15 Jan 2012 19:21:51,437 DEBUG fUML.Debug [_beginIsolation] Begin isolation.
15 Jan 2012 19:21:51,437 DEBUG fUML.Debug [_endIsolation] End isolation.
15 Jan 2012 19:21:51,437 DEBUG fUML.Debug [receiveOffer] node = Call(Max)
15 Jan 2012 19:21:51,437 DEBUG fUML.Debug [_beginIsolation] Begin isolation.
15 Jan 2012 19:21:51,437 DEBUG fUML.Debug [_endIsolation] End isolation.
15 Jan 2012 19:21:51,437 DEBUG fUML.Debug [receiveOffer] node = Call(Min)
15 Jan 2012 19:21:51,437 DEBUG fUML.Debug [_beginIsolation] Begin isolation.
15 Jan 2012 19:21:51,437 DEBUG fUML.Debug [_endIsolation] End isolation.
15 Jan 2012 19:21:51,437 DEBUG fUML.Debug [fire] Checking if Value(2) should fire again...
15 Jan 2012 19:21:51,437 DEBUG fUML.Debug [_beginIsolation] Begin isolation.
15 Jan 2012 19:21:51,437 DEBUG fUML.Debug [_endIsolation] End isolation.
15 Jan 2012 19:21:51,437 DEBUG fUML.Debug [run] Sending offer to node Value(*).
15 Jan 2012 19:21:51,437 DEBUG fUML.Debug [receiveOffer] node = Value(*)
15 Jan 2012 19:21:51,437 DEBUG fUML.Debug [_beginIsolation] Begin isolation.
15 Jan 2012 19:21:51,437 DEBUG fUML.Debug [receiveOffer] Firing.
15 Jan 2012 19:21:51,437 DEBUG fUML.Debug [_endIsolation] End isolation.
15 Jan 2012 19:21:51,437 DEBUG fUML.Debug [fire] Action Value(*)...
15 Jan 2012 19:21:51,437 INFO  fUML.Debug Fire activity=TestUnlimitedNaturalFunctions action=Value(*)
15 Jan 2012 19:21:51,437 DEBUG fUML.Debug [putToken] node = Value(*)
15 Jan 2012 19:21:51,437 DEBUG fUML.Debug [addToken] node = Value(*).result
15 Jan 2012 19:21:51,437 DEBUG fUML.Debug [receiveOffer] node = Fork(*)
15 Jan 2012 19:21:51,437 DEBUG fUML.Debug [_beginIsolation] Begin isolation.
15 Jan 2012 19:21:51,437 DEBUG fUML.Debug [receiveOffer] Firing.
15 Jan 2012 19:21:51,437 DEBUG fUML.Debug [_endIsolation] End isolation.
15 Jan 2012 19:21:51,437 DEBUG fUML.Debug [fire] Fork node Fork(*)...
15 Jan 2012 19:21:51,437 DEBUG fUML.Debug [addToken] node = Fork(*)
15 Jan 2012 19:21:51,437 DEBUG fUML.Debug [receiveOffer] node = Call(LT)*
15 Jan 2012 19:21:51,437 DEBUG fUML.Debug [_beginIsolation] Begin isolation.
15 Jan 2012 19:21:51,437 DEBUG fUML.Debug [receiveOffer] Firing.
15 Jan 2012 19:21:51,437 DEBUG fUML.Debug [removeToken] node = Call(GE)
15 Jan 2012 19:21:51,437 DEBUG fUML.Debug [removeToken] ...
15 Jan 2012 19:21:51,437 DEBUG fUML.Debug [fire] Pin LT.x...
15 Jan 2012 19:21:51,437 DEBUG fUML.Debug [addToken] node = LT.x
15 Jan 2012 19:21:51,437 DEBUG fUML.Debug [fire] Pin LT.y...
15 Jan 2012 19:21:51,437 DEBUG fUML.Debug [addToken] node = LT.y
15 Jan 2012 19:21:51,437 DEBUG fUML.Debug [removeToken] node = Value(*).result
15 Jan 2012 19:21:51,437 DEBUG fUML.Debug [_endIsolation] End isolation.
15 Jan 2012 19:21:51,437 DEBUG fUML.Debug [fire] Action Call(LT)*...
15 Jan 2012 19:21:51,437 INFO  fUML.Debug Fire activity=TestUnlimitedNaturalFunctions action=Call(LT)*
15 Jan 2012 19:21:51,437 DEBUG fUML.Debug [takeTokens] node = Call(LT)*, pin = LT.x
15 Jan 2012 19:21:51,437 DEBUG fUML.Debug [removeToken] node = LT.x
15 Jan 2012 19:21:51,437 DEBUG fUML.Debug [takeTokens] node = Call(LT)*, pin = LT.y
15 Jan 2012 19:21:51,437 DEBUG fUML.Debug [removeToken] node = LT.y
15 Jan 2012 19:21:51,437 DEBUG fUML.Debug [execute] Opaque behavior <...
15 Jan 2012 19:21:51,437 DEBUG fUML.Debug [doBody] argument = 2
15 Jan 2012 19:21:51,437 DEBUG fUML.Debug [doBody] argument = -1
15 Jan 2012 19:21:51,437 DEBUG fUML.Debug [doBody] Unlimited Natural Less Than result = true
15 Jan 2012 19:21:51,437 DEBUG fUML.Debug [doBody] result = true
15 Jan 2012 19:21:51,437 DEBUG fUML.Debug [putToken] node = Call(LT)*
15 Jan 2012 19:21:51,437 DEBUG fUML.Debug [addToken] node = LT.result
15 Jan 2012 19:21:51,437 DEBUG fUML.Debug [destroy] object = org.modeldriven.fuml.library.unlimitednaturalfunctions.UnlimitedNaturalLessThanFunctionBehaviorExecution@dafcf2
15 Jan 2012 19:21:51,437 DEBUG fUML.Debug [receiveOffer] node = Param(LTResult*)
15 Jan 2012 19:21:51,437 DEBUG fUML.Debug [_beginIsolation] Begin isolation.
15 Jan 2012 19:21:51,437 DEBUG fUML.Debug [receiveOffer] Firing.
15 Jan 2012 19:21:51,437 DEBUG fUML.Debug [_endIsolation] End isolation.
15 Jan 2012 19:21:51,437 DEBUG fUML.Debug [fire] Output activity parameter node Param(LTResult*)...
15 Jan 2012 19:21:51,437 DEBUG fUML.Debug [addToken] node = Param(LTResult*)
15 Jan 2012 19:21:51,437 DEBUG fUML.Debug [removeToken] node = LT.result
15 Jan 2012 19:21:51,437 DEBUG fUML.Debug [addToken] node = Call(LT)*
15 Jan 2012 19:21:51,437 DEBUG fUML.Debug [_beginIsolation] Begin isolation.
15 Jan 2012 19:21:51,437 DEBUG fUML.Debug [receiveOffer] Firing.
15 Jan 2012 19:21:51,437 DEBUG fUML.Debug [_endIsolation] End isolation.
15 Jan 2012 19:21:51,437 DEBUG fUML.Debug [fire] Anonymous fork node.
15 Jan 2012 19:21:51,437 DEBUG fUML.Debug [addToken] ...
15 Jan 2012 19:21:51,437 DEBUG fUML.Debug [receiveOffer] node = Call(LE)*
15 Jan 2012 19:21:51,437 DEBUG fUML.Debug [_beginIsolation] Begin isolation.
15 Jan 2012 19:21:51,437 DEBUG fUML.Debug [_endIsolation] End isolation.
15 Jan 2012 19:21:51,437 DEBUG fUML.Debug [fire] Checking if Call(LT)* should fire again...
15 Jan 2012 19:21:51,437 DEBUG fUML.Debug [_beginIsolation] Begin isolation.
15 Jan 2012 19:21:51,437 DEBUG fUML.Debug [_endIsolation] End isolation.
15 Jan 2012 19:21:51,453 DEBUG fUML.Debug [receiveOffer] node = Call(GE)*
15 Jan 2012 19:21:51,453 DEBUG fUML.Debug [_beginIsolation] Begin isolation.
15 Jan 2012 19:21:51,453 DEBUG fUML.Debug [_endIsolation] End isolation.
15 Jan 2012 19:21:51,453 DEBUG fUML.Debug [receiveOffer] node = Call(LE)*
15 Jan 2012 19:21:51,453 DEBUG fUML.Debug [_beginIsolation] Begin isolation.
15 Jan 2012 19:21:51,453 DEBUG fUML.Debug [receiveOffer] Firing.
15 Jan 2012 19:21:51,453 DEBUG fUML.Debug [removeToken] node = Call(LT)*
15 Jan 2012 19:21:51,453 DEBUG fUML.Debug [removeToken] ...
15 Jan 2012 19:21:51,453 DEBUG fUML.Debug [fire] Pin LE.x...
15 Jan 2012 19:21:51,453 DEBUG fUML.Debug [addToken] node = LE.x
15 Jan 2012 19:21:51,453 DEBUG fUML.Debug [fire] Pin LE.y...
15 Jan 2012 19:21:51,453 DEBUG fUML.Debug [addToken] node = LE.y
15 Jan 2012 19:21:51,453 DEBUG fUML.Debug [_endIsolation] End isolation.
15 Jan 2012 19:21:51,453 DEBUG fUML.Debug [fire] Action Call(LE)*...
15 Jan 2012 19:21:51,453 INFO  fUML.Debug Fire activity=TestUnlimitedNaturalFunctions action=Call(LE)*
15 Jan 2012 19:21:51,453 DEBUG fUML.Debug [takeTokens] node = Call(LE)*, pin = LE.x
15 Jan 2012 19:21:51,453 DEBUG fUML.Debug [removeToken] node = LE.x
15 Jan 2012 19:21:51,453 DEBUG fUML.Debug [takeTokens] node = Call(LE)*, pin = LE.y
15 Jan 2012 19:21:51,453 DEBUG fUML.Debug [removeToken] node = LE.y
15 Jan 2012 19:21:51,453 DEBUG fUML.Debug [execute] Opaque behavior <=...
15 Jan 2012 19:21:51,453 DEBUG fUML.Debug [doBody] argument = 2
15 Jan 2012 19:21:51,453 DEBUG fUML.Debug [doBody] argument = -1
15 Jan 2012 19:21:51,453 DEBUG fUML.Debug [doBody] Unlimited Natural Less Than or Equal result = true
15 Jan 2012 19:21:51,453 DEBUG fUML.Debug [doBody] result = true
15 Jan 2012 19:21:51,453 DEBUG fUML.Debug [putToken] node = Call(LE)*
15 Jan 2012 19:21:51,453 DEBUG fUML.Debug [addToken] node = LE.result
15 Jan 2012 19:21:51,453 DEBUG fUML.Debug [destroy] object = org.modeldriven.fuml.library.unlimitednaturalfunctions.UnlimitedNaturalLessThanEqualFunctionBehaviorExecution@11486c5
15 Jan 2012 19:21:51,453 DEBUG fUML.Debug [receiveOffer] node = Param(LEResult*)
15 Jan 2012 19:21:51,453 DEBUG fUML.Debug [_beginIsolation] Begin isolation.
15 Jan 2012 19:21:51,453 DEBUG fUML.Debug [receiveOffer] Firing.
15 Jan 2012 19:21:51,453 DEBUG fUML.Debug [_endIsolation] End isolation.
15 Jan 2012 19:21:51,453 DEBUG fUML.Debug [fire] Output activity parameter node Param(LEResult*)...
15 Jan 2012 19:21:51,453 DEBUG fUML.Debug [addToken] node = Param(LEResult*)
15 Jan 2012 19:21:51,453 DEBUG fUML.Debug [removeToken] node = LE.result
15 Jan 2012 19:21:51,453 DEBUG fUML.Debug [addToken] node = Call(LE)*
15 Jan 2012 19:21:51,453 DEBUG fUML.Debug [_beginIsolation] Begin isolation.
15 Jan 2012 19:21:51,453 DEBUG fUML.Debug [receiveOffer] Firing.
15 Jan 2012 19:21:51,453 DEBUG fUML.Debug [_endIsolation] End isolation.
15 Jan 2012 19:21:51,453 DEBUG fUML.Debug [fire] Anonymous fork node.
15 Jan 2012 19:21:51,453 DEBUG fUML.Debug [addToken] ...
15 Jan 2012 19:21:51,453 DEBUG fUML.Debug [receiveOffer] node = Call(GT)*
15 Jan 2012 19:21:51,453 DEBUG fUML.Debug [_beginIsolation] Begin isolation.
15 Jan 2012 19:21:51,453 DEBUG fUML.Debug [_endIsolation] End isolation.
15 Jan 2012 19:21:51,453 DEBUG fUML.Debug [fire] Checking if Call(LE)* should fire again...
15 Jan 2012 19:21:51,453 DEBUG fUML.Debug [_beginIsolation] Begin isolation.
15 Jan 2012 19:21:51,453 DEBUG fUML.Debug [_endIsolation] End isolation.
15 Jan 2012 19:21:51,453 DEBUG fUML.Debug [receiveOffer] node = Call(GT)*
15 Jan 2012 19:21:51,453 DEBUG fUML.Debug [_beginIsolation] Begin isolation.
15 Jan 2012 19:21:51,453 DEBUG fUML.Debug [receiveOffer] Firing.
15 Jan 2012 19:21:51,453 DEBUG fUML.Debug [removeToken] node = Call(LE)*
15 Jan 2012 19:21:51,453 DEBUG fUML.Debug [removeToken] ...
15 Jan 2012 19:21:51,453 DEBUG fUML.Debug [fire] Pin GT.x...
15 Jan 2012 19:21:51,453 DEBUG fUML.Debug [addToken] node = GT.x
15 Jan 2012 19:21:51,453 DEBUG fUML.Debug [fire] Pin GT.y...
15 Jan 2012 19:21:51,453 DEBUG fUML.Debug [addToken] node = GT.y
15 Jan 2012 19:21:51,453 DEBUG fUML.Debug [_endIsolation] End isolation.
15 Jan 2012 19:21:51,453 DEBUG fUML.Debug [fire] Action Call(GT)*...
15 Jan 2012 19:21:51,453 INFO  fUML.Debug Fire activity=TestUnlimitedNaturalFunctions action=Call(GT)*
15 Jan 2012 19:21:51,453 DEBUG fUML.Debug [takeTokens] node = Call(GT)*, pin = GT.x
15 Jan 2012 19:21:51,453 DEBUG fUML.Debug [removeToken] node = GT.x
15 Jan 2012 19:21:51,453 DEBUG fUML.Debug [takeTokens] node = Call(GT)*, pin = GT.y
15 Jan 2012 19:21:51,453 DEBUG fUML.Debug [removeToken] node = GT.y
15 Jan 2012 19:21:51,453 DEBUG fUML.Debug [execute] Opaque behavior >...
15 Jan 2012 19:21:51,453 DEBUG fUML.Debug [doBody] argument = 2
15 Jan 2012 19:21:51,453 DEBUG fUML.Debug [doBody] argument = -1
15 Jan 2012 19:21:51,453 DEBUG fUML.Debug [doBody] Unlimited Natural Greater Than result = false
15 Jan 2012 19:21:51,453 DEBUG fUML.Debug [doBody] result = false
15 Jan 2012 19:21:51,453 DEBUG fUML.Debug [putToken] node = Call(GT)*
15 Jan 2012 19:21:51,453 DEBUG fUML.Debug [addToken] node = GT.result
15 Jan 2012 19:21:51,453 DEBUG fUML.Debug [destroy] object = org.modeldriven.fuml.library.unlimitednaturalfunctions.UnlimitedNaturalGreaterThanFunctionBehaviorExecution@9c0287
15 Jan 2012 19:21:51,453 DEBUG fUML.Debug [receiveOffer] node = Param(GTResult*)
15 Jan 2012 19:21:51,453 DEBUG fUML.Debug [_beginIsolation] Begin isolation.
15 Jan 2012 19:21:51,453 DEBUG fUML.Debug [receiveOffer] Firing.
15 Jan 2012 19:21:51,453 DEBUG fUML.Debug [_endIsolation] End isolation.
15 Jan 2012 19:21:51,453 DEBUG fUML.Debug [fire] Output activity parameter node Param(GTResult*)...
15 Jan 2012 19:21:51,453 DEBUG fUML.Debug [addToken] node = Param(GTResult*)
15 Jan 2012 19:21:51,453 DEBUG fUML.Debug [removeToken] node = GT.result
15 Jan 2012 19:21:51,453 DEBUG fUML.Debug [addToken] node = Call(GT)*
15 Jan 2012 19:21:51,453 DEBUG fUML.Debug [_beginIsolation] Begin isolation.
15 Jan 2012 19:21:51,453 DEBUG fUML.Debug [receiveOffer] Firing.
15 Jan 2012 19:21:51,453 DEBUG fUML.Debug [_endIsolation] End isolation.
15 Jan 2012 19:21:51,453 DEBUG fUML.Debug [fire] Anonymous fork node.
15 Jan 2012 19:21:51,453 DEBUG fUML.Debug [addToken] ...
15 Jan 2012 19:21:51,453 DEBUG fUML.Debug [receiveOffer] node = Call(GE)*
15 Jan 2012 19:21:51,453 DEBUG fUML.Debug [_beginIsolation] Begin isolation.
15 Jan 2012 19:21:51,453 DEBUG fUML.Debug [receiveOffer] Firing.
15 Jan 2012 19:21:51,453 DEBUG fUML.Debug [removeToken] node = Call(GT)*
15 Jan 2012 19:21:51,453 DEBUG fUML.Debug [removeToken] ...
15 Jan 2012 19:21:51,453 DEBUG fUML.Debug [fire] Pin GE.x...
15 Jan 2012 19:21:51,453 DEBUG fUML.Debug [addToken] node = GE.x
15 Jan 2012 19:21:51,453 DEBUG fUML.Debug [fire] Pin GE.y...
15 Jan 2012 19:21:51,453 DEBUG fUML.Debug [addToken] node = GE.y
15 Jan 2012 19:21:51,453 DEBUG fUML.Debug [_endIsolation] End isolation.
15 Jan 2012 19:21:51,453 DEBUG fUML.Debug [fire] Action Call(GE)*...
15 Jan 2012 19:21:51,453 INFO  fUML.Debug Fire activity=TestUnlimitedNaturalFunctions action=Call(GE)*
15 Jan 2012 19:21:51,453 DEBUG fUML.Debug [takeTokens] node = Call(GE)*, pin = GE.x
15 Jan 2012 19:21:51,453 DEBUG fUML.Debug [removeToken] node = GE.x
15 Jan 2012 19:21:51,453 DEBUG fUML.Debug [takeTokens] node = Call(GE)*, pin = GE.y
15 Jan 2012 19:21:51,453 DEBUG fUML.Debug [removeToken] node = GE.y
15 Jan 2012 19:21:51,453 DEBUG fUML.Debug [execute] Opaque behavior >=...
15 Jan 2012 19:21:51,453 DEBUG fUML.Debug [doBody] argument = 2
15 Jan 2012 19:21:51,453 DEBUG fUML.Debug [doBody] argument = -1
15 Jan 2012 19:21:51,453 DEBUG fUML.Debug [doBody] Unlimited Natural Greater Than or Equal result = false
15 Jan 2012 19:21:51,453 DEBUG fUML.Debug [doBody] result = false
15 Jan 2012 19:21:51,453 DEBUG fUML.Debug [putToken] node = Call(GE)*
15 Jan 2012 19:21:51,453 DEBUG fUML.Debug [addToken] node = GE.result
15 Jan 2012 19:21:51,453 DEBUG fUML.Debug [destroy] object = org.modeldriven.fuml.library.unlimitednaturalfunctions.UnlimitedNaturalGreaterThanEqualFunctionBehaviorExecution@6a21b2
15 Jan 2012 19:21:51,453 DEBUG fUML.Debug [receiveOffer] node = Param(GEResult*)
15 Jan 2012 19:21:51,453 DEBUG fUML.Debug [_beginIsolation] Begin isolation.
15 Jan 2012 19:21:51,453 DEBUG fUML.Debug [receiveOffer] Firing.
15 Jan 2012 19:21:51,453 DEBUG fUML.Debug [_endIsolation] End isolation.
15 Jan 2012 19:21:51,453 DEBUG fUML.Debug [fire] Output activity parameter node Param(GEResult*)...
15 Jan 2012 19:21:51,453 DEBUG fUML.Debug [addToken] node = Param(GEResult*)
15 Jan 2012 19:21:51,453 DEBUG fUML.Debug [removeToken] node = GE.result
15 Jan 2012 19:21:51,453 DEBUG fUML.Debug [addToken] node = Call(GE)*
15 Jan 2012 19:21:51,453 DEBUG fUML.Debug [_beginIsolation] Begin isolation.
15 Jan 2012 19:21:51,453 DEBUG fUML.Debug [receiveOffer] Firing.
15 Jan 2012 19:21:51,453 DEBUG fUML.Debug [_endIsolation] End isolation.
15 Jan 2012 19:21:51,453 DEBUG fUML.Debug [fire] Anonymous fork node.
15 Jan 2012 19:21:51,453 DEBUG fUML.Debug [addToken] ...
15 Jan 2012 19:21:51,453 DEBUG fUML.Debug [receiveOffer] node = Call(Max)
15 Jan 2012 19:21:51,453 DEBUG fUML.Debug [_beginIsolation] Begin isolation.
15 Jan 2012 19:21:51,453 DEBUG fUML.Debug [_endIsolation] End isolation.
15 Jan 2012 19:21:51,453 DEBUG fUML.Debug [fire] Checking if Call(GE)* should fire again...
15 Jan 2012 19:21:51,453 DEBUG fUML.Debug [_beginIsolation] Begin isolation.
15 Jan 2012 19:21:51,453 DEBUG fUML.Debug [_endIsolation] End isolation.
15 Jan 2012 19:21:51,453 DEBUG fUML.Debug [fire] Checking if Call(GT)* should fire again...
15 Jan 2012 19:21:51,453 DEBUG fUML.Debug [_beginIsolation] Begin isolation.
15 Jan 2012 19:21:51,453 DEBUG fUML.Debug [_endIsolation] End isolation.
15 Jan 2012 19:21:51,453 DEBUG fUML.Debug [receiveOffer] node = Call(Max)
15 Jan 2012 19:21:51,453 DEBUG fUML.Debug [_beginIsolation] Begin isolation.
15 Jan 2012 19:21:51,453 DEBUG fUML.Debug [receiveOffer] Firing.
15 Jan 2012 19:21:51,453 DEBUG fUML.Debug [removeToken] node = Call(GE)*
15 Jan 2012 19:21:51,453 DEBUG fUML.Debug [removeToken] ...
15 Jan 2012 19:21:51,453 DEBUG fUML.Debug [fire] Pin Max.x...
15 Jan 2012 19:21:51,453 DEBUG fUML.Debug [addToken] node = Max.x
15 Jan 2012 19:21:51,453 DEBUG fUML.Debug [fire] Pin Min.y...
15 Jan 2012 19:21:51,453 DEBUG fUML.Debug [addToken] node = Min.y
15 Jan 2012 19:21:51,453 DEBUG fUML.Debug [_endIsolation] End isolation.
15 Jan 2012 19:21:51,453 DEBUG fUML.Debug [fire] Action Call(Max)...
15 Jan 2012 19:21:51,453 INFO  fUML.Debug Fire activity=TestUnlimitedNaturalFunctions action=Call(Max)
15 Jan 2012 19:21:51,453 DEBUG fUML.Debug [takeTokens] node = Call(Max), pin = Max.x
15 Jan 2012 19:21:51,453 DEBUG fUML.Debug [removeToken] node = Max.x
15 Jan 2012 19:21:51,453 DEBUG fUML.Debug [takeTokens] node = Call(Max), pin = Min.y
15 Jan 2012 19:21:51,453 DEBUG fUML.Debug [removeToken] node = Min.y
15 Jan 2012 19:21:51,453 DEBUG fUML.Debug [execute] Opaque behavior Max...
15 Jan 2012 19:21:51,453 DEBUG fUML.Debug [doBody] argument = 2
15 Jan 2012 19:21:51,453 DEBUG fUML.Debug [doBody] argument = -1
15 Jan 2012 19:21:51,453 DEBUG fUML.Debug [doBody] Unlimited Natural Max result = -1
15 Jan 2012 19:21:51,453 DEBUG fUML.Debug [putToken] node = Call(Max)
15 Jan 2012 19:21:51,453 DEBUG fUML.Debug [addToken] node = Max.result
15 Jan 2012 19:21:51,453 DEBUG fUML.Debug [destroy] object = org.modeldriven.fuml.library.unlimitednaturalfunctions.UnlimitedNaturalMaxFunctionBehaviorExecution@1fa17f0
15 Jan 2012 19:21:51,453 DEBUG fUML.Debug [receiveOffer] node = Param(MaxResult)
15 Jan 2012 19:21:51,453 DEBUG fUML.Debug [_beginIsolation] Begin isolation.
15 Jan 2012 19:21:51,453 DEBUG fUML.Debug [receiveOffer] Firing.
15 Jan 2012 19:21:51,453 DEBUG fUML.Debug [_endIsolation] End isolation.
15 Jan 2012 19:21:51,453 DEBUG fUML.Debug [fire] Output activity parameter node Param(MaxResult)...
15 Jan 2012 19:21:51,453 DEBUG fUML.Debug [addToken] node = Param(MaxResult)
15 Jan 2012 19:21:51,453 DEBUG fUML.Debug [removeToken] node = Max.result
15 Jan 2012 19:21:51,453 DEBUG fUML.Debug [addToken] node = Call(Max)
15 Jan 2012 19:21:51,453 DEBUG fUML.Debug [_beginIsolation] Begin isolation.
15 Jan 2012 19:21:51,453 DEBUG fUML.Debug [receiveOffer] Firing.
15 Jan 2012 19:21:51,453 DEBUG fUML.Debug [_endIsolation] End isolation.
15 Jan 2012 19:21:51,453 DEBUG fUML.Debug [fire] Anonymous fork node.
15 Jan 2012 19:21:51,453 DEBUG fUML.Debug [addToken] ...
15 Jan 2012 19:21:51,453 DEBUG fUML.Debug [receiveOffer] node = Call(Min)
15 Jan 2012 19:21:51,453 DEBUG fUML.Debug [_beginIsolation] Begin isolation.
15 Jan 2012 19:21:51,453 DEBUG fUML.Debug [_endIsolation] End isolation.
15 Jan 2012 19:21:51,453 DEBUG fUML.Debug [fire] Checking if Call(Max) should fire again...
15 Jan 2012 19:21:51,453 DEBUG fUML.Debug [_beginIsolation] Begin isolation.
15 Jan 2012 19:21:51,453 DEBUG fUML.Debug [_endIsolation] End isolation.
15 Jan 2012 19:21:51,468 DEBUG fUML.Debug [receiveOffer] node = Call(Min)
15 Jan 2012 19:21:51,468 DEBUG fUML.Debug [_beginIsolation] Begin isolation.
15 Jan 2012 19:21:51,468 DEBUG fUML.Debug [receiveOffer] Firing.
15 Jan 2012 19:21:51,468 DEBUG fUML.Debug [removeToken] node = Call(Max)
15 Jan 2012 19:21:51,468 DEBUG fUML.Debug [removeToken] ...
15 Jan 2012 19:21:51,468 DEBUG fUML.Debug [fire] Pin Min.x...
15 Jan 2012 19:21:51,468 DEBUG fUML.Debug [addToken] node = Min.x
15 Jan 2012 19:21:51,468 DEBUG fUML.Debug [removeToken] node = Fork(2)
15 Jan 2012 19:21:51,468 DEBUG fUML.Debug [fire] Pin Min.y...
15 Jan 2012 19:21:51,468 DEBUG fUML.Debug [addToken] node = Min.y
15 Jan 2012 19:21:51,468 DEBUG fUML.Debug [removeToken] node = Fork(*)
15 Jan 2012 19:21:51,468 DEBUG fUML.Debug [_endIsolation] End isolation.
15 Jan 2012 19:21:51,468 DEBUG fUML.Debug [fire] Action Call(Min)...
15 Jan 2012 19:21:51,468 INFO  fUML.Debug Fire activity=TestUnlimitedNaturalFunctions action=Call(Min)
15 Jan 2012 19:21:51,468 DEBUG fUML.Debug [takeTokens] node = Call(Min), pin = Min.x
15 Jan 2012 19:21:51,468 DEBUG fUML.Debug [removeToken] node = Min.x
15 Jan 2012 19:21:51,468 DEBUG fUML.Debug [takeTokens] node = Call(Min), pin = Min.y
15 Jan 2012 19:21:51,468 DEBUG fUML.Debug [removeToken] node = Min.y
15 Jan 2012 19:21:51,468 DEBUG fUML.Debug [execute] Opaque behavior Min...
15 Jan 2012 19:21:51,468 DEBUG fUML.Debug [doBody] argument = 2
15 Jan 2012 19:21:51,468 DEBUG fUML.Debug [doBody] argument = -1
15 Jan 2012 19:21:51,468 DEBUG fUML.Debug [doBody] Unlimited Natural Max result = 2
15 Jan 2012 19:21:51,468 DEBUG fUML.Debug [putToken] node = Call(Min)
15 Jan 2012 19:21:51,468 DEBUG fUML.Debug [addToken] node = Min.result
15 Jan 2012 19:21:51,468 DEBUG fUML.Debug [destroy] object = org.modeldriven.fuml.library.unlimitednaturalfunctions.UnlimitedNaturalMinFunctionBehaviorExecution@3991a7
15 Jan 2012 19:21:51,468 DEBUG fUML.Debug [receiveOffer] node = Param(MinResult)
15 Jan 2012 19:21:51,468 DEBUG fUML.Debug [_beginIsolation] Begin isolation.
15 Jan 2012 19:21:51,468 DEBUG fUML.Debug [receiveOffer] Firing.
15 Jan 2012 19:21:51,468 DEBUG fUML.Debug [_endIsolation] End isolation.
15 Jan 2012 19:21:51,468 DEBUG fUML.Debug [fire] Output activity parameter node Param(MinResult)...
15 Jan 2012 19:21:51,468 DEBUG fUML.Debug [addToken] node = Param(MinResult)
15 Jan 2012 19:21:51,468 DEBUG fUML.Debug [removeToken] node = Min.result
15 Jan 2012 19:21:51,468 DEBUG fUML.Debug [fire] Checking if Call(Min) should fire again...
15 Jan 2012 19:21:51,468 DEBUG fUML.Debug [_beginIsolation] Begin isolation.
15 Jan 2012 19:21:51,468 DEBUG fUML.Debug [_endIsolation] End isolation.
15 Jan 2012 19:21:51,468 DEBUG fUML.Debug [fire] Checking if Value(*) should fire again...
15 Jan 2012 19:21:51,468 DEBUG fUML.Debug [_beginIsolation] Begin isolation.
15 Jan 2012 19:21:51,468 DEBUG fUML.Debug [_endIsolation] End isolation.
15 Jan 2012 19:21:51,468 INFO  fUML.Debug Output activity=TestUnlimitedNaturalFunctions parameter=LTResult value=false
15 Jan 2012 19:21:51,468 INFO  fUML.Debug Output activity=TestUnlimitedNaturalFunctions parameter=LEResult value=false
15 Jan 2012 19:21:51,468 INFO  fUML.Debug Output activity=TestUnlimitedNaturalFunctions parameter=GTResult value=true
15 Jan 2012 19:21:51,468 INFO  fUML.Debug Output activity=TestUnlimitedNaturalFunctions parameter=GEResult value=true
15 Jan 2012 19:21:51,468 INFO  fUML.Debug Output activity=TestUnlimitedNaturalFunctions parameter=LEResult* value=true
15 Jan 2012 19:21:51,468 INFO  fUML.Debug Output activity=TestUnlimitedNaturalFunctions parameter=GTResult* value=false
15 Jan 2012 19:21:51,468 INFO  fUML.Debug Output activity=TestUnlimitedNaturalFunctions parameter=LTResult* value=true
15 Jan 2012 19:21:51,468 INFO  fUML.Debug Output activity=TestUnlimitedNaturalFunctions parameter=GEResult* value=false
15 Jan 2012 19:21:51,468 INFO  fUML.Debug Output activity=TestUnlimitedNaturalFunctions parameter=MaxResult value=*
15 Jan 2012 19:21:51,468 INFO  fUML.Debug Output activity=TestUnlimitedNaturalFunctions parameter=MinResult value=2
15 Jan 2012 19:21:51,468 DEBUG fUML.Debug [execute] Activity TestUnlimitedNaturalFunctions completed.
15 Jan 2012 19:21:51,468 DEBUG fUML.Debug [destroy] object = org.modeldriven.fuml.environment.ActivityExecution@18985ba
[execute] output parameter 'LTResult' has 1 value(s)
[execute] value [0] = false
[execute] output parameter 'LEResult' has 1 value(s)
[execute] value [0] = false
[execute] output parameter 'GTResult' has 1 value(s)
[execute] value [0] = true
[execute] output parameter 'GEResult' has 1 value(s)
[execute] value [0] = true
[execute] output parameter 'LEResult*' has 1 value(s)
[execute] value [0] = true
[execute] output parameter 'GTResult*' has 1 value(s)
[execute] value [0] = false
[execute] output parameter 'LTResult*' has 1 value(s)
[execute] value [0] = true
[execute] output parameter 'GEResult*' has 1 value(s)
[execute] value [0] = false
[execute] output parameter 'MaxResult' has 1 value(s)
[execute] value [0] = *
[execute] output parameter 'MinResult' has 1 value(s)
[execute] value [0] = 2
15 Jan 2012 19:21:51,468 INFO  library.ExternalReferenceTestCase done
15 Jan 2012 19:21:51,468 INFO  library.ExternalReferenceTestCase executing behavior: TestIntegerFunctions
[execute] creating 9 parameter(s):
[execute] executing the behavior...
15 Jan 2012 19:21:51,468 DEBUG fUML.Debug [execute] Activity TestIntegerFunctions...
15 Jan 2012 19:21:51,468 INFO  fUML.Debug Execute activity=TestIntegerFunctions
15 Jan 2012 19:21:51,468 DEBUG fUML.Debug [createNodeActivations] Creating a node activation for Value(3)...
15 Jan 2012 19:21:51,468 DEBUG fUML.Debug [createNodeActivations] Creating a node activation for Value(3).result...
15 Jan 2012 19:21:51,468 DEBUG fUML.Debug [createNodeActivations] Creating a node activation for Value(2)...
15 Jan 2012 19:21:51,468 DEBUG fUML.Debug [createNodeActivations] Creating a node activation for Value(2).result...
15 Jan 2012 19:21:51,468 DEBUG fUML.Debug [createNodeActivations] Creating a node activation for Fork(3)...
15 Jan 2012 19:21:51,468 DEBUG fUML.Debug [createNodeActivations] Creating a node activation for Fork(2)...
15 Jan 2012 19:21:51,468 DEBUG fUML.Debug [createNodeActivations] Creating a node activation for Call(Neg)...
15 Jan 2012 19:21:51,468 DEBUG fUML.Debug [createNodeActivations] Creating a node activation for Neg.x...
15 Jan 2012 19:21:51,468 DEBUG fUML.Debug [createNodeActivations] Creating a node activation for Neg.result...
15 Jan 2012 19:21:51,468 DEBUG fUML.Debug [createNodeActivations] Creating a node activation for Call(Plus)...
15 Jan 2012 19:21:51,468 DEBUG fUML.Debug [createNodeActivations] Creating a node activation for Plus.x...
15 Jan 2012 19:21:51,468 DEBUG fUML.Debug [createNodeActivations] Creating a node activation for Plus.y...
15 Jan 2012 19:21:51,468 DEBUG fUML.Debug [createNodeActivations] Creating a node activation for Plus.result...
15 Jan 2012 19:21:51,468 DEBUG fUML.Debug [createNodeActivations] Creating a node activation for Call(Minus)...
15 Jan 2012 19:21:51,468 DEBUG fUML.Debug [createNodeActivations] Creating a node activation for Minus.x...
15 Jan 2012 19:21:51,468 DEBUG fUML.Debug [createNodeActivations] Creating a node activation for Minus.y...
15 Jan 2012 19:21:51,468 DEBUG fUML.Debug [createNodeActivations] Creating a node activation for Minus.result...
15 Jan 2012 19:21:51,468 DEBUG fUML.Debug [createNodeActivations] Creating a node activation for Call(Times)...
15 Jan 2012 19:21:51,468 DEBUG fUML.Debug [createNodeActivations] Creating a node activation for Times.x...
15 Jan 2012 19:21:51,468 DEBUG fUML.Debug [createNodeActivations] Creating a node activation for Times.y...
15 Jan 2012 19:21:51,468 DEBUG fUML.Debug [createNodeActivations] Creating a node activation for Times.result...
15 Jan 2012 19:21:51,468 DEBUG fUML.Debug [createNodeActivations] Creating a node activation for Call(Div)...
15 Jan 2012 19:21:51,468 DEBUG fUML.Debug [createNodeActivations] Creating a node activation for Div.x...
15 Jan 2012 19:21:51,468 DEBUG fUML.Debug [createNodeActivations] Creating a node activation for Div.y...
15 Jan 2012 19:21:51,468 DEBUG fUML.Debug [createNodeActivations] Creating a node activation for Div.result...
15 Jan 2012 19:21:51,468 DEBUG fUML.Debug [createNodeActivations] Creating a node activation for Param(NegResult)...
15 Jan 2012 19:21:51,468 DEBUG fUML.Debug [createNodeActivations] Creating a node activation for Param(PlusResult)...
15 Jan 2012 19:21:51,468 DEBUG fUML.Debug [createNodeActivations] Creating a node activation for Param(MinusResult)...
15 Jan 2012 19:21:51,468 DEBUG fUML.Debug [createNodeActivations] Creating a node activation for Param(TimeResult)...
15 Jan 2012 19:21:51,468 DEBUG fUML.Debug [createNodeActivations] Creating a node activation for Param(DivResult)...
15 Jan 2012 19:21:51,468 DEBUG fUML.Debug [createNodeActivations] Creating a node activation for Call(Max)...
15 Jan 2012 19:21:51,468 DEBUG fUML.Debug [createNodeActivations] Creating a node activation for Max.x...
15 Jan 2012 19:21:51,468 DEBUG fUML.Debug [createNodeActivations] Creating a node activation for Max.y...
15 Jan 2012 19:21:51,468 DEBUG fUML.Debug [createNodeActivations] Creating a node activation for Max.result...
15 Jan 2012 19:21:51,468 DEBUG fUML.Debug [createNodeActivations] Creating a node activation for Param(MaxResult)...
15 Jan 2012 19:21:51,468 DEBUG fUML.Debug [createNodeActivations] Creating a node activation for Call(Mod)...
15 Jan 2012 19:21:51,468 DEBUG fUML.Debug [createNodeActivations] Creating a node activation for Mod.x...
15 Jan 2012 19:21:51,468 DEBUG fUML.Debug [createNodeActivations] Creating a node activation for Mod.y...
15 Jan 2012 19:21:51,468 DEBUG fUML.Debug [createNodeActivations] Creating a node activation for Mod.result...
15 Jan 2012 19:21:51,468 DEBUG fUML.Debug [createNodeActivations] Creating a node activation for Param(ModResult)...
15 Jan 2012 19:21:51,468 DEBUG fUML.Debug [createNodeActivations] Creating a node activation for Call(Min)...
15 Jan 2012 19:21:51,468 DEBUG fUML.Debug [createNodeActivations] Creating a node activation for Min.x...
15 Jan 2012 19:21:51,468 DEBUG fUML.Debug [createNodeActivations] Creating a node activation for Min.y...
15 Jan 2012 19:21:51,468 DEBUG fUML.Debug [createNodeActivations] Creating a node activation for Min.result...
15 Jan 2012 19:21:51,468 DEBUG fUML.Debug [createNodeActivations] Creating a node activation for Param(MinResult)...
15 Jan 2012 19:21:51,468 DEBUG fUML.Debug [createNodeActivations] Creating a node activation for Call(Abs)...
15 Jan 2012 19:21:51,468 DEBUG fUML.Debug [createNodeActivations] Creating a node activation for Abs.x...
15 Jan 2012 19:21:51,468 DEBUG fUML.Debug [createNodeActivations] Creating a node activation for Abs.result...
15 Jan 2012 19:21:51,468 DEBUG fUML.Debug [createNodeActivations] Creating a node activation for Value(-2)...
15 Jan 2012 19:21:51,468 DEBUG fUML.Debug [createNodeActivations] Creating a node activation for Value(-2).result...
15 Jan 2012 19:21:51,484 DEBUG fUML.Debug [createNodeActivations] Creating a node activation for Call(AbsResult)...
15 Jan 2012 19:21:51,484 DEBUG fUML.Debug [createEdgeInstances] Creating an edge instance from Value(3).result to Fork(3).
15 Jan 2012 19:21:51,484 DEBUG fUML.Debug [createEdgeInstances] Creating an edge instance from Value(2).result to Fork(2).
15 Jan 2012 19:21:51,484 DEBUG fUML.Debug [createEdgeInstances] Creating an edge instance from Fork(3) to Neg.x.
15 Jan 2012 19:21:51,484 DEBUG fUML.Debug [createEdgeInstances] Creating an edge instance from Fork(3) to Plus.x.
15 Jan 2012 19:21:51,484 DEBUG fUML.Debug [createEdgeInstances] Creating an edge instance from Fork(2) to Minus.y.
15 Jan 2012 19:21:51,484 DEBUG fUML.Debug [createEdgeInstances] Creating an edge instance from Fork(2) to Times.y.
15 Jan 2012 19:21:51,484 DEBUG fUML.Debug [createEdgeInstances] Creating an edge instance from Fork(3) to Minus.x.
15 Jan 2012 19:21:51,484 DEBUG fUML.Debug [createEdgeInstances] Creating an edge instance from Fork(3) to Times.x.
15 Jan 2012 19:21:51,484 DEBUG fUML.Debug [createEdgeInstances] Creating an edge instance from Fork(2) to Plus.y.
15 Jan 2012 19:21:51,484 DEBUG fUML.Debug [createEdgeInstances] Creating an edge instance from Fork(3) to Div.x.
15 Jan 2012 19:21:51,484 DEBUG fUML.Debug [createEdgeInstances] Creating an edge instance from Fork(2) to Div.y.
15 Jan 2012 19:21:51,484 DEBUG fUML.Debug [createEdgeInstances] Creating an edge instance from Neg.result to Param(NegResult).
15 Jan 2012 19:21:51,484 DEBUG fUML.Debug [createEdgeInstances] Creating an edge instance from Plus.result to Param(PlusResult).
15 Jan 2012 19:21:51,484 DEBUG fUML.Debug [createEdgeInstances] Creating an edge instance from Minus.result to Param(MinusResult).
15 Jan 2012 19:21:51,484 DEBUG fUML.Debug [createEdgeInstances] Creating an edge instance from Times.result to Param(TimeResult).
15 Jan 2012 19:21:51,484 DEBUG fUML.Debug [createEdgeInstances] Creating an edge instance from Div.result to Param(DivResult).
15 Jan 2012 19:21:51,484 DEBUG fUML.Debug [createEdgeInstances] Creating an edge instance from Fork(3) to Max.x.
15 Jan 2012 19:21:51,484 DEBUG fUML.Debug [createEdgeInstances] Creating an edge instance from Fork(2) to Max.y.
15 Jan 2012 19:21:51,484 DEBUG fUML.Debug [createEdgeInstances] Creating an edge instance from Max.result to Param(MaxResult).
15 Jan 2012 19:21:51,484 DEBUG fUML.Debug [createEdgeInstances] Creating an edge instance from Fork(3) to Mod.x.
15 Jan 2012 19:21:51,484 DEBUG fUML.Debug [createEdgeInstances] Creating an edge instance from Fork(2) to Mod.y.
15 Jan 2012 19:21:51,484 DEBUG fUML.Debug [createEdgeInstances] Creating an edge instance from Mod.result to Param(ModResult).
15 Jan 2012 19:21:51,484 DEBUG fUML.Debug [createEdgeInstances] Creating an edge instance from Fork(3) to Min.x.
15 Jan 2012 19:21:51,484 DEBUG fUML.Debug [createEdgeInstances] Creating an edge instance from Fork(2) to Min.y.
15 Jan 2012 19:21:51,484 DEBUG fUML.Debug [createEdgeInstances] Creating an edge instance from Min.result to Param(MinResult).
15 Jan 2012 19:21:51,484 DEBUG fUML.Debug [createEdgeInstances] Creating an edge instance from Value(-2).result to Abs.x.
15 Jan 2012 19:21:51,484 DEBUG fUML.Debug [createEdgeInstances] Creating an edge instance from Abs.result to Call(AbsResult).
15 Jan 2012 19:21:51,484 DEBUG fUML.Debug [createEdgeInstances] Creating an edge instance from Call(Neg) to Call(Plus).
15 Jan 2012 19:21:51,484 DEBUG fUML.Debug [createEdgeInstances] Creating an edge instance from Call(Plus) to Call(Minus).
15 Jan 2012 19:21:51,484 DEBUG fUML.Debug [createEdgeInstances] Creating an edge instance from Call(Minus) to Call(Times).
15 Jan 2012 19:21:51,484 DEBUG fUML.Debug [createEdgeInstances] Creating an edge instance from Call(Times) to Call(Div).
15 Jan 2012 19:21:51,484 DEBUG fUML.Debug [createEdgeInstances] Creating an edge instance from Call(Mod) to Call(Max).
15 Jan 2012 19:21:51,484 DEBUG fUML.Debug [createEdgeInstances] Creating an edge instance from Call(Div) to Call(Mod).
15 Jan 2012 19:21:51,484 DEBUG fUML.Debug [createEdgeInstances] Creating an edge instance from Call(Max) to Call(Min).
15 Jan 2012 19:21:51,484 DEBUG fUML.Debug [createEdgeInstances] Creating an edge instance from Call(Min) to Call(Abs).
15 Jan 2012 19:21:51,484 DEBUG fUML.Debug [run] node = Value(3)
15 Jan 2012 19:21:51,484 DEBUG fUML.Debug [run] node = Value(3).result
15 Jan 2012 19:21:51,484 DEBUG fUML.Debug [run] node = Value(2)
15 Jan 2012 19:21:51,484 DEBUG fUML.Debug [run] node = Value(2).result
15 Jan 2012 19:21:51,484 DEBUG fUML.Debug [run] node = Fork(3)
15 Jan 2012 19:21:51,484 DEBUG fUML.Debug [run] node = Fork(2)
15 Jan 2012 19:21:51,484 DEBUG fUML.Debug [run] node = Call(Neg)
15 Jan 2012 19:21:51,484 DEBUG fUML.Debug [run] Anonymous activation of type fUML.Semantics.Activities.IntermediateActivities.ForkNodeActivation
15 Jan 2012 19:21:51,484 DEBUG fUML.Debug [run] node = Neg.x
15 Jan 2012 19:21:51,484 DEBUG fUML.Debug [run] node = Neg.result
15 Jan 2012 19:21:51,484 DEBUG fUML.Debug [run] node = Call(Plus)
15 Jan 2012 19:21:51,484 DEBUG fUML.Debug [run] Anonymous activation of type fUML.Semantics.Activities.IntermediateActivities.ForkNodeActivation
15 Jan 2012 19:21:51,484 DEBUG fUML.Debug [run] node = Plus.x
15 Jan 2012 19:21:51,484 DEBUG fUML.Debug [run] node = Plus.y
15 Jan 2012 19:21:51,484 DEBUG fUML.Debug [run] node = Plus.result
15 Jan 2012 19:21:51,484 DEBUG fUML.Debug [run] node = Call(Minus)
15 Jan 2012 19:21:51,484 DEBUG fUML.Debug [run] Anonymous activation of type fUML.Semantics.Activities.IntermediateActivities.ForkNodeActivation
15 Jan 2012 19:21:51,484 DEBUG fUML.Debug [run] node = Minus.x
15 Jan 2012 19:21:51,484 DEBUG fUML.Debug [run] node = Minus.y
15 Jan 2012 19:21:51,484 DEBUG fUML.Debug [run] node = Minus.result
15 Jan 2012 19:21:51,484 DEBUG fUML.Debug [run] node = Call(Times)
15 Jan 2012 19:21:51,484 DEBUG fUML.Debug [run] Anonymous activation of type fUML.Semantics.Activities.IntermediateActivities.ForkNodeActivation
15 Jan 2012 19:21:51,484 DEBUG fUML.Debug [run] node = Times.x
15 Jan 2012 19:21:51,484 DEBUG fUML.Debug [run] node = Times.y
15 Jan 2012 19:21:51,484 DEBUG fUML.Debug [run] node = Times.result
15 Jan 2012 19:21:51,484 DEBUG fUML.Debug [run] node = Call(Div)
15 Jan 2012 19:21:51,484 DEBUG fUML.Debug [run] Anonymous activation of type fUML.Semantics.Activities.IntermediateActivities.ForkNodeActivation
15 Jan 2012 19:21:51,484 DEBUG fUML.Debug [run] node = Div.x
15 Jan 2012 19:21:51,484 DEBUG fUML.Debug [run] node = Div.y
15 Jan 2012 19:21:51,484 DEBUG fUML.Debug [run] node = Div.result
15 Jan 2012 19:21:51,484 DEBUG fUML.Debug [run] node = Param(NegResult)
15 Jan 2012 19:21:51,484 DEBUG fUML.Debug [run] node = Param(PlusResult)
15 Jan 2012 19:21:51,484 DEBUG fUML.Debug [run] node = Param(MinusResult)
15 Jan 2012 19:21:51,484 DEBUG fUML.Debug [run] node = Param(TimeResult)
15 Jan 2012 19:21:51,484 DEBUG fUML.Debug [run] node = Param(DivResult)
15 Jan 2012 19:21:51,484 DEBUG fUML.Debug [run] node = Call(Max)
15 Jan 2012 19:21:51,484 DEBUG fUML.Debug [run] Anonymous activation of type fUML.Semantics.Activities.IntermediateActivities.ForkNodeActivation
15 Jan 2012 19:21:51,484 DEBUG fUML.Debug [run] node = Max.x
15 Jan 2012 19:21:51,484 DEBUG fUML.Debug [run] node = Max.y
15 Jan 2012 19:21:51,484 DEBUG fUML.Debug [run] node = Max.result
15 Jan 2012 19:21:51,484 DEBUG fUML.Debug [run] node = Param(MaxResult)
15 Jan 2012 19:21:51,484 DEBUG fUML.Debug [run] node = Call(Mod)
15 Jan 2012 19:21:51,484 DEBUG fUML.Debug [run] Anonymous activation of type fUML.Semantics.Activities.IntermediateActivities.ForkNodeActivation
15 Jan 2012 19:21:51,484 DEBUG fUML.Debug [run] node = Mod.x
15 Jan 2012 19:21:51,484 DEBUG fUML.Debug [run] node = Mod.y
15 Jan 2012 19:21:51,484 DEBUG fUML.Debug [run] node = Mod.result
15 Jan 2012 19:21:51,484 DEBUG fUML.Debug [run] node = Param(ModResult)
15 Jan 2012 19:21:51,484 DEBUG fUML.Debug [run] node = Call(Min)
15 Jan 2012 19:21:51,484 DEBUG fUML.Debug [run] Anonymous activation of type fUML.Semantics.Activities.IntermediateActivities.ForkNodeActivation
15 Jan 2012 19:21:51,484 DEBUG fUML.Debug [run] node = Min.x
15 Jan 2012 19:21:51,484 DEBUG fUML.Debug [run] node = Min.y
15 Jan 2012 19:21:51,484 DEBUG fUML.Debug [run] node = Min.result
15 Jan 2012 19:21:51,484 DEBUG fUML.Debug [run] node = Param(MinResult)
15 Jan 2012 19:21:51,484 DEBUG fUML.Debug [run] node = Call(Abs)
15 Jan 2012 19:21:51,484 DEBUG fUML.Debug [run] node = Abs.x
15 Jan 2012 19:21:51,484 DEBUG fUML.Debug [run] node = Abs.result
15 Jan 2012 19:21:51,484 DEBUG fUML.Debug [run] node = Value(-2)
15 Jan 2012 19:21:51,484 DEBUG fUML.Debug [run] node = Value(-2).result
15 Jan 2012 19:21:51,484 DEBUG fUML.Debug [run] node = Call(AbsResult)
15 Jan 2012 19:21:51,484 DEBUG fUML.Debug [run] Checking for enabled nodes...
15 Jan 2012 19:21:51,484 DEBUG fUML.Debug [run] Checking node Value(3)...
15 Jan 2012 19:21:51,484 DEBUG fUML.Debug [run] Node Value(3) is enabled.
15 Jan 2012 19:21:51,484 DEBUG fUML.Debug [run] Checking node Value(3).result...
15 Jan 2012 19:21:51,484 DEBUG fUML.Debug [run] Checking node Value(2)...
15 Jan 2012 19:21:51,484 DEBUG fUML.Debug [run] Node Value(2) is enabled.
15 Jan 2012 19:21:51,484 DEBUG fUML.Debug [run] Checking node Value(2).result...
15 Jan 2012 19:21:51,484 DEBUG fUML.Debug [run] Checking node Fork(3)...
15 Jan 2012 19:21:51,484 DEBUG fUML.Debug [run] Checking node Fork(2)...
15 Jan 2012 19:21:51,484 DEBUG fUML.Debug [run] Checking node Call(Neg)...
15 Jan 2012 19:21:51,484 DEBUG fUML.Debug [run] Checking node Neg.x...
15 Jan 2012 19:21:51,484 DEBUG fUML.Debug [run] Checking node Neg.result...
15 Jan 2012 19:21:51,484 DEBUG fUML.Debug [run] Checking node Call(Plus)...
15 Jan 2012 19:21:51,484 DEBUG fUML.Debug [run] Checking node Plus.x...
15 Jan 2012 19:21:51,484 DEBUG fUML.Debug [run] Checking node Plus.y...
15 Jan 2012 19:21:51,484 DEBUG fUML.Debug [run] Checking node Plus.result...
15 Jan 2012 19:21:51,484 DEBUG fUML.Debug [run] Checking node Call(Minus)...
15 Jan 2012 19:21:51,484 DEBUG fUML.Debug [run] Checking node Minus.x...
15 Jan 2012 19:21:51,484 DEBUG fUML.Debug [run] Checking node Minus.y...
15 Jan 2012 19:21:51,484 DEBUG fUML.Debug [run] Checking node Minus.result...
15 Jan 2012 19:21:51,484 DEBUG fUML.Debug [run] Checking node Call(Times)...
15 Jan 2012 19:21:51,484 DEBUG fUML.Debug [run] Checking node Times.x...
15 Jan 2012 19:21:51,484 DEBUG fUML.Debug [run] Checking node Times.y...
15 Jan 2012 19:21:51,484 DEBUG fUML.Debug [run] Checking node Times.result...
15 Jan 2012 19:21:51,484 DEBUG fUML.Debug [run] Checking node Call(Div)...
15 Jan 2012 19:21:51,484 DEBUG fUML.Debug [run] Checking node Div.x...
15 Jan 2012 19:21:51,484 DEBUG fUML.Debug [run] Checking node Div.y...
15 Jan 2012 19:21:51,484 DEBUG fUML.Debug [run] Checking node Div.result...
15 Jan 2012 19:21:51,484 DEBUG fUML.Debug [run] Checking node Param(NegResult)...
15 Jan 2012 19:21:51,484 DEBUG fUML.Debug [run] Checking node Param(PlusResult)...
15 Jan 2012 19:21:51,484 DEBUG fUML.Debug [run] Checking node Param(MinusResult)...
15 Jan 2012 19:21:51,484 DEBUG fUML.Debug [run] Checking node Param(TimeResult)...
15 Jan 2012 19:21:51,484 DEBUG fUML.Debug [run] Checking node Param(DivResult)...
15 Jan 2012 19:21:51,484 DEBUG fUML.Debug [run] Checking node Call(Max)...
15 Jan 2012 19:21:51,484 DEBUG fUML.Debug [run] Checking node Max.x...
15 Jan 2012 19:21:51,484 DEBUG fUML.Debug [run] Checking node Max.y...
15 Jan 2012 19:21:51,484 DEBUG fUML.Debug [run] Checking node Max.result...
15 Jan 2012 19:21:51,484 DEBUG fUML.Debug [run] Checking node Param(MaxResult)...
15 Jan 2012 19:21:51,484 DEBUG fUML.Debug [run] Checking node Call(Mod)...
15 Jan 2012 19:21:51,484 DEBUG fUML.Debug [run] Checking node Mod.x...
15 Jan 2012 19:21:51,484 DEBUG fUML.Debug [run] Checking node Mod.y...
15 Jan 2012 19:21:51,484 DEBUG fUML.Debug [run] Checking node Mod.result...
15 Jan 2012 19:21:51,484 DEBUG fUML.Debug [run] Checking node Param(ModResult)...
15 Jan 2012 19:21:51,484 DEBUG fUML.Debug [run] Checking node Call(Min)...
15 Jan 2012 19:21:51,484 DEBUG fUML.Debug [run] Checking node Min.x...
15 Jan 2012 19:21:51,484 DEBUG fUML.Debug [run] Checking node Min.y...
15 Jan 2012 19:21:51,484 DEBUG fUML.Debug [run] Checking node Min.result...
15 Jan 2012 19:21:51,484 DEBUG fUML.Debug [run] Checking node Param(MinResult)...
15 Jan 2012 19:21:51,484 DEBUG fUML.Debug [run] Checking node Call(Abs)...
15 Jan 2012 19:21:51,484 DEBUG fUML.Debug [run] Checking node Abs.x...
15 Jan 2012 19:21:51,484 DEBUG fUML.Debug [run] Checking node Abs.result...
15 Jan 2012 19:21:51,484 DEBUG fUML.Debug [run] Checking node Value(-2)...
15 Jan 2012 19:21:51,484 DEBUG fUML.Debug [run] Node Value(-2) is enabled.
15 Jan 2012 19:21:51,484 DEBUG fUML.Debug [run] Checking node Value(-2).result...
15 Jan 2012 19:21:51,484 DEBUG fUML.Debug [run] Checking node Call(AbsResult)...
15 Jan 2012 19:21:51,484 DEBUG fUML.Debug [run] Sending offer to node Value(3).
15 Jan 2012 19:21:51,484 DEBUG fUML.Debug [receiveOffer] node = Value(3)
15 Jan 2012 19:21:51,484 DEBUG fUML.Debug [_beginIsolation] Begin isolation.
15 Jan 2012 19:21:51,484 DEBUG fUML.Debug [receiveOffer] Firing.
15 Jan 2012 19:21:51,484 DEBUG fUML.Debug [_endIsolation] End isolation.
15 Jan 2012 19:21:51,484 DEBUG fUML.Debug [fire] Action Value(3)...
15 Jan 2012 19:21:51,484 INFO  fUML.Debug Fire activity=TestIntegerFunctions action=Value(3)
15 Jan 2012 19:21:51,484 DEBUG fUML.Debug [putToken] node = Value(3)
15 Jan 2012 19:21:51,500 DEBUG fUML.Debug [addToken] node = Value(3).result
15 Jan 2012 19:21:51,500 DEBUG fUML.Debug [receiveOffer] node = Fork(3)
15 Jan 2012 19:21:51,500 DEBUG fUML.Debug [_beginIsolation] Begin isolation.
15 Jan 2012 19:21:51,500 DEBUG fUML.Debug [receiveOffer] Firing.
15 Jan 2012 19:21:51,500 DEBUG fUML.Debug [_endIsolation] End isolation.
15 Jan 2012 19:21:51,500 DEBUG fUML.Debug [fire] Fork node Fork(3)...
15 Jan 2012 19:21:51,500 DEBUG fUML.Debug [addToken] node = Fork(3)
15 Jan 2012 19:21:51,500 DEBUG fUML.Debug [receiveOffer] node = Call(Neg)
15 Jan 2012 19:21:51,500 DEBUG fUML.Debug [_beginIsolation] Begin isolation.
15 Jan 2012 19:21:51,500 DEBUG fUML.Debug [receiveOffer] Firing.
15 Jan 2012 19:21:51,500 DEBUG fUML.Debug [fire] Pin Neg.x...
15 Jan 2012 19:21:51,500 DEBUG fUML.Debug [addToken] node = Neg.x
15 Jan 2012 19:21:51,500 DEBUG fUML.Debug [removeToken] node = Value(3).result
15 Jan 2012 19:21:51,500 DEBUG fUML.Debug [_endIsolation] End isolation.
15 Jan 2012 19:21:51,500 DEBUG fUML.Debug [fire] Action Call(Neg)...
15 Jan 2012 19:21:51,500 INFO  fUML.Debug Fire activity=TestIntegerFunctions action=Call(Neg)
15 Jan 2012 19:21:51,500 DEBUG fUML.Debug [takeTokens] node = Call(Neg), pin = Neg.x
15 Jan 2012 19:21:51,500 DEBUG fUML.Debug [removeToken] node = Neg.x
15 Jan 2012 19:21:51,500 DEBUG fUML.Debug [execute] Opaque behavior Neg...
15 Jan 2012 19:21:51,500 DEBUG fUML.Debug [doBody] argument = 3
15 Jan 2012 19:21:51,500 DEBUG fUML.Debug [doBody] Integer Negate result = -3
15 Jan 2012 19:21:51,500 DEBUG fUML.Debug [putToken] node = Call(Neg)
15 Jan 2012 19:21:51,500 DEBUG fUML.Debug [addToken] node = Neg.result
15 Jan 2012 19:21:51,500 DEBUG fUML.Debug [destroy] object = org.modeldriven.fuml.library.integerfunctions.IntegerNegateFunctionBehaviorExecution@1243618
15 Jan 2012 19:21:51,500 DEBUG fUML.Debug [receiveOffer] node = Param(NegResult)
15 Jan 2012 19:21:51,500 DEBUG fUML.Debug [_beginIsolation] Begin isolation.
15 Jan 2012 19:21:51,500 DEBUG fUML.Debug [receiveOffer] Firing.
15 Jan 2012 19:21:51,500 DEBUG fUML.Debug [_endIsolation] End isolation.
15 Jan 2012 19:21:51,500 DEBUG fUML.Debug [fire] Output activity parameter node Param(NegResult)...
15 Jan 2012 19:21:51,500 DEBUG fUML.Debug [addToken] node = Param(NegResult)
15 Jan 2012 19:21:51,500 DEBUG fUML.Debug [removeToken] node = Neg.result
15 Jan 2012 19:21:51,500 DEBUG fUML.Debug [addToken] node = Call(Neg)
15 Jan 2012 19:21:51,500 DEBUG fUML.Debug [_beginIsolation] Begin isolation.
15 Jan 2012 19:21:51,500 DEBUG fUML.Debug [receiveOffer] Firing.
15 Jan 2012 19:21:51,500 DEBUG fUML.Debug [_endIsolation] End isolation.
15 Jan 2012 19:21:51,500 DEBUG fUML.Debug [fire] Anonymous fork node.
15 Jan 2012 19:21:51,500 DEBUG fUML.Debug [addToken] ...
15 Jan 2012 19:21:51,500 DEBUG fUML.Debug [receiveOffer] node = Call(Plus)
15 Jan 2012 19:21:51,500 DEBUG fUML.Debug [_beginIsolation] Begin isolation.
15 Jan 2012 19:21:51,500 DEBUG fUML.Debug [_endIsolation] End isolation.
15 Jan 2012 19:21:51,500 DEBUG fUML.Debug [fire] Checking if Call(Neg) should fire again...
15 Jan 2012 19:21:51,500 DEBUG fUML.Debug [_beginIsolation] Begin isolation.
15 Jan 2012 19:21:51,500 DEBUG fUML.Debug [_endIsolation] End isolation.
15 Jan 2012 19:21:51,500 DEBUG fUML.Debug [receiveOffer] node = Call(Plus)
15 Jan 2012 19:21:51,500 DEBUG fUML.Debug [_beginIsolation] Begin isolation.
15 Jan 2012 19:21:51,500 DEBUG fUML.Debug [_endIsolation] End isolation.
15 Jan 2012 19:21:51,500 DEBUG fUML.Debug [receiveOffer] node = Call(Minus)
15 Jan 2012 19:21:51,500 DEBUG fUML.Debug [_beginIsolation] Begin isolation.
15 Jan 2012 19:21:51,500 DEBUG fUML.Debug [_endIsolation] End isolation.
15 Jan 2012 19:21:51,500 DEBUG fUML.Debug [receiveOffer] node = Call(Times)
15 Jan 2012 19:21:51,500 DEBUG fUML.Debug [_beginIsolation] Begin isolation.
15 Jan 2012 19:21:51,500 DEBUG fUML.Debug [_endIsolation] End isolation.
15 Jan 2012 19:21:51,500 DEBUG fUML.Debug [receiveOffer] node = Call(Div)
15 Jan 2012 19:21:51,500 DEBUG fUML.Debug [_beginIsolation] Begin isolation.
15 Jan 2012 19:21:51,500 DEBUG fUML.Debug [_endIsolation] End isolation.
15 Jan 2012 19:21:51,500 DEBUG fUML.Debug [receiveOffer] node = Call(Max)
15 Jan 2012 19:21:51,500 DEBUG fUML.Debug [_beginIsolation] Begin isolation.
15 Jan 2012 19:21:51,500 DEBUG fUML.Debug [_endIsolation] End isolation.
15 Jan 2012 19:21:51,500 DEBUG fUML.Debug [receiveOffer] node = Call(Mod)
15 Jan 2012 19:21:51,500 DEBUG fUML.Debug [_beginIsolation] Begin isolation.
15 Jan 2012 19:21:51,500 DEBUG fUML.Debug [_endIsolation] End isolation.
15 Jan 2012 19:21:51,500 DEBUG fUML.Debug [receiveOffer] node = Call(Min)
15 Jan 2012 19:21:51,500 DEBUG fUML.Debug [_beginIsolation] Begin isolation.
15 Jan 2012 19:21:51,500 DEBUG fUML.Debug [_endIsolation] End isolation.
15 Jan 2012 19:21:51,500 DEBUG fUML.Debug [fire] Checking if Value(3) should fire again...
15 Jan 2012 19:21:51,500 DEBUG fUML.Debug [_beginIsolation] Begin isolation.
15 Jan 2012 19:21:51,500 DEBUG fUML.Debug [_endIsolation] End isolation.
15 Jan 2012 19:21:51,500 DEBUG fUML.Debug [run] Sending offer to node Value(2).
15 Jan 2012 19:21:51,500 DEBUG fUML.Debug [receiveOffer] node = Value(2)
15 Jan 2012 19:21:51,500 DEBUG fUML.Debug [_beginIsolation] Begin isolation.
15 Jan 2012 19:21:51,500 DEBUG fUML.Debug [receiveOffer] Firing.
15 Jan 2012 19:21:51,500 DEBUG fUML.Debug [_endIsolation] End isolation.
15 Jan 2012 19:21:51,500 DEBUG fUML.Debug [fire] Action Value(2)...
15 Jan 2012 19:21:51,500 INFO  fUML.Debug Fire activity=TestIntegerFunctions action=Value(2)
15 Jan 2012 19:21:51,500 DEBUG fUML.Debug [putToken] node = Value(2)
15 Jan 2012 19:21:51,500 DEBUG fUML.Debug [addToken] node = Value(2).result
15 Jan 2012 19:21:51,500 DEBUG fUML.Debug [receiveOffer] node = Fork(2)
15 Jan 2012 19:21:51,500 DEBUG fUML.Debug [_beginIsolation] Begin isolation.
15 Jan 2012 19:21:51,500 DEBUG fUML.Debug [receiveOffer] Firing.
15 Jan 2012 19:21:51,500 DEBUG fUML.Debug [_endIsolation] End isolation.
15 Jan 2012 19:21:51,500 DEBUG fUML.Debug [fire] Fork node Fork(2)...
15 Jan 2012 19:21:51,500 DEBUG fUML.Debug [addToken] node = Fork(2)
15 Jan 2012 19:21:51,500 DEBUG fUML.Debug [receiveOffer] node = Call(Minus)
15 Jan 2012 19:21:51,500 DEBUG fUML.Debug [_beginIsolation] Begin isolation.
15 Jan 2012 19:21:51,500 DEBUG fUML.Debug [_endIsolation] End isolation.
15 Jan 2012 19:21:51,500 DEBUG fUML.Debug [receiveOffer] node = Call(Times)
15 Jan 2012 19:21:51,500 DEBUG fUML.Debug [_beginIsolation] Begin isolation.
15 Jan 2012 19:21:51,500 DEBUG fUML.Debug [_endIsolation] End isolation.
15 Jan 2012 19:21:51,500 DEBUG fUML.Debug [receiveOffer] node = Call(Plus)
15 Jan 2012 19:21:51,500 DEBUG fUML.Debug [_beginIsolation] Begin isolation.
15 Jan 2012 19:21:51,500 DEBUG fUML.Debug [receiveOffer] Firing.
15 Jan 2012 19:21:51,500 DEBUG fUML.Debug [removeToken] node = Call(Neg)
15 Jan 2012 19:21:51,500 DEBUG fUML.Debug [removeToken] ...
15 Jan 2012 19:21:51,500 DEBUG fUML.Debug [fire] Pin Plus.x...
15 Jan 2012 19:21:51,500 DEBUG fUML.Debug [addToken] node = Plus.x
15 Jan 2012 19:21:51,500 DEBUG fUML.Debug [fire] Pin Plus.y...
15 Jan 2012 19:21:51,500 DEBUG fUML.Debug [addToken] node = Plus.y
15 Jan 2012 19:21:51,500 DEBUG fUML.Debug [removeToken] node = Value(2).result
15 Jan 2012 19:21:51,500 DEBUG fUML.Debug [_endIsolation] End isolation.
15 Jan 2012 19:21:51,500 DEBUG fUML.Debug [fire] Action Call(Plus)...
15 Jan 2012 19:21:51,500 INFO  fUML.Debug Fire activity=TestIntegerFunctions action=Call(Plus)
15 Jan 2012 19:21:51,500 DEBUG fUML.Debug [takeTokens] node = Call(Plus), pin = Plus.x
15 Jan 2012 19:21:51,500 DEBUG fUML.Debug [removeToken] node = Plus.x
15 Jan 2012 19:21:51,500 DEBUG fUML.Debug [takeTokens] node = Call(Plus), pin = Plus.y
15 Jan 2012 19:21:51,500 DEBUG fUML.Debug [removeToken] node = Plus.y
15 Jan 2012 19:21:51,500 DEBUG fUML.Debug [execute] Opaque behavior +...
15 Jan 2012 19:21:51,500 DEBUG fUML.Debug [doBody] argument = 3
15 Jan 2012 19:21:51,500 DEBUG fUML.Debug [doBody] argument = 2
15 Jan 2012 19:21:51,500 DEBUG fUML.Debug [doBody] Integer Plus result = 5
15 Jan 2012 19:21:51,500 DEBUG fUML.Debug [putToken] node = Call(Plus)
15 Jan 2012 19:21:51,500 DEBUG fUML.Debug [addToken] node = Plus.result
15 Jan 2012 19:21:51,500 DEBUG fUML.Debug [destroy] object = org.modeldriven.fuml.library.integerfunctions.IntegerPlusFunctionBehaviorExecution@5b644b
15 Jan 2012 19:21:51,500 DEBUG fUML.Debug [receiveOffer] node = Param(PlusResult)
15 Jan 2012 19:21:51,500 DEBUG fUML.Debug [_beginIsolation] Begin isolation.
15 Jan 2012 19:21:51,500 DEBUG fUML.Debug [receiveOffer] Firing.
15 Jan 2012 19:21:51,500 DEBUG fUML.Debug [_endIsolation] End isolation.
15 Jan 2012 19:21:51,500 DEBUG fUML.Debug [fire] Output activity parameter node Param(PlusResult)...
15 Jan 2012 19:21:51,500 DEBUG fUML.Debug [addToken] node = Param(PlusResult)
15 Jan 2012 19:21:51,500 DEBUG fUML.Debug [removeToken] node = Plus.result
15 Jan 2012 19:21:51,500 DEBUG fUML.Debug [addToken] node = Call(Plus)
15 Jan 2012 19:21:51,500 DEBUG fUML.Debug [_beginIsolation] Begin isolation.
15 Jan 2012 19:21:51,500 DEBUG fUML.Debug [receiveOffer] Firing.
15 Jan 2012 19:21:51,500 DEBUG fUML.Debug [_endIsolation] End isolation.
15 Jan 2012 19:21:51,500 DEBUG fUML.Debug [fire] Anonymous fork node.
15 Jan 2012 19:21:51,500 DEBUG fUML.Debug [addToken] ...
15 Jan 2012 19:21:51,500 DEBUG fUML.Debug [receiveOffer] node = Call(Minus)
15 Jan 2012 19:21:51,500 DEBUG fUML.Debug [_beginIsolation] Begin isolation.
15 Jan 2012 19:21:51,500 DEBUG fUML.Debug [receiveOffer] Firing.
15 Jan 2012 19:21:51,500 DEBUG fUML.Debug [removeToken] node = Call(Plus)
15 Jan 2012 19:21:51,500 DEBUG fUML.Debug [removeToken] ...
15 Jan 2012 19:21:51,500 DEBUG fUML.Debug [fire] Pin Minus.x...
15 Jan 2012 19:21:51,500 DEBUG fUML.Debug [addToken] node = Minus.x
15 Jan 2012 19:21:51,500 DEBUG fUML.Debug [fire] Pin Minus.y...
15 Jan 2012 19:21:51,500 DEBUG fUML.Debug [addToken] node = Minus.y
15 Jan 2012 19:21:51,500 DEBUG fUML.Debug [_endIsolation] End isolation.
15 Jan 2012 19:21:51,500 DEBUG fUML.Debug [fire] Action Call(Minus)...
15 Jan 2012 19:21:51,500 INFO  fUML.Debug Fire activity=TestIntegerFunctions action=Call(Minus)
15 Jan 2012 19:21:51,500 DEBUG fUML.Debug [takeTokens] node = Call(Minus), pin = Minus.x
15 Jan 2012 19:21:51,500 DEBUG fUML.Debug [removeToken] node = Minus.x
15 Jan 2012 19:21:51,500 DEBUG fUML.Debug [takeTokens] node = Call(Minus), pin = Minus.y
15 Jan 2012 19:21:51,500 DEBUG fUML.Debug [removeToken] node = Minus.y
15 Jan 2012 19:21:51,500 DEBUG fUML.Debug [execute] Opaque behavior +...
15 Jan 2012 19:21:51,500 DEBUG fUML.Debug [doBody] argument = 3
15 Jan 2012 19:21:51,500 DEBUG fUML.Debug [doBody] argument = 2
15 Jan 2012 19:21:51,500 DEBUG fUML.Debug [doBody] Integer Plus result = 5
15 Jan 2012 19:21:51,500 DEBUG fUML.Debug [putToken] node = Call(Minus)
15 Jan 2012 19:21:51,500 DEBUG fUML.Debug [addToken] node = Minus.result
15 Jan 2012 19:21:51,500 DEBUG fUML.Debug [destroy] object = org.modeldriven.fuml.library.integerfunctions.IntegerPlusFunctionBehaviorExecution@157e43
15 Jan 2012 19:21:51,515 DEBUG fUML.Debug [receiveOffer] node = Param(MinusResult)
15 Jan 2012 19:21:51,515 DEBUG fUML.Debug [_beginIsolation] Begin isolation.
15 Jan 2012 19:21:51,515 DEBUG fUML.Debug [receiveOffer] Firing.
15 Jan 2012 19:21:51,515 DEBUG fUML.Debug [_endIsolation] End isolation.
15 Jan 2012 19:21:51,515 DEBUG fUML.Debug [fire] Output activity parameter node Param(MinusResult)...
15 Jan 2012 19:21:51,515 DEBUG fUML.Debug [addToken] node = Param(MinusResult)
15 Jan 2012 19:21:51,515 DEBUG fUML.Debug [removeToken] node = Minus.result
15 Jan 2012 19:21:51,515 DEBUG fUML.Debug [addToken] node = Call(Minus)
15 Jan 2012 19:21:51,515 DEBUG fUML.Debug [_beginIsolation] Begin isolation.
15 Jan 2012 19:21:51,515 DEBUG fUML.Debug [receiveOffer] Firing.
15 Jan 2012 19:21:51,515 DEBUG fUML.Debug [_endIsolation] End isolation.
15 Jan 2012 19:21:51,515 DEBUG fUML.Debug [fire] Anonymous fork node.
15 Jan 2012 19:21:51,515 DEBUG fUML.Debug [addToken] ...
15 Jan 2012 19:21:51,515 DEBUG fUML.Debug [receiveOffer] node = Call(Times)
15 Jan 2012 19:21:51,515 DEBUG fUML.Debug [_beginIsolation] Begin isolation.
15 Jan 2012 19:21:51,515 DEBUG fUML.Debug [receiveOffer] Firing.
15 Jan 2012 19:21:51,515 DEBUG fUML.Debug [removeToken] node = Call(Minus)
15 Jan 2012 19:21:51,515 DEBUG fUML.Debug [removeToken] ...
15 Jan 2012 19:21:51,515 DEBUG fUML.Debug [fire] Pin Times.x...
15 Jan 2012 19:21:51,515 DEBUG fUML.Debug [addToken] node = Times.x
15 Jan 2012 19:21:51,515 DEBUG fUML.Debug [fire] Pin Times.y...
15 Jan 2012 19:21:51,515 DEBUG fUML.Debug [addToken] node = Times.y
15 Jan 2012 19:21:51,515 DEBUG fUML.Debug [_endIsolation] End isolation.
15 Jan 2012 19:21:51,515 DEBUG fUML.Debug [fire] Action Call(Times)...
15 Jan 2012 19:21:51,515 INFO  fUML.Debug Fire activity=TestIntegerFunctions action=Call(Times)
15 Jan 2012 19:21:51,515 DEBUG fUML.Debug [takeTokens] node = Call(Times), pin = Times.x
15 Jan 2012 19:21:51,515 DEBUG fUML.Debug [removeToken] node = Times.x
15 Jan 2012 19:21:51,515 DEBUG fUML.Debug [takeTokens] node = Call(Times), pin = Times.y
15 Jan 2012 19:21:51,515 DEBUG fUML.Debug [removeToken] node = Times.y
15 Jan 2012 19:21:51,515 DEBUG fUML.Debug [execute] Opaque behavior *...
15 Jan 2012 19:21:51,515 DEBUG fUML.Debug [doBody] argument = 3
15 Jan 2012 19:21:51,515 DEBUG fUML.Debug [doBody] argument = 2
15 Jan 2012 19:21:51,515 DEBUG fUML.Debug [doBody] Integer Multiply result = 6
15 Jan 2012 19:21:51,515 DEBUG fUML.Debug [putToken] node = Call(Times)
15 Jan 2012 19:21:51,515 DEBUG fUML.Debug [addToken] node = Times.result
15 Jan 2012 19:21:51,515 DEBUG fUML.Debug [destroy] object = org.modeldriven.fuml.library.integerfunctions.IntegerTimesFunctionBehaviorExecution@1cdae24
15 Jan 2012 19:21:51,515 DEBUG fUML.Debug [receiveOffer] node = Param(TimeResult)
15 Jan 2012 19:21:51,515 DEBUG fUML.Debug [_beginIsolation] Begin isolation.
15 Jan 2012 19:21:51,515 DEBUG fUML.Debug [receiveOffer] Firing.
15 Jan 2012 19:21:51,515 DEBUG fUML.Debug [_endIsolation] End isolation.
15 Jan 2012 19:21:51,515 DEBUG fUML.Debug [fire] Output activity parameter node Param(TimeResult)...
15 Jan 2012 19:21:51,515 DEBUG fUML.Debug [addToken] node = Param(TimeResult)
15 Jan 2012 19:21:51,515 DEBUG fUML.Debug [removeToken] node = Times.result
15 Jan 2012 19:21:51,515 DEBUG fUML.Debug [addToken] node = Call(Times)
15 Jan 2012 19:21:51,515 DEBUG fUML.Debug [_beginIsolation] Begin isolation.
15 Jan 2012 19:21:51,515 DEBUG fUML.Debug [receiveOffer] Firing.
15 Jan 2012 19:21:51,515 DEBUG fUML.Debug [_endIsolation] End isolation.
15 Jan 2012 19:21:51,515 DEBUG fUML.Debug [fire] Anonymous fork node.
15 Jan 2012 19:21:51,515 DEBUG fUML.Debug [addToken] ...
15 Jan 2012 19:21:51,515 DEBUG fUML.Debug [receiveOffer] node = Call(Div)
15 Jan 2012 19:21:51,515 DEBUG fUML.Debug [_beginIsolation] Begin isolation.
15 Jan 2012 19:21:51,515 DEBUG fUML.Debug [_endIsolation] End isolation.
15 Jan 2012 19:21:51,515 DEBUG fUML.Debug [fire] Checking if Call(Times) should fire again...
15 Jan 2012 19:21:51,515 DEBUG fUML.Debug [_beginIsolation] Begin isolation.
15 Jan 2012 19:21:51,515 DEBUG fUML.Debug [_endIsolation] End isolation.
15 Jan 2012 19:21:51,515 DEBUG fUML.Debug [fire] Checking if Call(Minus) should fire again...
15 Jan 2012 19:21:51,515 DEBUG fUML.Debug [_beginIsolation] Begin isolation.
15 Jan 2012 19:21:51,515 DEBUG fUML.Debug [_endIsolation] End isolation.
15 Jan 2012 19:21:51,515 DEBUG fUML.Debug [fire] Checking if Call(Plus) should fire again...
15 Jan 2012 19:21:51,515 DEBUG fUML.Debug [_beginIsolation] Begin isolation.
15 Jan 2012 19:21:51,515 DEBUG fUML.Debug [_endIsolation] End isolation.
15 Jan 2012 19:21:51,515 DEBUG fUML.Debug [receiveOffer] node = Call(Div)
15 Jan 2012 19:21:51,515 DEBUG fUML.Debug [_beginIsolation] Begin isolation.
15 Jan 2012 19:21:51,515 DEBUG fUML.Debug [receiveOffer] Firing.
15 Jan 2012 19:21:51,515 DEBUG fUML.Debug [removeToken] node = Call(Times)
15 Jan 2012 19:21:51,515 DEBUG fUML.Debug [removeToken] ...
15 Jan 2012 19:21:51,515 DEBUG fUML.Debug [fire] Pin Div.x...
15 Jan 2012 19:21:51,515 DEBUG fUML.Debug [addToken] node = Div.x
15 Jan 2012 19:21:51,515 DEBUG fUML.Debug [fire] Pin Div.y...
15 Jan 2012 19:21:51,515 DEBUG fUML.Debug [addToken] node = Div.y
15 Jan 2012 19:21:51,515 DEBUG fUML.Debug [_endIsolation] End isolation.
15 Jan 2012 19:21:51,515 DEBUG fUML.Debug [fire] Action Call(Div)...
15 Jan 2012 19:21:51,515 INFO  fUML.Debug Fire activity=TestIntegerFunctions action=Call(Div)
15 Jan 2012 19:21:51,515 DEBUG fUML.Debug [takeTokens] node = Call(Div), pin = Div.x
15 Jan 2012 19:21:51,515 DEBUG fUML.Debug [removeToken] node = Div.x
15 Jan 2012 19:21:51,515 DEBUG fUML.Debug [takeTokens] node = Call(Div), pin = Div.y
15 Jan 2012 19:21:51,515 DEBUG fUML.Debug [removeToken] node = Div.y
15 Jan 2012 19:21:51,515 DEBUG fUML.Debug [execute] Opaque behavior Div...
15 Jan 2012 19:21:51,515 DEBUG fUML.Debug [doBody] argument = 3
15 Jan 2012 19:21:51,515 DEBUG fUML.Debug [doBody] argument = 2
15 Jan 2012 19:21:51,515 DEBUG fUML.Debug [doBody] Integer Divide result = 1
15 Jan 2012 19:21:51,515 DEBUG fUML.Debug [putToken] node = Call(Div)
15 Jan 2012 19:21:51,515 DEBUG fUML.Debug [addToken] node = Div.result
15 Jan 2012 19:21:51,515 DEBUG fUML.Debug [destroy] object = org.modeldriven.fuml.library.integerfunctions.IntegerDivideFunctionBehaviorExecution@63dc28
15 Jan 2012 19:21:51,515 DEBUG fUML.Debug [receiveOffer] node = Param(DivResult)
15 Jan 2012 19:21:51,515 DEBUG fUML.Debug [_beginIsolation] Begin isolation.
15 Jan 2012 19:21:51,515 DEBUG fUML.Debug [receiveOffer] Firing.
15 Jan 2012 19:21:51,515 DEBUG fUML.Debug [_endIsolation] End isolation.
15 Jan 2012 19:21:51,515 DEBUG fUML.Debug [fire] Output activity parameter node Param(DivResult)...
15 Jan 2012 19:21:51,515 DEBUG fUML.Debug [addToken] node = Param(DivResult)
15 Jan 2012 19:21:51,515 DEBUG fUML.Debug [removeToken] node = Div.result
15 Jan 2012 19:21:51,515 DEBUG fUML.Debug [addToken] node = Call(Div)
15 Jan 2012 19:21:51,515 DEBUG fUML.Debug [_beginIsolation] Begin isolation.
15 Jan 2012 19:21:51,515 DEBUG fUML.Debug [receiveOffer] Firing.
15 Jan 2012 19:21:51,515 DEBUG fUML.Debug [_endIsolation] End isolation.
15 Jan 2012 19:21:51,515 DEBUG fUML.Debug [fire] Anonymous fork node.
15 Jan 2012 19:21:51,515 DEBUG fUML.Debug [addToken] ...
15 Jan 2012 19:21:51,515 DEBUG fUML.Debug [receiveOffer] node = Call(Mod)
15 Jan 2012 19:21:51,515 DEBUG fUML.Debug [_beginIsolation] Begin isolation.
15 Jan 2012 19:21:51,515 DEBUG fUML.Debug [_endIsolation] End isolation.
15 Jan 2012 19:21:51,515 DEBUG fUML.Debug [fire] Checking if Call(Div) should fire again...
15 Jan 2012 19:21:51,515 DEBUG fUML.Debug [_beginIsolation] Begin isolation.
15 Jan 2012 19:21:51,515 DEBUG fUML.Debug [_endIsolation] End isolation.
15 Jan 2012 19:21:51,515 DEBUG fUML.Debug [receiveOffer] node = Call(Max)
15 Jan 2012 19:21:51,515 DEBUG fUML.Debug [_beginIsolation] Begin isolation.
15 Jan 2012 19:21:51,515 DEBUG fUML.Debug [_endIsolation] End isolation.
15 Jan 2012 19:21:51,515 DEBUG fUML.Debug [receiveOffer] node = Call(Mod)
15 Jan 2012 19:21:51,515 DEBUG fUML.Debug [_beginIsolation] Begin isolation.
15 Jan 2012 19:21:51,515 DEBUG fUML.Debug [receiveOffer] Firing.
15 Jan 2012 19:21:51,515 DEBUG fUML.Debug [removeToken] node = Call(Div)
15 Jan 2012 19:21:51,515 DEBUG fUML.Debug [removeToken] ...
15 Jan 2012 19:21:51,515 DEBUG fUML.Debug [fire] Pin Mod.x...
15 Jan 2012 19:21:51,515 DEBUG fUML.Debug [addToken] node = Mod.x
15 Jan 2012 19:21:51,515 DEBUG fUML.Debug [fire] Pin Mod.y...
15 Jan 2012 19:21:51,515 DEBUG fUML.Debug [addToken] node = Mod.y
15 Jan 2012 19:21:51,515 DEBUG fUML.Debug [_endIsolation] End isolation.
15 Jan 2012 19:21:51,515 DEBUG fUML.Debug [fire] Action Call(Mod)...
15 Jan 2012 19:21:51,515 INFO  fUML.Debug Fire activity=TestIntegerFunctions action=Call(Mod)
15 Jan 2012 19:21:51,515 DEBUG fUML.Debug [takeTokens] node = Call(Mod), pin = Mod.x
15 Jan 2012 19:21:51,515 DEBUG fUML.Debug [removeToken] node = Mod.x
15 Jan 2012 19:21:51,515 DEBUG fUML.Debug [takeTokens] node = Call(Mod), pin = Mod.y
15 Jan 2012 19:21:51,515 DEBUG fUML.Debug [removeToken] node = Mod.y
15 Jan 2012 19:21:51,515 DEBUG fUML.Debug [execute] Opaque behavior Mod...
15 Jan 2012 19:21:51,515 DEBUG fUML.Debug [doBody] argument = 3
15 Jan 2012 19:21:51,515 DEBUG fUML.Debug [doBody] argument = 2
15 Jan 2012 19:21:51,515 DEBUG fUML.Debug [doBody] Integer Modulo result = 1
15 Jan 2012 19:21:51,515 DEBUG fUML.Debug [putToken] node = Call(Mod)
15 Jan 2012 19:21:51,515 DEBUG fUML.Debug [addToken] node = Mod.result
15 Jan 2012 19:21:51,515 DEBUG fUML.Debug [destroy] object = org.modeldriven.fuml.library.integerfunctions.IntegerModFunctionBehaviorExecution@ae511
15 Jan 2012 19:21:51,515 DEBUG fUML.Debug [receiveOffer] node = Param(ModResult)
15 Jan 2012 19:21:51,515 DEBUG fUML.Debug [_beginIsolation] Begin isolation.
15 Jan 2012 19:21:51,515 DEBUG fUML.Debug [receiveOffer] Firing.
15 Jan 2012 19:21:51,515 DEBUG fUML.Debug [_endIsolation] End isolation.
15 Jan 2012 19:21:51,515 DEBUG fUML.Debug [fire] Output activity parameter node Param(ModResult)...
15 Jan 2012 19:21:51,515 DEBUG fUML.Debug [addToken] node = Param(ModResult)
15 Jan 2012 19:21:51,515 DEBUG fUML.Debug [removeToken] node = Mod.result
15 Jan 2012 19:21:51,515 DEBUG fUML.Debug [addToken] node = Call(Mod)
15 Jan 2012 19:21:51,515 DEBUG fUML.Debug [_beginIsolation] Begin isolation.
15 Jan 2012 19:21:51,515 DEBUG fUML.Debug [receiveOffer] Firing.
15 Jan 2012 19:21:51,515 DEBUG fUML.Debug [_endIsolation] End isolation.
15 Jan 2012 19:21:51,515 DEBUG fUML.Debug [fire] Anonymous fork node.
15 Jan 2012 19:21:51,515 DEBUG fUML.Debug [addToken] ...
15 Jan 2012 19:21:51,515 DEBUG fUML.Debug [receiveOffer] node = Call(Max)
15 Jan 2012 19:21:51,515 DEBUG fUML.Debug [_beginIsolation] Begin isolation.
15 Jan 2012 19:21:51,515 DEBUG fUML.Debug [receiveOffer] Firing.
15 Jan 2012 19:21:51,515 DEBUG fUML.Debug [removeToken] node = Call(Mod)
15 Jan 2012 19:21:51,515 DEBUG fUML.Debug [removeToken] ...
15 Jan 2012 19:21:51,515 DEBUG fUML.Debug [fire] Pin Max.x...
15 Jan 2012 19:21:51,515 DEBUG fUML.Debug [addToken] node = Max.x
15 Jan 2012 19:21:51,515 DEBUG fUML.Debug [fire] Pin Max.y...
15 Jan 2012 19:21:51,515 DEBUG fUML.Debug [addToken] node = Max.y
15 Jan 2012 19:21:51,515 DEBUG fUML.Debug [_endIsolation] End isolation.
15 Jan 2012 19:21:51,515 DEBUG fUML.Debug [fire] Action Call(Max)...
15 Jan 2012 19:21:51,515 INFO  fUML.Debug Fire activity=TestIntegerFunctions action=Call(Max)
15 Jan 2012 19:21:51,515 DEBUG fUML.Debug [takeTokens] node = Call(Max), pin = Max.x
15 Jan 2012 19:21:51,515 DEBUG fUML.Debug [removeToken] node = Max.x
15 Jan 2012 19:21:51,515 DEBUG fUML.Debug [takeTokens] node = Call(Max), pin = Max.y
15 Jan 2012 19:21:51,515 DEBUG fUML.Debug [removeToken] node = Max.y
15 Jan 2012 19:21:51,515 DEBUG fUML.Debug [execute] Opaque behavior Max...
15 Jan 2012 19:21:51,515 DEBUG fUML.Debug [doBody] argument = 3
15 Jan 2012 19:21:51,515 DEBUG fUML.Debug [doBody] argument = 2
15 Jan 2012 19:21:51,515 DEBUG fUML.Debug [doBody] Integer Max result = 3
15 Jan 2012 19:21:51,515 DEBUG fUML.Debug [putToken] node = Call(Max)
15 Jan 2012 19:21:51,515 DEBUG fUML.Debug [addToken] node = Max.result
15 Jan 2012 19:21:51,515 DEBUG fUML.Debug [destroy] object = org.modeldriven.fuml.library.integerfunctions.IntegerMaxFunctionBehaviorExecution@144dff0
15 Jan 2012 19:21:51,515 DEBUG fUML.Debug [receiveOffer] node = Param(MaxResult)
15 Jan 2012 19:21:51,515 DEBUG fUML.Debug [_beginIsolation] Begin isolation.
15 Jan 2012 19:21:51,515 DEBUG fUML.Debug [receiveOffer] Firing.
15 Jan 2012 19:21:51,515 DEBUG fUML.Debug [_endIsolation] End isolation.
15 Jan 2012 19:21:51,515 DEBUG fUML.Debug [fire] Output activity parameter node Param(MaxResult)...
15 Jan 2012 19:21:51,515 DEBUG fUML.Debug [addToken] node = Param(MaxResult)
15 Jan 2012 19:21:51,515 DEBUG fUML.Debug [removeToken] node = Max.result
15 Jan 2012 19:21:51,515 DEBUG fUML.Debug [addToken] node = Call(Max)
15 Jan 2012 19:21:51,515 DEBUG fUML.Debug [_beginIsolation] Begin isolation.
15 Jan 2012 19:21:51,515 DEBUG fUML.Debug [receiveOffer] Firing.
15 Jan 2012 19:21:51,515 DEBUG fUML.Debug [_endIsolation] End isolation.
15 Jan 2012 19:21:51,515 DEBUG fUML.Debug [fire] Anonymous fork node.
15 Jan 2012 19:21:51,515 DEBUG fUML.Debug [addToken] ...
15 Jan 2012 19:21:51,515 DEBUG fUML.Debug [receiveOffer] node = Call(Min)
15 Jan 2012 19:21:51,515 DEBUG fUML.Debug [_beginIsolation] Begin isolation.
15 Jan 2012 19:21:51,515 DEBUG fUML.Debug [_endIsolation] End isolation.
15 Jan 2012 19:21:51,515 DEBUG fUML.Debug [fire] Checking if Call(Max) should fire again...
15 Jan 2012 19:21:51,515 DEBUG fUML.Debug [_beginIsolation] Begin isolation.
15 Jan 2012 19:21:51,515 DEBUG fUML.Debug [_endIsolation] End isolation.
15 Jan 2012 19:21:51,515 DEBUG fUML.Debug [fire] Checking if Call(Mod) should fire again...
15 Jan 2012 19:21:51,515 DEBUG fUML.Debug [_beginIsolation] Begin isolation.
15 Jan 2012 19:21:51,515 DEBUG fUML.Debug [_endIsolation] End isolation.
15 Jan 2012 19:21:51,515 DEBUG fUML.Debug [receiveOffer] node = Call(Min)
15 Jan 2012 19:21:51,515 DEBUG fUML.Debug [_beginIsolation] Begin isolation.
15 Jan 2012 19:21:51,515 DEBUG fUML.Debug [receiveOffer] Firing.
15 Jan 2012 19:21:51,531 DEBUG fUML.Debug [removeToken] node = Call(Max)
15 Jan 2012 19:21:51,531 DEBUG fUML.Debug [removeToken] ...
15 Jan 2012 19:21:51,531 DEBUG fUML.Debug [fire] Pin Min.x...
15 Jan 2012 19:21:51,531 DEBUG fUML.Debug [addToken] node = Min.x
15 Jan 2012 19:21:51,531 DEBUG fUML.Debug [removeToken] node = Fork(3)
15 Jan 2012 19:21:51,531 DEBUG fUML.Debug [fire] Pin Min.y...
15 Jan 2012 19:21:51,531 DEBUG fUML.Debug [addToken] node = Min.y
15 Jan 2012 19:21:51,531 DEBUG fUML.Debug [removeToken] node = Fork(2)
15 Jan 2012 19:21:51,531 DEBUG fUML.Debug [_endIsolation] End isolation.
15 Jan 2012 19:21:51,531 DEBUG fUML.Debug [fire] Action Call(Min)...
15 Jan 2012 19:21:51,531 INFO  fUML.Debug Fire activity=TestIntegerFunctions action=Call(Min)
15 Jan 2012 19:21:51,531 DEBUG fUML.Debug [takeTokens] node = Call(Min), pin = Min.x
15 Jan 2012 19:21:51,531 DEBUG fUML.Debug [removeToken] node = Min.x
15 Jan 2012 19:21:51,531 DEBUG fUML.Debug [takeTokens] node = Call(Min), pin = Min.y
15 Jan 2012 19:21:51,531 DEBUG fUML.Debug [removeToken] node = Min.y
15 Jan 2012 19:21:51,531 DEBUG fUML.Debug [execute] Opaque behavior Min...
15 Jan 2012 19:21:51,531 DEBUG fUML.Debug [doBody] argument = 3
15 Jan 2012 19:21:51,531 DEBUG fUML.Debug [doBody] argument = 2
15 Jan 2012 19:21:51,531 DEBUG fUML.Debug [doBody] Integer Min result = 2
15 Jan 2012 19:21:51,531 DEBUG fUML.Debug [putToken] node = Call(Min)
15 Jan 2012 19:21:51,531 DEBUG fUML.Debug [addToken] node = Min.result
15 Jan 2012 19:21:51,531 DEBUG fUML.Debug [destroy] object = org.modeldriven.fuml.library.integerfunctions.IntegerMinFunctionBehaviorExecution@aea944
15 Jan 2012 19:21:51,531 DEBUG fUML.Debug [receiveOffer] node = Param(MinResult)
15 Jan 2012 19:21:51,531 DEBUG fUML.Debug [_beginIsolation] Begin isolation.
15 Jan 2012 19:21:51,531 DEBUG fUML.Debug [receiveOffer] Firing.
15 Jan 2012 19:21:51,531 DEBUG fUML.Debug [_endIsolation] End isolation.
15 Jan 2012 19:21:51,531 DEBUG fUML.Debug [fire] Output activity parameter node Param(MinResult)...
15 Jan 2012 19:21:51,531 DEBUG fUML.Debug [addToken] node = Param(MinResult)
15 Jan 2012 19:21:51,531 DEBUG fUML.Debug [removeToken] node = Min.result
15 Jan 2012 19:21:51,531 DEBUG fUML.Debug [addToken] node = Call(Min)
15 Jan 2012 19:21:51,531 DEBUG fUML.Debug [_beginIsolation] Begin isolation.
15 Jan 2012 19:21:51,531 DEBUG fUML.Debug [receiveOffer] Firing.
15 Jan 2012 19:21:51,531 DEBUG fUML.Debug [_endIsolation] End isolation.
15 Jan 2012 19:21:51,531 DEBUG fUML.Debug [fire] Anonymous fork node.
15 Jan 2012 19:21:51,531 DEBUG fUML.Debug [addToken] ...
15 Jan 2012 19:21:51,531 DEBUG fUML.Debug [receiveOffer] node = Call(Abs)
15 Jan 2012 19:21:51,531 DEBUG fUML.Debug [_beginIsolation] Begin isolation.
15 Jan 2012 19:21:51,531 DEBUG fUML.Debug [_endIsolation] End isolation.
15 Jan 2012 19:21:51,531 DEBUG fUML.Debug [fire] Checking if Call(Min) should fire again...
15 Jan 2012 19:21:51,531 DEBUG fUML.Debug [_beginIsolation] Begin isolation.
15 Jan 2012 19:21:51,531 DEBUG fUML.Debug [_endIsolation] End isolation.
15 Jan 2012 19:21:51,531 DEBUG fUML.Debug [fire] Checking if Value(2) should fire again...
15 Jan 2012 19:21:51,531 DEBUG fUML.Debug [_beginIsolation] Begin isolation.
15 Jan 2012 19:21:51,531 DEBUG fUML.Debug [_endIsolation] End isolation.
15 Jan 2012 19:21:51,531 DEBUG fUML.Debug [run] Sending offer to node Value(-2).
15 Jan 2012 19:21:51,531 DEBUG fUML.Debug [receiveOffer] node = Value(-2)
15 Jan 2012 19:21:51,531 DEBUG fUML.Debug [_beginIsolation] Begin isolation.
15 Jan 2012 19:21:51,531 DEBUG fUML.Debug [receiveOffer] Firing.
15 Jan 2012 19:21:51,531 DEBUG fUML.Debug [_endIsolation] End isolation.
15 Jan 2012 19:21:51,531 DEBUG fUML.Debug [fire] Action Value(-2)...
15 Jan 2012 19:21:51,531 INFO  fUML.Debug Fire activity=TestIntegerFunctions action=Value(-2)
15 Jan 2012 19:21:51,531 DEBUG fUML.Debug [putToken] node = Value(-2)
15 Jan 2012 19:21:51,531 DEBUG fUML.Debug [addToken] node = Value(-2).result
15 Jan 2012 19:21:51,531 DEBUG fUML.Debug [receiveOffer] node = Call(Abs)
15 Jan 2012 19:21:51,531 DEBUG fUML.Debug [_beginIsolation] Begin isolation.
15 Jan 2012 19:21:51,531 DEBUG fUML.Debug [receiveOffer] Firing.
15 Jan 2012 19:21:51,531 DEBUG fUML.Debug [removeToken] node = Call(Min)
15 Jan 2012 19:21:51,531 DEBUG fUML.Debug [removeToken] ...
15 Jan 2012 19:21:51,531 DEBUG fUML.Debug [fire] Pin Abs.x...
15 Jan 2012 19:21:51,531 DEBUG fUML.Debug [addToken] node = Abs.x
15 Jan 2012 19:21:51,531 DEBUG fUML.Debug [removeToken] node = Value(-2).result
15 Jan 2012 19:21:51,531 DEBUG fUML.Debug [_endIsolation] End isolation.
15 Jan 2012 19:21:51,531 DEBUG fUML.Debug [fire] Action Call(Abs)...
15 Jan 2012 19:21:51,531 INFO  fUML.Debug Fire activity=TestIntegerFunctions action=Call(Abs)
15 Jan 2012 19:21:51,531 DEBUG fUML.Debug [takeTokens] node = Call(Abs), pin = Abs.x
15 Jan 2012 19:21:51,531 DEBUG fUML.Debug [removeToken] node = Abs.x
15 Jan 2012 19:21:51,531 DEBUG fUML.Debug [execute] Opaque behavior Abs...
15 Jan 2012 19:21:51,531 DEBUG fUML.Debug [doBody] argument = -2
15 Jan 2012 19:21:51,531 DEBUG fUML.Debug [doBody] Integer Abs result = 2
15 Jan 2012 19:21:51,531 DEBUG fUML.Debug [putToken] node = Call(Abs)
15 Jan 2012 19:21:51,531 DEBUG fUML.Debug [addToken] node = Abs.result
15 Jan 2012 19:21:51,531 DEBUG fUML.Debug [destroy] object = org.modeldriven.fuml.library.integerfunctions.IntegerAbsFunctionBehaviorExecution@eae613
15 Jan 2012 19:21:51,531 DEBUG fUML.Debug [receiveOffer] node = Call(AbsResult)
15 Jan 2012 19:21:51,531 DEBUG fUML.Debug [_beginIsolation] Begin isolation.
15 Jan 2012 19:21:51,531 DEBUG fUML.Debug [receiveOffer] Firing.
15 Jan 2012 19:21:51,531 DEBUG fUML.Debug [_endIsolation] End isolation.
15 Jan 2012 19:21:51,531 DEBUG fUML.Debug [fire] Output activity parameter node Call(AbsResult)...
15 Jan 2012 19:21:51,531 DEBUG fUML.Debug [addToken] node = Call(AbsResult)
15 Jan 2012 19:21:51,531 DEBUG fUML.Debug [removeToken] node = Abs.result
15 Jan 2012 19:21:51,531 DEBUG fUML.Debug [fire] Checking if Call(Abs) should fire again...
15 Jan 2012 19:21:51,531 DEBUG fUML.Debug [_beginIsolation] Begin isolation.
15 Jan 2012 19:21:51,531 DEBUG fUML.Debug [_endIsolation] End isolation.
15 Jan 2012 19:21:51,531 DEBUG fUML.Debug [fire] Checking if Value(-2) should fire again...
15 Jan 2012 19:21:51,531 DEBUG fUML.Debug [_beginIsolation] Begin isolation.
15 Jan 2012 19:21:51,531 DEBUG fUML.Debug [_endIsolation] End isolation.
15 Jan 2012 19:21:51,531 INFO  fUML.Debug Output activity=TestIntegerFunctions parameter=NegResult value=-3
15 Jan 2012 19:21:51,531 INFO  fUML.Debug Output activity=TestIntegerFunctions parameter=PlusResult value=5
15 Jan 2012 19:21:51,531 INFO  fUML.Debug Output activity=TestIntegerFunctions parameter=MinusResult value=5
15 Jan 2012 19:21:51,531 INFO  fUML.Debug Output activity=TestIntegerFunctions parameter=TimesResult value=6
15 Jan 2012 19:21:51,531 INFO  fUML.Debug Output activity=TestIntegerFunctions parameter=DivResult value=1
15 Jan 2012 19:21:51,531 INFO  fUML.Debug Output activity=TestIntegerFunctions parameter=MaxResult value=3
15 Jan 2012 19:21:51,531 INFO  fUML.Debug Output activity=TestIntegerFunctions parameter=ModResult value=1
15 Jan 2012 19:21:51,531 INFO  fUML.Debug Output activity=TestIntegerFunctions parameter=MinResult value=2
15 Jan 2012 19:21:51,531 INFO  fUML.Debug Output activity=TestIntegerFunctions parameter=AbsResult value=2
15 Jan 2012 19:21:51,531 DEBUG fUML.Debug [execute] Activity TestIntegerFunctions completed.
15 Jan 2012 19:21:51,531 DEBUG fUML.Debug [destroy] object = org.modeldriven.fuml.environment.ActivityExecution@1a7234f
[execute] output parameter 'NegResult' has 1 value(s)
[execute] value [0] = -3
[execute] output parameter 'PlusResult' has 1 value(s)
[execute] value [0] = 5
[execute] output parameter 'MinusResult' has 1 value(s)
[execute] value [0] = 5
[execute] output parameter 'TimesResult' has 1 value(s)
[execute] value [0] = 6
[execute] output parameter 'DivResult' has 1 value(s)
[execute] value [0] = 1
[execute] output parameter 'MaxResult' has 1 value(s)
[execute] value [0] = 3
[execute] output parameter 'ModResult' has 1 value(s)
[execute] value [0] = 1
[execute] output parameter 'MinResult' has 1 value(s)
[execute] value [0] = 2
[execute] output parameter 'AbsResult' has 1 value(s)
[execute] value [0] = 2
15 Jan 2012 19:21:51,531 INFO  library.ExternalReferenceTestCase done
]]></system-out>
  <system-err><![CDATA[]]></system-err>
</testsuite>
